[0.712s] DEBUG:colcon:Command line arguments: ['/usr/bin/colcon', 'build']
[0.713s] DEBUG:colcon:Parsed command line arguments: Namespace(allow_overriding=[], ament_cmake_args=None, base_paths=['.'], build_base='build', catkin_cmake_args=None, catkin_skip_building_tests=False, cmake_args=None, cmake_clean_cache=False, cmake_clean_first=False, cmake_force_configure=False, cmake_target=None, cmake_target_skip_unavailable=False, continue_on_error=False, event_handlers=None, executor='parallel', ignore_user_meta=False, install_base='install', log_base=None, log_level=None, main=<bound method BuildVerb.main of <colcon_core.verb.build.BuildVerb object at 0xffff9b2a3280>>, merge_install=False, metas=['./colcon.meta'], packages_above=None, packages_above_and_dependencies=None, packages_above_depth=None, packages_end=None, packages_ignore=None, packages_ignore_regex=None, packages_select=None, packages_select_build_failed=False, packages_select_by_dep=None, packages_select_regex=None, packages_select_test_failures=False, packages_skip=None, packages_skip_build_finished=False, packages_skip_by_dep=None, packages_skip_regex=None, packages_skip_test_passed=False, packages_skip_up_to=None, packages_start=None, packages_up_to=None, packages_up_to_regex=None, parallel_workers=12, paths=None, symlink_install=False, test_result_base=None, verb_extension=<colcon_core.verb.build.BuildVerb object at 0xffff9b2a3280>, verb_name='build', verb_parser=<colcon_defaults.argument_parser.defaults.DefaultArgumentsDecorator object at 0xffff9b2a37c0>)
[0.774s] Level 1:colcon.colcon_core.package_discovery:discover_packages(colcon_meta) check parameters
[0.775s] Level 1:colcon.colcon_core.package_discovery:discover_packages(recursive) check parameters
[0.775s] Level 1:colcon.colcon_core.package_discovery:discover_packages(ignore) check parameters
[0.775s] Level 1:colcon.colcon_core.package_discovery:discover_packages(path) check parameters
[0.775s] Level 1:colcon.colcon_core.package_discovery:discover_packages(colcon_meta) discover
[0.775s] Level 1:colcon.colcon_core.package_discovery:discover_packages(recursive) discover
[0.775s] INFO:colcon.colcon_core.package_discovery:Crawling recursively for packages in '/home/lehighur/ros2_ws/src'
[0.776s] Level 1:colcon.colcon_core.package_identification:_identify(.) by extensions ['ignore', 'ignore_ament_install']
[0.776s] Level 1:colcon.colcon_core.package_identification:_identify(.) by extension 'ignore'
[0.776s] Level 1:colcon.colcon_core.package_identification:_identify(.) by extension 'ignore_ament_install'
[0.776s] Level 1:colcon.colcon_core.package_identification:_identify(.) by extensions ['colcon_pkg']
[0.776s] Level 1:colcon.colcon_core.package_identification:_identify(.) by extension 'colcon_pkg'
[0.776s] Level 1:colcon.colcon_core.package_identification:_identify(.) by extensions ['colcon_meta']
[0.776s] Level 1:colcon.colcon_core.package_identification:_identify(.) by extension 'colcon_meta'
[0.776s] Level 1:colcon.colcon_core.package_identification:_identify(.) by extensions ['ros']
[0.777s] Level 1:colcon.colcon_core.package_identification:_identify(.) by extension 'ros'
[0.845s] Level 1:colcon.colcon_core.package_identification:_identify(.) by extensions ['cmake', 'python']
[0.846s] Level 1:colcon.colcon_core.package_identification:_identify(.) by extension 'cmake'
[0.846s] Level 1:colcon.colcon_core.package_identification:_identify(.) by extension 'python'
[0.846s] Level 1:colcon.colcon_core.package_identification:_identify(.) by extensions ['python_setup_py']
[0.846s] Level 1:colcon.colcon_core.package_identification:_identify(.) by extension 'python_setup_py'
[0.847s] Level 1:colcon.colcon_core.package_identification:_identify(build) by extensions ['ignore', 'ignore_ament_install']
[0.847s] Level 1:colcon.colcon_core.package_identification:_identify(build) by extension 'ignore'
[0.847s] Level 1:colcon.colcon_core.package_identification:_identify(build) ignored
[0.847s] Level 1:colcon.colcon_core.package_identification:_identify(install) by extensions ['ignore', 'ignore_ament_install']
[0.848s] Level 1:colcon.colcon_core.package_identification:_identify(install) by extension 'ignore'
[0.848s] Level 1:colcon.colcon_core.package_identification:_identify(install) ignored
[0.848s] Level 1:colcon.colcon_core.package_identification:_identify(log) by extensions ['ignore', 'ignore_ament_install']
[0.848s] Level 1:colcon.colcon_core.package_identification:_identify(log) by extension 'ignore'
[0.848s] Level 1:colcon.colcon_core.package_identification:_identify(log) ignored
[0.848s] Level 1:colcon.colcon_core.package_identification:_identify(object_detection) by extensions ['ignore', 'ignore_ament_install']
[0.849s] Level 1:colcon.colcon_core.package_identification:_identify(object_detection) by extension 'ignore'
[0.849s] Level 1:colcon.colcon_core.package_identification:_identify(object_detection) by extension 'ignore_ament_install'
[0.849s] Level 1:colcon.colcon_core.package_identification:_identify(object_detection) by extensions ['colcon_pkg']
[0.849s] Level 1:colcon.colcon_core.package_identification:_identify(object_detection) by extension 'colcon_pkg'
[0.849s] Level 1:colcon.colcon_core.package_identification:_identify(object_detection) by extensions ['colcon_meta']
[0.849s] Level 1:colcon.colcon_core.package_identification:_identify(object_detection) by extension 'colcon_meta'
[0.849s] Level 1:colcon.colcon_core.package_identification:_identify(object_detection) by extensions ['ros']
[0.849s] Level 1:colcon.colcon_core.package_identification:_identify(object_detection) by extension 'ros'
[0.857s] DEBUG:colcon.colcon_core.package_identification:Package 'object_detection' with type 'ros.ament_python' and name 'object_detection'
[0.857s] Level 1:colcon.colcon_core.package_identification:_identify(usb_cam) by extensions ['ignore', 'ignore_ament_install']
[0.857s] Level 1:colcon.colcon_core.package_identification:_identify(usb_cam) by extension 'ignore'
[0.857s] Level 1:colcon.colcon_core.package_identification:_identify(usb_cam) by extension 'ignore_ament_install'
[0.858s] Level 1:colcon.colcon_core.package_identification:_identify(usb_cam) by extensions ['colcon_pkg']
[0.858s] Level 1:colcon.colcon_core.package_identification:_identify(usb_cam) by extension 'colcon_pkg'
[0.858s] Level 1:colcon.colcon_core.package_identification:_identify(usb_cam) by extensions ['colcon_meta']
[0.858s] Level 1:colcon.colcon_core.package_identification:_identify(usb_cam) by extension 'colcon_meta'
[0.858s] Level 1:colcon.colcon_core.package_identification:_identify(usb_cam) by extensions ['ros']
[0.858s] Level 1:colcon.colcon_core.package_identification:_identify(usb_cam) by extension 'ros'
[0.861s] DEBUG:colcon.colcon_core.package_identification:Package 'usb_cam' with type 'ros.ament_cmake' and name 'usb_cam'
[0.862s] Level 1:colcon.colcon_core.package_identification:_identify(vision_msgs) by extensions ['ignore', 'ignore_ament_install']
[0.862s] Level 1:colcon.colcon_core.package_identification:_identify(vision_msgs) by extension 'ignore'
[0.862s] Level 1:colcon.colcon_core.package_identification:_identify(vision_msgs) by extension 'ignore_ament_install'
[0.862s] Level 1:colcon.colcon_core.package_identification:_identify(vision_msgs) by extensions ['colcon_pkg']
[0.862s] Level 1:colcon.colcon_core.package_identification:_identify(vision_msgs) by extension 'colcon_pkg'
[0.862s] Level 1:colcon.colcon_core.package_identification:_identify(vision_msgs) by extensions ['colcon_meta']
[0.862s] Level 1:colcon.colcon_core.package_identification:_identify(vision_msgs) by extension 'colcon_meta'
[0.863s] Level 1:colcon.colcon_core.package_identification:_identify(vision_msgs) by extensions ['ros']
[0.863s] Level 1:colcon.colcon_core.package_identification:_identify(vision_msgs) by extension 'ros'
[0.864s] DEBUG:colcon.colcon_core.package_identification:Package 'vision_msgs' with type 'ros.ament_cmake' and name 'vision_msgs'
[0.864s] Level 1:colcon.colcon_core.package_identification:_identify(yolov8_ros) by extensions ['ignore', 'ignore_ament_install']
[0.865s] Level 1:colcon.colcon_core.package_identification:_identify(yolov8_ros) by extension 'ignore'
[0.865s] Level 1:colcon.colcon_core.package_identification:_identify(yolov8_ros) by extension 'ignore_ament_install'
[0.865s] Level 1:colcon.colcon_core.package_identification:_identify(yolov8_ros) by extensions ['colcon_pkg']
[0.865s] Level 1:colcon.colcon_core.package_identification:_identify(yolov8_ros) by extension 'colcon_pkg'
[0.865s] Level 1:colcon.colcon_core.package_identification:_identify(yolov8_ros) by extensions ['colcon_meta']
[0.865s] Level 1:colcon.colcon_core.package_identification:_identify(yolov8_ros) by extension 'colcon_meta'
[0.865s] Level 1:colcon.colcon_core.package_identification:_identify(yolov8_ros) by extensions ['ros']
[0.865s] Level 1:colcon.colcon_core.package_identification:_identify(yolov8_ros) by extension 'ros'
[0.866s] Level 1:colcon.colcon_core.package_identification:_identify(yolov8_ros) by extensions ['cmake', 'python']
[0.866s] Level 1:colcon.colcon_core.package_identification:_identify(yolov8_ros) by extension 'cmake'
[0.866s] Level 1:colcon.colcon_core.package_identification:_identify(yolov8_ros) by extension 'python'
[0.866s] Level 1:colcon.colcon_core.package_identification:_identify(yolov8_ros) by extensions ['python_setup_py']
[0.866s] Level 1:colcon.colcon_core.package_identification:_identify(yolov8_ros) by extension 'python_setup_py'
[0.866s] Level 1:colcon.colcon_core.package_identification:_identify(yolov8_ros/yolov8_bringup) by extensions ['ignore', 'ignore_ament_install']
[0.866s] Level 1:colcon.colcon_core.package_identification:_identify(yolov8_ros/yolov8_bringup) by extension 'ignore'
[0.867s] Level 1:colcon.colcon_core.package_identification:_identify(yolov8_ros/yolov8_bringup) by extension 'ignore_ament_install'
[0.867s] Level 1:colcon.colcon_core.package_identification:_identify(yolov8_ros/yolov8_bringup) by extensions ['colcon_pkg']
[0.867s] Level 1:colcon.colcon_core.package_identification:_identify(yolov8_ros/yolov8_bringup) by extension 'colcon_pkg'
[0.867s] Level 1:colcon.colcon_core.package_identification:_identify(yolov8_ros/yolov8_bringup) by extensions ['colcon_meta']
[0.867s] Level 1:colcon.colcon_core.package_identification:_identify(yolov8_ros/yolov8_bringup) by extension 'colcon_meta'
[0.867s] Level 1:colcon.colcon_core.package_identification:_identify(yolov8_ros/yolov8_bringup) by extensions ['ros']
[0.867s] Level 1:colcon.colcon_core.package_identification:_identify(yolov8_ros/yolov8_bringup) by extension 'ros'
[0.868s] DEBUG:colcon.colcon_core.package_identification:Package 'yolov8_ros/yolov8_bringup' with type 'ros.ament_cmake' and name 'yolov8_bringup'
[0.869s] Level 1:colcon.colcon_core.package_identification:_identify(yolov8_ros/yolov8_ros) by extensions ['ignore', 'ignore_ament_install']
[0.869s] Level 1:colcon.colcon_core.package_identification:_identify(yolov8_ros/yolov8_ros) by extension 'ignore'
[0.869s] Level 1:colcon.colcon_core.package_identification:_identify(yolov8_ros/yolov8_ros) by extension 'ignore_ament_install'
[0.869s] Level 1:colcon.colcon_core.package_identification:_identify(yolov8_ros/yolov8_ros) by extensions ['colcon_pkg']
[0.869s] Level 1:colcon.colcon_core.package_identification:_identify(yolov8_ros/yolov8_ros) by extension 'colcon_pkg'
[0.869s] Level 1:colcon.colcon_core.package_identification:_identify(yolov8_ros/yolov8_ros) by extensions ['colcon_meta']
[0.869s] Level 1:colcon.colcon_core.package_identification:_identify(yolov8_ros/yolov8_ros) by extension 'colcon_meta'
[0.870s] Level 1:colcon.colcon_core.package_identification:_identify(yolov8_ros/yolov8_ros) by extensions ['ros']
[0.870s] Level 1:colcon.colcon_core.package_identification:_identify(yolov8_ros/yolov8_ros) by extension 'ros'
[0.871s] DEBUG:colcon.colcon_core.package_identification:Package 'yolov8_ros/yolov8_ros' with type 'ros.ament_python' and name 'yolov8_ros'
[0.871s] Level 1:colcon.colcon_core.package_discovery:discover_packages(recursive) using defaults
[0.871s] Level 1:colcon.colcon_core.package_discovery:discover_packages(ignore) discover
[0.871s] Level 1:colcon.colcon_core.package_discovery:discover_packages(ignore) using defaults
[0.872s] Level 1:colcon.colcon_core.package_discovery:discover_packages(path) discover
[0.872s] Level 1:colcon.colcon_core.package_discovery:discover_packages(path) using defaults
[0.932s] Level 1:colcon.colcon_core.package_discovery:discover_packages(prefix_path) check parameters
[0.932s] Level 1:colcon.colcon_core.package_discovery:discover_packages(prefix_path) discover
[0.942s] DEBUG:colcon.colcon_installed_package_information.package_discovery:Found 271 installed packages in /opt/ros/foxy
[0.945s] Level 1:colcon.colcon_core.package_discovery:discover_packages(prefix_path) using defaults
[1.122s] Level 5:colcon.colcon_core.verb:set package 'usb_cam' build argument 'cmake_args' from command line to 'None'
[1.122s] Level 5:colcon.colcon_core.verb:set package 'usb_cam' build argument 'cmake_target' from command line to 'None'
[1.122s] Level 5:colcon.colcon_core.verb:set package 'usb_cam' build argument 'cmake_target_skip_unavailable' from command line to 'False'
[1.122s] Level 5:colcon.colcon_core.verb:set package 'usb_cam' build argument 'cmake_clean_cache' from command line to 'False'
[1.122s] Level 5:colcon.colcon_core.verb:set package 'usb_cam' build argument 'cmake_clean_first' from command line to 'False'
[1.123s] Level 5:colcon.colcon_core.verb:set package 'usb_cam' build argument 'cmake_force_configure' from command line to 'False'
[1.123s] Level 5:colcon.colcon_core.verb:set package 'usb_cam' build argument 'ament_cmake_args' from command line to 'None'
[1.123s] Level 5:colcon.colcon_core.verb:set package 'usb_cam' build argument 'catkin_cmake_args' from command line to 'None'
[1.123s] Level 5:colcon.colcon_core.verb:set package 'usb_cam' build argument 'catkin_skip_building_tests' from command line to 'False'
[1.123s] DEBUG:colcon.colcon_core.verb:Building package 'usb_cam' with the following arguments: {'ament_cmake_args': None, 'build_base': '/home/lehighur/ros2_ws/src/build/usb_cam', 'catkin_cmake_args': None, 'catkin_skip_building_tests': False, 'cmake_args': None, 'cmake_clean_cache': False, 'cmake_clean_first': False, 'cmake_force_configure': False, 'cmake_target': None, 'cmake_target_skip_unavailable': False, 'install_base': '/home/lehighur/ros2_ws/src/install/usb_cam', 'merge_install': False, 'path': '/home/lehighur/ros2_ws/src/usb_cam', 'symlink_install': False, 'test_result_base': None}
[1.125s] Level 5:colcon.colcon_core.verb:set package 'vision_msgs' build argument 'cmake_args' from command line to 'None'
[1.125s] Level 5:colcon.colcon_core.verb:set package 'vision_msgs' build argument 'cmake_target' from command line to 'None'
[1.125s] Level 5:colcon.colcon_core.verb:set package 'vision_msgs' build argument 'cmake_target_skip_unavailable' from command line to 'False'
[1.125s] Level 5:colcon.colcon_core.verb:set package 'vision_msgs' build argument 'cmake_clean_cache' from command line to 'False'
[1.125s] Level 5:colcon.colcon_core.verb:set package 'vision_msgs' build argument 'cmake_clean_first' from command line to 'False'
[1.125s] Level 5:colcon.colcon_core.verb:set package 'vision_msgs' build argument 'cmake_force_configure' from command line to 'False'
[1.125s] Level 5:colcon.colcon_core.verb:set package 'vision_msgs' build argument 'ament_cmake_args' from command line to 'None'
[1.125s] Level 5:colcon.colcon_core.verb:set package 'vision_msgs' build argument 'catkin_cmake_args' from command line to 'None'
[1.125s] Level 5:colcon.colcon_core.verb:set package 'vision_msgs' build argument 'catkin_skip_building_tests' from command line to 'False'
[1.126s] DEBUG:colcon.colcon_core.verb:Building package 'vision_msgs' with the following arguments: {'ament_cmake_args': None, 'build_base': '/home/lehighur/ros2_ws/src/build/vision_msgs', 'catkin_cmake_args': None, 'catkin_skip_building_tests': False, 'cmake_args': None, 'cmake_clean_cache': False, 'cmake_clean_first': False, 'cmake_force_configure': False, 'cmake_target': None, 'cmake_target_skip_unavailable': False, 'install_base': '/home/lehighur/ros2_ws/src/install/vision_msgs', 'merge_install': False, 'path': '/home/lehighur/ros2_ws/src/vision_msgs', 'symlink_install': False, 'test_result_base': None}
[1.128s] Level 5:colcon.colcon_core.verb:set package 'object_detection' build argument 'cmake_args' from command line to 'None'
[1.128s] Level 5:colcon.colcon_core.verb:set package 'object_detection' build argument 'cmake_target' from command line to 'None'
[1.128s] Level 5:colcon.colcon_core.verb:set package 'object_detection' build argument 'cmake_target_skip_unavailable' from command line to 'False'
[1.128s] Level 5:colcon.colcon_core.verb:set package 'object_detection' build argument 'cmake_clean_cache' from command line to 'False'
[1.128s] Level 5:colcon.colcon_core.verb:set package 'object_detection' build argument 'cmake_clean_first' from command line to 'False'
[1.128s] Level 5:colcon.colcon_core.verb:set package 'object_detection' build argument 'cmake_force_configure' from command line to 'False'
[1.128s] Level 5:colcon.colcon_core.verb:set package 'object_detection' build argument 'ament_cmake_args' from command line to 'None'
[1.128s] Level 5:colcon.colcon_core.verb:set package 'object_detection' build argument 'catkin_cmake_args' from command line to 'None'
[1.128s] Level 5:colcon.colcon_core.verb:set package 'object_detection' build argument 'catkin_skip_building_tests' from command line to 'False'
[1.128s] DEBUG:colcon.colcon_core.verb:Building package 'object_detection' with the following arguments: {'ament_cmake_args': None, 'build_base': '/home/lehighur/ros2_ws/src/build/object_detection', 'catkin_cmake_args': None, 'catkin_skip_building_tests': False, 'cmake_args': None, 'cmake_clean_cache': False, 'cmake_clean_first': False, 'cmake_force_configure': False, 'cmake_target': None, 'cmake_target_skip_unavailable': False, 'install_base': '/home/lehighur/ros2_ws/src/install/object_detection', 'merge_install': False, 'path': '/home/lehighur/ros2_ws/src/object_detection', 'symlink_install': False, 'test_result_base': None}
[1.130s] Level 5:colcon.colcon_core.verb:set package 'yolov8_ros' build argument 'cmake_args' from command line to 'None'
[1.130s] Level 5:colcon.colcon_core.verb:set package 'yolov8_ros' build argument 'cmake_target' from command line to 'None'
[1.130s] Level 5:colcon.colcon_core.verb:set package 'yolov8_ros' build argument 'cmake_target_skip_unavailable' from command line to 'False'
[1.130s] Level 5:colcon.colcon_core.verb:set package 'yolov8_ros' build argument 'cmake_clean_cache' from command line to 'False'
[1.130s] Level 5:colcon.colcon_core.verb:set package 'yolov8_ros' build argument 'cmake_clean_first' from command line to 'False'
[1.130s] Level 5:colcon.colcon_core.verb:set package 'yolov8_ros' build argument 'cmake_force_configure' from command line to 'False'
[1.131s] Level 5:colcon.colcon_core.verb:set package 'yolov8_ros' build argument 'ament_cmake_args' from command line to 'None'
[1.131s] Level 5:colcon.colcon_core.verb:set package 'yolov8_ros' build argument 'catkin_cmake_args' from command line to 'None'
[1.131s] Level 5:colcon.colcon_core.verb:set package 'yolov8_ros' build argument 'catkin_skip_building_tests' from command line to 'False'
[1.131s] DEBUG:colcon.colcon_core.verb:Building package 'yolov8_ros' with the following arguments: {'ament_cmake_args': None, 'build_base': '/home/lehighur/ros2_ws/src/build/yolov8_ros', 'catkin_cmake_args': None, 'catkin_skip_building_tests': False, 'cmake_args': None, 'cmake_clean_cache': False, 'cmake_clean_first': False, 'cmake_force_configure': False, 'cmake_target': None, 'cmake_target_skip_unavailable': False, 'install_base': '/home/lehighur/ros2_ws/src/install/yolov8_ros', 'merge_install': False, 'path': '/home/lehighur/ros2_ws/src/yolov8_ros/yolov8_ros', 'symlink_install': False, 'test_result_base': None}
[1.133s] Level 5:colcon.colcon_core.verb:set package 'yolov8_bringup' build argument 'cmake_args' from command line to 'None'
[1.133s] Level 5:colcon.colcon_core.verb:set package 'yolov8_bringup' build argument 'cmake_target' from command line to 'None'
[1.133s] Level 5:colcon.colcon_core.verb:set package 'yolov8_bringup' build argument 'cmake_target_skip_unavailable' from command line to 'False'
[1.133s] Level 5:colcon.colcon_core.verb:set package 'yolov8_bringup' build argument 'cmake_clean_cache' from command line to 'False'
[1.133s] Level 5:colcon.colcon_core.verb:set package 'yolov8_bringup' build argument 'cmake_clean_first' from command line to 'False'
[1.133s] Level 5:colcon.colcon_core.verb:set package 'yolov8_bringup' build argument 'cmake_force_configure' from command line to 'False'
[1.133s] Level 5:colcon.colcon_core.verb:set package 'yolov8_bringup' build argument 'ament_cmake_args' from command line to 'None'
[1.133s] Level 5:colcon.colcon_core.verb:set package 'yolov8_bringup' build argument 'catkin_cmake_args' from command line to 'None'
[1.133s] Level 5:colcon.colcon_core.verb:set package 'yolov8_bringup' build argument 'catkin_skip_building_tests' from command line to 'False'
[1.133s] DEBUG:colcon.colcon_core.verb:Building package 'yolov8_bringup' with the following arguments: {'ament_cmake_args': None, 'build_base': '/home/lehighur/ros2_ws/src/build/yolov8_bringup', 'catkin_cmake_args': None, 'catkin_skip_building_tests': False, 'cmake_args': None, 'cmake_clean_cache': False, 'cmake_clean_first': False, 'cmake_force_configure': False, 'cmake_target': None, 'cmake_target_skip_unavailable': False, 'install_base': '/home/lehighur/ros2_ws/src/install/yolov8_bringup', 'merge_install': False, 'path': '/home/lehighur/ros2_ws/src/yolov8_ros/yolov8_bringup', 'symlink_install': False, 'test_result_base': None}
[1.135s] INFO:colcon.colcon_core.executor:Executing jobs using 'parallel' executor
[1.143s] DEBUG:colcon.colcon_parallel_executor.executor.parallel:run_until_complete
[1.144s] INFO:colcon.colcon_ros.task.ament_cmake.build:Building ROS package in '/home/lehighur/ros2_ws/src/vision_msgs' with build type 'ament_cmake'
[1.144s] INFO:colcon.colcon_cmake.task.cmake.build:Building CMake package in '/home/lehighur/ros2_ws/src/vision_msgs'
[1.165s] INFO:colcon.colcon_core.plugin_system:Skipping extension 'colcon_core.shell.bat': Not used on non-Windows systems
[1.165s] INFO:colcon.colcon_core.shell:Skip shell extension 'powershell' for command environment: Not usable outside of PowerShell
[1.165s] DEBUG:colcon.colcon_core.shell:Skip shell extension 'dsv' for command environment
[1.182s] INFO:colcon.colcon_ros.task.ament_cmake.build:Building ROS package in '/home/lehighur/ros2_ws/src/usb_cam' with build type 'ament_cmake'
[1.183s] INFO:colcon.colcon_cmake.task.cmake.build:Building CMake package in '/home/lehighur/ros2_ws/src/usb_cam'
[1.187s] INFO:colcon.colcon_core.shell:Skip shell extension 'powershell' for command environment: Not usable outside of PowerShell
[1.187s] DEBUG:colcon.colcon_core.shell:Skip shell extension 'dsv' for command environment
[1.211s] DEBUG:colcon.colcon_core.event_handler.log_command:Invoking command in '/home/lehighur/ros2_ws/src/build/vision_msgs': CMAKE_PREFIX_PATH=/opt/ros/foxy _tide_pad= /usr/bin/cmake /home/lehighur/ros2_ws/src/vision_msgs -DCMAKE_INSTALL_PREFIX=/home/lehighur/ros2_ws/src/install/vision_msgs
[1.240s] DEBUG:colcon.colcon_core.event_handler.log_command:Invoking command in '/home/lehighur/ros2_ws/src/build/usb_cam': CMAKE_PREFIX_PATH=/opt/ros/foxy _tide_pad= /usr/bin/cmake /home/lehighur/ros2_ws/src/usb_cam -DCMAKE_INSTALL_PREFIX=/home/lehighur/ros2_ws/src/install/usb_cam
[6.749s] DEBUG:colcon.colcon_core.event_handler.log_command:Invoked command in '/home/lehighur/ros2_ws/src/build/vision_msgs' returned '0': CMAKE_PREFIX_PATH=/opt/ros/foxy _tide_pad= /usr/bin/cmake /home/lehighur/ros2_ws/src/vision_msgs -DCMAKE_INSTALL_PREFIX=/home/lehighur/ros2_ws/src/install/vision_msgs
[6.758s] DEBUG:colcon.colcon_core.event_handler.log_command:Invoking command in '/home/lehighur/ros2_ws/src/build/vision_msgs': CMAKE_PREFIX_PATH=/opt/ros/foxy _tide_pad= /usr/bin/cmake --build /home/lehighur/ros2_ws/src/build/vision_msgs -- -j12 -l12
[6.830s] DEBUG:colcon.colcon_core.event_handler.log_command:Invoked command in '/home/lehighur/ros2_ws/src/build/usb_cam' returned '0': CMAKE_PREFIX_PATH=/opt/ros/foxy _tide_pad= /usr/bin/cmake /home/lehighur/ros2_ws/src/usb_cam -DCMAKE_INSTALL_PREFIX=/home/lehighur/ros2_ws/src/install/usb_cam
[6.838s] DEBUG:colcon.colcon_core.event_handler.log_command:Invoking command in '/home/lehighur/ros2_ws/src/build/usb_cam': CMAKE_PREFIX_PATH=/opt/ros/foxy _tide_pad= /usr/bin/cmake --build /home/lehighur/ros2_ws/src/build/usb_cam -- -j12 -l12
[26.121s] DEBUG:colcon.colcon_core.event_handler.log_command:Invoked command in '/home/lehighur/ros2_ws/src/build/usb_cam' returned '0': CMAKE_PREFIX_PATH=/opt/ros/foxy _tide_pad= /usr/bin/cmake --build /home/lehighur/ros2_ws/src/build/usb_cam -- -j12 -l12
[26.242s] DEBUG:colcon.colcon_core.event_handler.log_command:Invoking command in '/home/lehighur/ros2_ws/src/build/usb_cam': CMAKE_PREFIX_PATH=/opt/ros/foxy _tide_pad= /usr/bin/cmake --install /home/lehighur/ros2_ws/src/build/usb_cam
[26.308s] Level 1:colcon.colcon_core.environment:create_environment_scripts_only(usb_cam)
[26.312s] DEBUG:colcon.colcon_core.event_handler.log_command:Invoked command in '/home/lehighur/ros2_ws/src/build/usb_cam' returned '0': CMAKE_PREFIX_PATH=/opt/ros/foxy _tide_pad= /usr/bin/cmake --install /home/lehighur/ros2_ws/src/build/usb_cam
[26.340s] Level 1:colcon.colcon_core.environment:checking '/home/lehighur/ros2_ws/src/install/usb_cam' for CMake module files
[26.341s] Level 1:colcon.colcon_core.environment:checking '/home/lehighur/ros2_ws/src/install/usb_cam' for CMake config files
[26.342s] Level 1:colcon.colcon_core.shell:create_environment_hook('usb_cam', 'cmake_prefix_path')
[26.346s] INFO:colcon.colcon_core.shell:Creating environment hook '/home/lehighur/ros2_ws/src/install/usb_cam/share/usb_cam/hook/cmake_prefix_path.ps1'
[26.349s] INFO:colcon.colcon_core.shell:Creating environment descriptor '/home/lehighur/ros2_ws/src/install/usb_cam/share/usb_cam/hook/cmake_prefix_path.dsv'
[26.350s] INFO:colcon.colcon_core.shell:Creating environment hook '/home/lehighur/ros2_ws/src/install/usb_cam/share/usb_cam/hook/cmake_prefix_path.sh'
[26.353s] Level 1:colcon.colcon_core.environment:checking '/home/lehighur/ros2_ws/src/install/usb_cam/lib'
[26.353s] Level 1:colcon.colcon_core.shell:create_environment_hook('usb_cam', 'ld_library_path_lib')
[26.356s] INFO:colcon.colcon_core.shell:Creating environment hook '/home/lehighur/ros2_ws/src/install/usb_cam/share/usb_cam/hook/ld_library_path_lib.ps1'
[26.357s] INFO:colcon.colcon_core.shell:Creating environment descriptor '/home/lehighur/ros2_ws/src/install/usb_cam/share/usb_cam/hook/ld_library_path_lib.dsv'
[26.358s] INFO:colcon.colcon_core.shell:Creating environment hook '/home/lehighur/ros2_ws/src/install/usb_cam/share/usb_cam/hook/ld_library_path_lib.sh'
[26.359s] Level 1:colcon.colcon_core.environment:checking '/home/lehighur/ros2_ws/src/install/usb_cam/bin'
[26.359s] Level 1:colcon.colcon_core.environment:checking '/home/lehighur/ros2_ws/src/install/usb_cam/lib/pkgconfig/usb_cam.pc'
[26.359s] Level 1:colcon.colcon_core.environment:checking '/home/lehighur/ros2_ws/src/install/usb_cam/lib/python3.8/site-packages'
[26.360s] Level 1:colcon.colcon_core.environment:checking '/home/lehighur/ros2_ws/src/install/usb_cam/bin'
[26.363s] INFO:colcon.colcon_core.shell:Creating package script '/home/lehighur/ros2_ws/src/install/usb_cam/share/usb_cam/package.ps1'
[26.372s] INFO:colcon.colcon_core.shell:Creating package descriptor '/home/lehighur/ros2_ws/src/install/usb_cam/share/usb_cam/package.dsv'
[26.373s] INFO:colcon.colcon_core.shell:Creating package script '/home/lehighur/ros2_ws/src/install/usb_cam/share/usb_cam/package.sh'
[26.375s] INFO:colcon.colcon_core.shell:Creating package script '/home/lehighur/ros2_ws/src/install/usb_cam/share/usb_cam/package.bash'
[26.377s] INFO:colcon.colcon_core.shell:Creating package script '/home/lehighur/ros2_ws/src/install/usb_cam/share/usb_cam/package.zsh'
[26.378s] Level 1:colcon.colcon_core.environment:create_file_with_runtime_dependencies(/home/lehighur/ros2_ws/src/install/usb_cam/share/colcon-core/packages/usb_cam)
[26.465s] Level 1:colcon.colcon_core.environment:create_environment_scripts_only(usb_cam)
[26.470s] Level 1:colcon.colcon_core.environment:checking '/home/lehighur/ros2_ws/src/install/usb_cam' for CMake module files
[26.471s] Level 1:colcon.colcon_core.environment:checking '/home/lehighur/ros2_ws/src/install/usb_cam' for CMake config files
[26.473s] Level 1:colcon.colcon_core.shell:create_environment_hook('usb_cam', 'cmake_prefix_path')
[26.476s] INFO:colcon.colcon_core.shell:Creating environment hook '/home/lehighur/ros2_ws/src/install/usb_cam/share/usb_cam/hook/cmake_prefix_path.ps1'
[26.478s] INFO:colcon.colcon_core.shell:Creating environment descriptor '/home/lehighur/ros2_ws/src/install/usb_cam/share/usb_cam/hook/cmake_prefix_path.dsv'
[26.480s] INFO:colcon.colcon_core.shell:Creating environment hook '/home/lehighur/ros2_ws/src/install/usb_cam/share/usb_cam/hook/cmake_prefix_path.sh'
[26.482s] Level 1:colcon.colcon_core.environment:checking '/home/lehighur/ros2_ws/src/install/usb_cam/lib'
[26.482s] Level 1:colcon.colcon_core.shell:create_environment_hook('usb_cam', 'ld_library_path_lib')
[26.485s] INFO:colcon.colcon_core.shell:Creating environment hook '/home/lehighur/ros2_ws/src/install/usb_cam/share/usb_cam/hook/ld_library_path_lib.ps1'
[26.486s] INFO:colcon.colcon_core.shell:Creating environment descriptor '/home/lehighur/ros2_ws/src/install/usb_cam/share/usb_cam/hook/ld_library_path_lib.dsv'
[26.488s] INFO:colcon.colcon_core.shell:Creating environment hook '/home/lehighur/ros2_ws/src/install/usb_cam/share/usb_cam/hook/ld_library_path_lib.sh'
[26.488s] Level 1:colcon.colcon_core.environment:checking '/home/lehighur/ros2_ws/src/install/usb_cam/bin'
[26.489s] Level 1:colcon.colcon_core.environment:checking '/home/lehighur/ros2_ws/src/install/usb_cam/lib/pkgconfig/usb_cam.pc'
[26.489s] Level 1:colcon.colcon_core.environment:checking '/home/lehighur/ros2_ws/src/install/usb_cam/lib/python3.8/site-packages'
[26.490s] Level 1:colcon.colcon_core.environment:checking '/home/lehighur/ros2_ws/src/install/usb_cam/bin'
[26.493s] INFO:colcon.colcon_core.shell:Creating package script '/home/lehighur/ros2_ws/src/install/usb_cam/share/usb_cam/package.ps1'
[26.494s] INFO:colcon.colcon_core.shell:Creating package descriptor '/home/lehighur/ros2_ws/src/install/usb_cam/share/usb_cam/package.dsv'
[26.495s] INFO:colcon.colcon_core.shell:Creating package script '/home/lehighur/ros2_ws/src/install/usb_cam/share/usb_cam/package.sh'
[26.496s] INFO:colcon.colcon_core.shell:Creating package script '/home/lehighur/ros2_ws/src/install/usb_cam/share/usb_cam/package.bash'
[26.497s] INFO:colcon.colcon_core.shell:Creating package script '/home/lehighur/ros2_ws/src/install/usb_cam/share/usb_cam/package.zsh'
[26.498s] Level 1:colcon.colcon_core.environment:create_file_with_runtime_dependencies(/home/lehighur/ros2_ws/src/install/usb_cam/share/colcon-core/packages/usb_cam)
[32.227s] DEBUG:colcon.colcon_core.event_handler.log_command:Invoked command in '/home/lehighur/ros2_ws/src/build/vision_msgs' returned '0': CMAKE_PREFIX_PATH=/opt/ros/foxy _tide_pad= /usr/bin/cmake --build /home/lehighur/ros2_ws/src/build/vision_msgs -- -j12 -l12
[32.706s] DEBUG:colcon.colcon_core.event_handler.log_command:Invoking command in '/home/lehighur/ros2_ws/src/build/vision_msgs': CMAKE_PREFIX_PATH=/opt/ros/foxy _tide_pad= /usr/bin/cmake --install /home/lehighur/ros2_ws/src/build/vision_msgs
[32.953s] Level 1:colcon.colcon_core.environment:create_environment_scripts_only(vision_msgs)
[32.960s] Level 1:colcon.colcon_core.environment:checking '/home/lehighur/ros2_ws/src/install/vision_msgs' for CMake module files
[32.961s] DEBUG:colcon.colcon_core.event_handler.log_command:Invoked command in '/home/lehighur/ros2_ws/src/build/vision_msgs' returned '0': CMAKE_PREFIX_PATH=/opt/ros/foxy _tide_pad= /usr/bin/cmake --install /home/lehighur/ros2_ws/src/build/vision_msgs
[32.962s] Level 1:colcon.colcon_core.environment:checking '/home/lehighur/ros2_ws/src/install/vision_msgs' for CMake config files
[32.964s] Level 1:colcon.colcon_core.shell:create_environment_hook('vision_msgs', 'cmake_prefix_path')
[32.967s] INFO:colcon.colcon_core.shell:Creating environment hook '/home/lehighur/ros2_ws/src/install/vision_msgs/share/vision_msgs/hook/cmake_prefix_path.ps1'
[32.969s] INFO:colcon.colcon_core.shell:Creating environment descriptor '/home/lehighur/ros2_ws/src/install/vision_msgs/share/vision_msgs/hook/cmake_prefix_path.dsv'
[32.970s] INFO:colcon.colcon_core.shell:Creating environment hook '/home/lehighur/ros2_ws/src/install/vision_msgs/share/vision_msgs/hook/cmake_prefix_path.sh'
[32.972s] Level 1:colcon.colcon_core.environment:checking '/home/lehighur/ros2_ws/src/install/vision_msgs/lib'
[32.973s] Level 1:colcon.colcon_core.shell:create_environment_hook('vision_msgs', 'ld_library_path_lib')
[32.976s] INFO:colcon.colcon_core.shell:Creating environment hook '/home/lehighur/ros2_ws/src/install/vision_msgs/share/vision_msgs/hook/ld_library_path_lib.ps1'
[32.977s] INFO:colcon.colcon_core.shell:Creating environment descriptor '/home/lehighur/ros2_ws/src/install/vision_msgs/share/vision_msgs/hook/ld_library_path_lib.dsv'
[32.978s] INFO:colcon.colcon_core.shell:Creating environment hook '/home/lehighur/ros2_ws/src/install/vision_msgs/share/vision_msgs/hook/ld_library_path_lib.sh'
[32.979s] Level 1:colcon.colcon_core.environment:checking '/home/lehighur/ros2_ws/src/install/vision_msgs/bin'
[32.979s] Level 1:colcon.colcon_core.environment:checking '/home/lehighur/ros2_ws/src/install/vision_msgs/lib/pkgconfig/vision_msgs.pc'
[32.980s] Level 1:colcon.colcon_core.environment:checking '/home/lehighur/ros2_ws/src/install/vision_msgs/lib/python3.8/site-packages'
[32.980s] Level 1:colcon.colcon_core.shell:create_environment_hook('vision_msgs', 'pythonpath')
[32.983s] INFO:colcon.colcon_core.shell:Creating environment hook '/home/lehighur/ros2_ws/src/install/vision_msgs/share/vision_msgs/hook/pythonpath.ps1'
[32.984s] INFO:colcon.colcon_core.shell:Creating environment descriptor '/home/lehighur/ros2_ws/src/install/vision_msgs/share/vision_msgs/hook/pythonpath.dsv'
[32.985s] INFO:colcon.colcon_core.shell:Creating environment hook '/home/lehighur/ros2_ws/src/install/vision_msgs/share/vision_msgs/hook/pythonpath.sh'
[32.986s] Level 1:colcon.colcon_core.environment:checking '/home/lehighur/ros2_ws/src/install/vision_msgs/bin'
[32.989s] INFO:colcon.colcon_core.shell:Creating package script '/home/lehighur/ros2_ws/src/install/vision_msgs/share/vision_msgs/package.ps1'
[32.991s] INFO:colcon.colcon_core.shell:Creating package descriptor '/home/lehighur/ros2_ws/src/install/vision_msgs/share/vision_msgs/package.dsv'
[32.992s] INFO:colcon.colcon_core.shell:Creating package script '/home/lehighur/ros2_ws/src/install/vision_msgs/share/vision_msgs/package.sh'
[32.994s] INFO:colcon.colcon_core.shell:Creating package script '/home/lehighur/ros2_ws/src/install/vision_msgs/share/vision_msgs/package.bash'
[32.995s] INFO:colcon.colcon_core.shell:Creating package script '/home/lehighur/ros2_ws/src/install/vision_msgs/share/vision_msgs/package.zsh'
[32.996s] Level 1:colcon.colcon_core.environment:create_file_with_runtime_dependencies(/home/lehighur/ros2_ws/src/install/vision_msgs/share/colcon-core/packages/vision_msgs)
[33.503s] Level 1:colcon.colcon_core.environment:create_environment_scripts_only(vision_msgs)
[33.508s] Level 1:colcon.colcon_core.environment:checking '/home/lehighur/ros2_ws/src/install/vision_msgs' for CMake module files
[33.510s] Level 1:colcon.colcon_core.environment:checking '/home/lehighur/ros2_ws/src/install/vision_msgs' for CMake config files
[33.512s] Level 1:colcon.colcon_core.shell:create_environment_hook('vision_msgs', 'cmake_prefix_path')
[33.515s] INFO:colcon.colcon_core.shell:Creating environment hook '/home/lehighur/ros2_ws/src/install/vision_msgs/share/vision_msgs/hook/cmake_prefix_path.ps1'
[33.517s] INFO:colcon.colcon_core.shell:Creating environment descriptor '/home/lehighur/ros2_ws/src/install/vision_msgs/share/vision_msgs/hook/cmake_prefix_path.dsv'
[33.520s] INFO:colcon.colcon_core.shell:Creating environment hook '/home/lehighur/ros2_ws/src/install/vision_msgs/share/vision_msgs/hook/cmake_prefix_path.sh'
[33.523s] Level 1:colcon.colcon_core.environment:checking '/home/lehighur/ros2_ws/src/install/vision_msgs/lib'
[33.524s] Level 1:colcon.colcon_core.shell:create_environment_hook('vision_msgs', 'ld_library_path_lib')
[33.527s] INFO:colcon.colcon_core.shell:Creating environment hook '/home/lehighur/ros2_ws/src/install/vision_msgs/share/vision_msgs/hook/ld_library_path_lib.ps1'
[33.528s] INFO:colcon.colcon_core.shell:Creating environment descriptor '/home/lehighur/ros2_ws/src/install/vision_msgs/share/vision_msgs/hook/ld_library_path_lib.dsv'
[33.529s] INFO:colcon.colcon_core.shell:Creating environment hook '/home/lehighur/ros2_ws/src/install/vision_msgs/share/vision_msgs/hook/ld_library_path_lib.sh'
[33.530s] Level 1:colcon.colcon_core.environment:checking '/home/lehighur/ros2_ws/src/install/vision_msgs/bin'
[33.530s] Level 1:colcon.colcon_core.environment:checking '/home/lehighur/ros2_ws/src/install/vision_msgs/lib/pkgconfig/vision_msgs.pc'
[33.531s] Level 1:colcon.colcon_core.environment:checking '/home/lehighur/ros2_ws/src/install/vision_msgs/lib/python3.8/site-packages'
[33.531s] Level 1:colcon.colcon_core.shell:create_environment_hook('vision_msgs', 'pythonpath')
[33.534s] INFO:colcon.colcon_core.shell:Creating environment hook '/home/lehighur/ros2_ws/src/install/vision_msgs/share/vision_msgs/hook/pythonpath.ps1'
[33.535s] INFO:colcon.colcon_core.shell:Creating environment descriptor '/home/lehighur/ros2_ws/src/install/vision_msgs/share/vision_msgs/hook/pythonpath.dsv'
[33.536s] INFO:colcon.colcon_core.shell:Creating environment hook '/home/lehighur/ros2_ws/src/install/vision_msgs/share/vision_msgs/hook/pythonpath.sh'
[33.538s] Level 1:colcon.colcon_core.environment:checking '/home/lehighur/ros2_ws/src/install/vision_msgs/bin'
[33.541s] INFO:colcon.colcon_core.shell:Creating package script '/home/lehighur/ros2_ws/src/install/vision_msgs/share/vision_msgs/package.ps1'
[33.543s] INFO:colcon.colcon_core.shell:Creating package descriptor '/home/lehighur/ros2_ws/src/install/vision_msgs/share/vision_msgs/package.dsv'
[33.544s] INFO:colcon.colcon_core.shell:Creating package script '/home/lehighur/ros2_ws/src/install/vision_msgs/share/vision_msgs/package.sh'
[33.545s] INFO:colcon.colcon_core.shell:Creating package script '/home/lehighur/ros2_ws/src/install/vision_msgs/share/vision_msgs/package.bash'
[33.546s] INFO:colcon.colcon_core.shell:Creating package script '/home/lehighur/ros2_ws/src/install/vision_msgs/share/vision_msgs/package.zsh'
[33.547s] Level 1:colcon.colcon_core.environment:create_file_with_runtime_dependencies(/home/lehighur/ros2_ws/src/install/vision_msgs/share/colcon-core/packages/vision_msgs)
[33.549s] INFO:colcon.colcon_ros.task.ament_python.build:Building ROS package in '/home/lehighur/ros2_ws/src/yolov8_ros/yolov8_ros' with build type 'ament_python'
[33.550s] Level 1:colcon.colcon_core.shell:create_environment_hook('yolov8_ros', 'ament_prefix_path')
[33.553s] INFO:colcon.colcon_core.shell:Creating environment hook '/home/lehighur/ros2_ws/src/install/yolov8_ros/share/yolov8_ros/hook/ament_prefix_path.ps1'
[33.555s] INFO:colcon.colcon_core.shell:Creating environment descriptor '/home/lehighur/ros2_ws/src/install/yolov8_ros/share/yolov8_ros/hook/ament_prefix_path.dsv'
[33.556s] INFO:colcon.colcon_core.shell:Creating environment hook '/home/lehighur/ros2_ws/src/install/yolov8_ros/share/yolov8_ros/hook/ament_prefix_path.sh'
[33.559s] INFO:colcon.colcon_core.shell:Skip shell extension 'powershell' for command environment: Not usable outside of PowerShell
[33.560s] DEBUG:colcon.colcon_core.shell:Skip shell extension 'dsv' for command environment
[33.576s] INFO:colcon.colcon_ros.task.ament_python.build:Building ROS package in '/home/lehighur/ros2_ws/src/object_detection' with build type 'ament_python'
[33.577s] Level 1:colcon.colcon_core.shell:create_environment_hook('object_detection', 'ament_prefix_path')
[33.582s] INFO:colcon.colcon_core.shell:Creating environment hook '/home/lehighur/ros2_ws/src/install/object_detection/share/object_detection/hook/ament_prefix_path.ps1'
[33.585s] INFO:colcon.colcon_core.shell:Creating environment descriptor '/home/lehighur/ros2_ws/src/install/object_detection/share/object_detection/hook/ament_prefix_path.dsv'
[33.586s] INFO:colcon.colcon_core.shell:Creating environment hook '/home/lehighur/ros2_ws/src/install/object_detection/share/object_detection/hook/ament_prefix_path.sh'
[33.590s] INFO:colcon.colcon_core.shell:Skip shell extension 'powershell' for command environment: Not usable outside of PowerShell
[33.591s] DEBUG:colcon.colcon_core.shell:Skip shell extension 'dsv' for command environment
[34.168s] INFO:colcon.colcon_core.task.python.build:Building Python package in '/home/lehighur/ros2_ws/src/yolov8_ros/yolov8_ros'
[34.174s] INFO:colcon.colcon_core.shell:Skip shell extension 'powershell' for command environment: Not usable outside of PowerShell
[34.174s] DEBUG:colcon.colcon_core.shell:Skip shell extension 'dsv' for command environment
[34.736s] INFO:colcon.colcon_core.task.python.build:Building Python package in '/home/lehighur/ros2_ws/src/object_detection'
[34.741s] INFO:colcon.colcon_core.shell:Skip shell extension 'powershell' for command environment: Not usable outside of PowerShell
[34.741s] DEBUG:colcon.colcon_core.shell:Skip shell extension 'dsv' for command environment
[36.012s] DEBUG:colcon.colcon_core.event_handler.log_command:Invoking command in '/home/lehighur/ros2_ws/src/object_detection': AMENT_PREFIX_PATH=/home/lehighur/ros2_ws/src/install/vision_msgs:${AMENT_PREFIX_PATH} CMAKE_PREFIX_PATH=/home/lehighur/ros2_ws/src/install/vision_msgs LD_LIBRARY_PATH=/home/lehighur/ros2_ws/src/install/vision_msgs/lib:/opt/ros/foxy/opt/yaml_cpp_vendor/lib:/opt/ros/foxy/opt/rviz_ogre_vendor/lib:/opt/ros/foxy/lib/aarch64-linux-gnu:/opt/ros/foxy/lib:/usr/local/cuda-11.4/lib64 PYTHONPATH=/home/lehighur/ros2_ws/src/build/object_detection/prefix_override:/home/lehighur/ros2_ws/src/install/object_detection/lib/python3.8/site-packages:/home/lehighur/ros2_ws/src/install/vision_msgs/lib/python3.8/site-packages:${PYTHONPATH} _tide_pad= /usr/bin/python3 setup.py egg_info --egg-base ../build/object_detection build --build-base /home/lehighur/ros2_ws/src/build/object_detection/build install --record /home/lehighur/ros2_ws/src/build/object_detection/install.log --install-scripts $base/lib/object_detection --single-version-externally-managed
[36.025s] DEBUG:colcon.colcon_core.event_handler.log_command:Invoking command in '/home/lehighur/ros2_ws/src/yolov8_ros/yolov8_ros': AMENT_PREFIX_PATH=/home/lehighur/ros2_ws/src/install/vision_msgs:${AMENT_PREFIX_PATH} CMAKE_PREFIX_PATH=/home/lehighur/ros2_ws/src/install/vision_msgs LD_LIBRARY_PATH=/home/lehighur/ros2_ws/src/install/vision_msgs/lib:/opt/ros/foxy/opt/yaml_cpp_vendor/lib:/opt/ros/foxy/opt/rviz_ogre_vendor/lib:/opt/ros/foxy/lib/aarch64-linux-gnu:/opt/ros/foxy/lib:/usr/local/cuda-11.4/lib64 PYTHONPATH=/home/lehighur/ros2_ws/src/build/yolov8_ros/prefix_override:/home/lehighur/ros2_ws/src/install/yolov8_ros/lib/python3.8/site-packages:/home/lehighur/ros2_ws/src/install/vision_msgs/lib/python3.8/site-packages:${PYTHONPATH} _tide_pad= /usr/bin/python3 setup.py egg_info --egg-base ../../build/yolov8_ros build --build-base /home/lehighur/ros2_ws/src/build/yolov8_ros/build install --record /home/lehighur/ros2_ws/src/build/yolov8_ros/install.log --single-version-externally-managed
[36.874s] Level 1:colcon.colcon_core.environment:checking '/home/lehighur/ros2_ws/src/install/object_detection' for CMake module files
[36.876s] DEBUG:colcon.colcon_core.event_handler.log_command:Invoked command in '/home/lehighur/ros2_ws/src/object_detection' returned '0': AMENT_PREFIX_PATH=/home/lehighur/ros2_ws/src/install/vision_msgs:${AMENT_PREFIX_PATH} CMAKE_PREFIX_PATH=/home/lehighur/ros2_ws/src/install/vision_msgs LD_LIBRARY_PATH=/home/lehighur/ros2_ws/src/install/vision_msgs/lib:/opt/ros/foxy/opt/yaml_cpp_vendor/lib:/opt/ros/foxy/opt/rviz_ogre_vendor/lib:/opt/ros/foxy/lib/aarch64-linux-gnu:/opt/ros/foxy/lib:/usr/local/cuda-11.4/lib64 PYTHONPATH=/home/lehighur/ros2_ws/src/build/object_detection/prefix_override:/home/lehighur/ros2_ws/src/install/object_detection/lib/python3.8/site-packages:/home/lehighur/ros2_ws/src/install/vision_msgs/lib/python3.8/site-packages:${PYTHONPATH} _tide_pad= /usr/bin/python3 setup.py egg_info --egg-base ../build/object_detection build --build-base /home/lehighur/ros2_ws/src/build/object_detection/build install --record /home/lehighur/ros2_ws/src/build/object_detection/install.log --install-scripts $base/lib/object_detection --single-version-externally-managed
[36.877s] Level 1:colcon.colcon_core.environment:checking '/home/lehighur/ros2_ws/src/install/object_detection' for CMake config files
[36.879s] Level 1:colcon.colcon_core.environment:checking '/home/lehighur/ros2_ws/src/install/object_detection/lib'
[36.879s] Level 1:colcon.colcon_core.environment:checking '/home/lehighur/ros2_ws/src/install/object_detection/bin'
[36.880s] Level 1:colcon.colcon_core.environment:checking '/home/lehighur/ros2_ws/src/install/object_detection/lib/pkgconfig/object_detection.pc'
[36.881s] Level 1:colcon.colcon_core.environment:checking '/home/lehighur/ros2_ws/src/install/object_detection/lib/python3.8/site-packages'
[36.881s] Level 1:colcon.colcon_core.shell:create_environment_hook('object_detection', 'pythonpath')
[36.886s] INFO:colcon.colcon_core.shell:Creating environment hook '/home/lehighur/ros2_ws/src/install/object_detection/share/object_detection/hook/pythonpath.ps1'
[36.889s] INFO:colcon.colcon_core.shell:Creating environment descriptor '/home/lehighur/ros2_ws/src/install/object_detection/share/object_detection/hook/pythonpath.dsv'
[36.890s] INFO:colcon.colcon_core.shell:Creating environment hook '/home/lehighur/ros2_ws/src/install/object_detection/share/object_detection/hook/pythonpath.sh'
[36.891s] Level 1:colcon.colcon_core.environment:checking '/home/lehighur/ros2_ws/src/install/object_detection/bin'
[36.892s] Level 1:colcon.colcon_core.environment:create_environment_scripts_only(object_detection)
[36.895s] INFO:colcon.colcon_core.shell:Creating package script '/home/lehighur/ros2_ws/src/install/object_detection/share/object_detection/package.ps1'
[36.898s] INFO:colcon.colcon_core.shell:Creating package descriptor '/home/lehighur/ros2_ws/src/install/object_detection/share/object_detection/package.dsv'
[36.899s] INFO:colcon.colcon_core.shell:Creating package script '/home/lehighur/ros2_ws/src/install/object_detection/share/object_detection/package.sh'
[36.900s] INFO:colcon.colcon_core.shell:Creating package script '/home/lehighur/ros2_ws/src/install/object_detection/share/object_detection/package.bash'
[36.900s] INFO:colcon.colcon_core.shell:Creating package script '/home/lehighur/ros2_ws/src/install/object_detection/share/object_detection/package.zsh'
[36.902s] Level 1:colcon.colcon_core.environment:create_file_with_runtime_dependencies(/home/lehighur/ros2_ws/src/install/object_detection/share/colcon-core/packages/object_detection)
[36.909s] Level 1:colcon.colcon_core.environment:checking '/home/lehighur/ros2_ws/src/install/yolov8_ros' for CMake module files
[36.912s] DEBUG:colcon.colcon_core.event_handler.log_command:Invoked command in '/home/lehighur/ros2_ws/src/yolov8_ros/yolov8_ros' returned '0': AMENT_PREFIX_PATH=/home/lehighur/ros2_ws/src/install/vision_msgs:${AMENT_PREFIX_PATH} CMAKE_PREFIX_PATH=/home/lehighur/ros2_ws/src/install/vision_msgs LD_LIBRARY_PATH=/home/lehighur/ros2_ws/src/install/vision_msgs/lib:/opt/ros/foxy/opt/yaml_cpp_vendor/lib:/opt/ros/foxy/opt/rviz_ogre_vendor/lib:/opt/ros/foxy/lib/aarch64-linux-gnu:/opt/ros/foxy/lib:/usr/local/cuda-11.4/lib64 PYTHONPATH=/home/lehighur/ros2_ws/src/build/yolov8_ros/prefix_override:/home/lehighur/ros2_ws/src/install/yolov8_ros/lib/python3.8/site-packages:/home/lehighur/ros2_ws/src/install/vision_msgs/lib/python3.8/site-packages:${PYTHONPATH} _tide_pad= /usr/bin/python3 setup.py egg_info --egg-base ../../build/yolov8_ros build --build-base /home/lehighur/ros2_ws/src/build/yolov8_ros/build install --record /home/lehighur/ros2_ws/src/build/yolov8_ros/install.log --single-version-externally-managed
[36.912s] Level 1:colcon.colcon_core.environment:checking '/home/lehighur/ros2_ws/src/install/yolov8_ros' for CMake config files
[36.913s] Level 1:colcon.colcon_core.environment:checking '/home/lehighur/ros2_ws/src/install/yolov8_ros/lib'
[36.913s] Level 1:colcon.colcon_core.environment:checking '/home/lehighur/ros2_ws/src/install/yolov8_ros/bin'
[36.914s] Level 1:colcon.colcon_core.environment:checking '/home/lehighur/ros2_ws/src/install/yolov8_ros/lib/pkgconfig/yolov8_ros.pc'
[36.914s] Level 1:colcon.colcon_core.environment:checking '/home/lehighur/ros2_ws/src/install/yolov8_ros/lib/python3.8/site-packages'
[36.914s] Level 1:colcon.colcon_core.shell:create_environment_hook('yolov8_ros', 'pythonpath')
[36.918s] INFO:colcon.colcon_core.shell:Creating environment hook '/home/lehighur/ros2_ws/src/install/yolov8_ros/share/yolov8_ros/hook/pythonpath.ps1'
[36.919s] INFO:colcon.colcon_core.shell:Creating environment descriptor '/home/lehighur/ros2_ws/src/install/yolov8_ros/share/yolov8_ros/hook/pythonpath.dsv'
[36.920s] INFO:colcon.colcon_core.shell:Creating environment hook '/home/lehighur/ros2_ws/src/install/yolov8_ros/share/yolov8_ros/hook/pythonpath.sh'
[36.921s] Level 1:colcon.colcon_core.environment:checking '/home/lehighur/ros2_ws/src/install/yolov8_ros/bin'
[36.922s] Level 1:colcon.colcon_core.environment:create_environment_scripts_only(yolov8_ros)
[36.925s] INFO:colcon.colcon_core.shell:Creating package script '/home/lehighur/ros2_ws/src/install/yolov8_ros/share/yolov8_ros/package.ps1'
[36.927s] INFO:colcon.colcon_core.shell:Creating package descriptor '/home/lehighur/ros2_ws/src/install/yolov8_ros/share/yolov8_ros/package.dsv'
[36.928s] INFO:colcon.colcon_core.shell:Creating package script '/home/lehighur/ros2_ws/src/install/yolov8_ros/share/yolov8_ros/package.sh'
[36.928s] INFO:colcon.colcon_core.shell:Creating package script '/home/lehighur/ros2_ws/src/install/yolov8_ros/share/yolov8_ros/package.bash'
[36.929s] INFO:colcon.colcon_core.shell:Creating package script '/home/lehighur/ros2_ws/src/install/yolov8_ros/share/yolov8_ros/package.zsh'
[36.930s] Level 1:colcon.colcon_core.environment:create_file_with_runtime_dependencies(/home/lehighur/ros2_ws/src/install/yolov8_ros/share/colcon-core/packages/yolov8_ros)
[36.932s] INFO:colcon.colcon_ros.task.ament_cmake.build:Building ROS package in '/home/lehighur/ros2_ws/src/yolov8_ros/yolov8_bringup' with build type 'ament_cmake'
[36.932s] INFO:colcon.colcon_cmake.task.cmake.build:Building CMake package in '/home/lehighur/ros2_ws/src/yolov8_ros/yolov8_bringup'
[36.936s] INFO:colcon.colcon_core.shell:Skip shell extension 'powershell' for command environment: Not usable outside of PowerShell
[36.936s] DEBUG:colcon.colcon_core.shell:Skip shell extension 'dsv' for command environment
[36.974s] DEBUG:colcon.colcon_core.event_handler.log_command:Invoking command in '/home/lehighur/ros2_ws/src/build/yolov8_bringup': AMENT_PREFIX_PATH=/home/lehighur/ros2_ws/src/install/yolov8_ros:/home/lehighur/ros2_ws/src/install/vision_msgs:${AMENT_PREFIX_PATH} CMAKE_PREFIX_PATH=/home/lehighur/ros2_ws/src/install/vision_msgs:/opt/ros/foxy LD_LIBRARY_PATH=/home/lehighur/ros2_ws/src/install/vision_msgs/lib:/opt/ros/foxy/opt/yaml_cpp_vendor/lib:/opt/ros/foxy/opt/rviz_ogre_vendor/lib:/opt/ros/foxy/lib/aarch64-linux-gnu:/opt/ros/foxy/lib:/usr/local/cuda-11.4/lib64 PYTHONPATH=/home/lehighur/ros2_ws/src/install/yolov8_ros/lib/python3.8/site-packages:/home/lehighur/ros2_ws/src/install/vision_msgs/lib/python3.8/site-packages:${PYTHONPATH} _tide_pad= /usr/bin/cmake /home/lehighur/ros2_ws/src/yolov8_ros/yolov8_bringup -DCMAKE_INSTALL_PREFIX=/home/lehighur/ros2_ws/src/install/yolov8_bringup
[38.863s] DEBUG:colcon.colcon_core.event_handler.log_command:Invoked command in '/home/lehighur/ros2_ws/src/build/yolov8_bringup' returned '0': AMENT_PREFIX_PATH=/home/lehighur/ros2_ws/src/install/yolov8_ros:/home/lehighur/ros2_ws/src/install/vision_msgs:${AMENT_PREFIX_PATH} CMAKE_PREFIX_PATH=/home/lehighur/ros2_ws/src/install/vision_msgs:/opt/ros/foxy LD_LIBRARY_PATH=/home/lehighur/ros2_ws/src/install/vision_msgs/lib:/opt/ros/foxy/opt/yaml_cpp_vendor/lib:/opt/ros/foxy/opt/rviz_ogre_vendor/lib:/opt/ros/foxy/lib/aarch64-linux-gnu:/opt/ros/foxy/lib:/usr/local/cuda-11.4/lib64 PYTHONPATH=/home/lehighur/ros2_ws/src/install/yolov8_ros/lib/python3.8/site-packages:/home/lehighur/ros2_ws/src/install/vision_msgs/lib/python3.8/site-packages:${PYTHONPATH} _tide_pad= /usr/bin/cmake /home/lehighur/ros2_ws/src/yolov8_ros/yolov8_bringup -DCMAKE_INSTALL_PREFIX=/home/lehighur/ros2_ws/src/install/yolov8_bringup
[38.873s] DEBUG:colcon.colcon_core.event_handler.log_command:Invoking command in '/home/lehighur/ros2_ws/src/build/yolov8_bringup': AMENT_PREFIX_PATH=/home/lehighur/ros2_ws/src/install/yolov8_ros:/home/lehighur/ros2_ws/src/install/vision_msgs:${AMENT_PREFIX_PATH} CMAKE_PREFIX_PATH=/home/lehighur/ros2_ws/src/install/vision_msgs:/opt/ros/foxy LD_LIBRARY_PATH=/home/lehighur/ros2_ws/src/install/vision_msgs/lib:/opt/ros/foxy/opt/yaml_cpp_vendor/lib:/opt/ros/foxy/opt/rviz_ogre_vendor/lib:/opt/ros/foxy/lib/aarch64-linux-gnu:/opt/ros/foxy/lib:/usr/local/cuda-11.4/lib64 PYTHONPATH=/home/lehighur/ros2_ws/src/install/yolov8_ros/lib/python3.8/site-packages:/home/lehighur/ros2_ws/src/install/vision_msgs/lib/python3.8/site-packages:${PYTHONPATH} _tide_pad= /usr/bin/cmake --build /home/lehighur/ros2_ws/src/build/yolov8_bringup -- -j12 -l12
[38.991s] DEBUG:colcon.colcon_core.event_handler.log_command:Invoked command in '/home/lehighur/ros2_ws/src/build/yolov8_bringup' returned '0': AMENT_PREFIX_PATH=/home/lehighur/ros2_ws/src/install/yolov8_ros:/home/lehighur/ros2_ws/src/install/vision_msgs:${AMENT_PREFIX_PATH} CMAKE_PREFIX_PATH=/home/lehighur/ros2_ws/src/install/vision_msgs:/opt/ros/foxy LD_LIBRARY_PATH=/home/lehighur/ros2_ws/src/install/vision_msgs/lib:/opt/ros/foxy/opt/yaml_cpp_vendor/lib:/opt/ros/foxy/opt/rviz_ogre_vendor/lib:/opt/ros/foxy/lib/aarch64-linux-gnu:/opt/ros/foxy/lib:/usr/local/cuda-11.4/lib64 PYTHONPATH=/home/lehighur/ros2_ws/src/install/yolov8_ros/lib/python3.8/site-packages:/home/lehighur/ros2_ws/src/install/vision_msgs/lib/python3.8/site-packages:${PYTHONPATH} _tide_pad= /usr/bin/cmake --build /home/lehighur/ros2_ws/src/build/yolov8_bringup -- -j12 -l12
[39.063s] DEBUG:colcon.colcon_core.event_handler.log_command:Invoking command in '/home/lehighur/ros2_ws/src/build/yolov8_bringup': AMENT_PREFIX_PATH=/home/lehighur/ros2_ws/src/install/yolov8_ros:/home/lehighur/ros2_ws/src/install/vision_msgs:${AMENT_PREFIX_PATH} CMAKE_PREFIX_PATH=/home/lehighur/ros2_ws/src/install/vision_msgs:/opt/ros/foxy LD_LIBRARY_PATH=/home/lehighur/ros2_ws/src/install/vision_msgs/lib:/opt/ros/foxy/opt/yaml_cpp_vendor/lib:/opt/ros/foxy/opt/rviz_ogre_vendor/lib:/opt/ros/foxy/lib/aarch64-linux-gnu:/opt/ros/foxy/lib:/usr/local/cuda-11.4/lib64 PYTHONPATH=/home/lehighur/ros2_ws/src/install/yolov8_ros/lib/python3.8/site-packages:/home/lehighur/ros2_ws/src/install/vision_msgs/lib/python3.8/site-packages:${PYTHONPATH} _tide_pad= /usr/bin/cmake --install /home/lehighur/ros2_ws/src/build/yolov8_bringup
[39.115s] Level 1:colcon.colcon_core.environment:create_environment_scripts_only(yolov8_bringup)
[39.122s] Level 1:colcon.colcon_core.environment:checking '/home/lehighur/ros2_ws/src/install/yolov8_bringup' for CMake module files
[39.123s] Level 1:colcon.colcon_core.environment:checking '/home/lehighur/ros2_ws/src/install/yolov8_bringup' for CMake config files
[39.124s] Level 1:colcon.colcon_core.shell:create_environment_hook('yolov8_bringup', 'cmake_prefix_path')
[39.127s] INFO:colcon.colcon_core.shell:Creating environment hook '/home/lehighur/ros2_ws/src/install/yolov8_bringup/share/yolov8_bringup/hook/cmake_prefix_path.ps1'
[39.132s] INFO:colcon.colcon_core.shell:Creating environment descriptor '/home/lehighur/ros2_ws/src/install/yolov8_bringup/share/yolov8_bringup/hook/cmake_prefix_path.dsv'
[39.134s] DEBUG:colcon.colcon_core.event_handler.log_command:Invoked command in '/home/lehighur/ros2_ws/src/build/yolov8_bringup' returned '0': AMENT_PREFIX_PATH=/home/lehighur/ros2_ws/src/install/yolov8_ros:/home/lehighur/ros2_ws/src/install/vision_msgs:${AMENT_PREFIX_PATH} CMAKE_PREFIX_PATH=/home/lehighur/ros2_ws/src/install/vision_msgs:/opt/ros/foxy LD_LIBRARY_PATH=/home/lehighur/ros2_ws/src/install/vision_msgs/lib:/opt/ros/foxy/opt/yaml_cpp_vendor/lib:/opt/ros/foxy/opt/rviz_ogre_vendor/lib:/opt/ros/foxy/lib/aarch64-linux-gnu:/opt/ros/foxy/lib:/usr/local/cuda-11.4/lib64 PYTHONPATH=/home/lehighur/ros2_ws/src/install/yolov8_ros/lib/python3.8/site-packages:/home/lehighur/ros2_ws/src/install/vision_msgs/lib/python3.8/site-packages:${PYTHONPATH} _tide_pad= /usr/bin/cmake --install /home/lehighur/ros2_ws/src/build/yolov8_bringup
[39.135s] INFO:colcon.colcon_core.shell:Creating environment hook '/home/lehighur/ros2_ws/src/install/yolov8_bringup/share/yolov8_bringup/hook/cmake_prefix_path.sh'
[39.137s] Level 1:colcon.colcon_core.environment:checking '/home/lehighur/ros2_ws/src/install/yolov8_bringup/bin'
[39.137s] Level 1:colcon.colcon_core.environment:checking '/home/lehighur/ros2_ws/src/install/yolov8_bringup/lib/pkgconfig/yolov8_bringup.pc'
[39.138s] Level 1:colcon.colcon_core.environment:checking '/home/lehighur/ros2_ws/src/install/yolov8_bringup/lib/python3.8/site-packages'
[39.138s] Level 1:colcon.colcon_core.environment:checking '/home/lehighur/ros2_ws/src/install/yolov8_bringup/bin'
[39.142s] INFO:colcon.colcon_core.shell:Creating package script '/home/lehighur/ros2_ws/src/install/yolov8_bringup/share/yolov8_bringup/package.ps1'
[39.144s] INFO:colcon.colcon_core.shell:Creating package descriptor '/home/lehighur/ros2_ws/src/install/yolov8_bringup/share/yolov8_bringup/package.dsv'
[39.146s] INFO:colcon.colcon_core.shell:Creating package script '/home/lehighur/ros2_ws/src/install/yolov8_bringup/share/yolov8_bringup/package.sh'
[39.149s] INFO:colcon.colcon_core.shell:Creating package script '/home/lehighur/ros2_ws/src/install/yolov8_bringup/share/yolov8_bringup/package.bash'
[39.150s] INFO:colcon.colcon_core.shell:Creating package script '/home/lehighur/ros2_ws/src/install/yolov8_bringup/share/yolov8_bringup/package.zsh'
[39.151s] Level 1:colcon.colcon_core.environment:create_file_with_runtime_dependencies(/home/lehighur/ros2_ws/src/install/yolov8_bringup/share/colcon-core/packages/yolov8_bringup)
[39.214s] Level 1:colcon.colcon_core.environment:create_environment_scripts_only(yolov8_bringup)
[39.219s] Level 1:colcon.colcon_core.environment:checking '/home/lehighur/ros2_ws/src/install/yolov8_bringup' for CMake module files
[39.220s] Level 1:colcon.colcon_core.environment:checking '/home/lehighur/ros2_ws/src/install/yolov8_bringup' for CMake config files
[39.221s] Level 1:colcon.colcon_core.shell:create_environment_hook('yolov8_bringup', 'cmake_prefix_path')
[39.224s] INFO:colcon.colcon_core.shell:Creating environment hook '/home/lehighur/ros2_ws/src/install/yolov8_bringup/share/yolov8_bringup/hook/cmake_prefix_path.ps1'
[39.226s] INFO:colcon.colcon_core.shell:Creating environment descriptor '/home/lehighur/ros2_ws/src/install/yolov8_bringup/share/yolov8_bringup/hook/cmake_prefix_path.dsv'
[39.229s] INFO:colcon.colcon_core.shell:Creating environment hook '/home/lehighur/ros2_ws/src/install/yolov8_bringup/share/yolov8_bringup/hook/cmake_prefix_path.sh'
[39.232s] Level 1:colcon.colcon_core.environment:checking '/home/lehighur/ros2_ws/src/install/yolov8_bringup/bin'
[39.232s] Level 1:colcon.colcon_core.environment:checking '/home/lehighur/ros2_ws/src/install/yolov8_bringup/lib/pkgconfig/yolov8_bringup.pc'
[39.233s] Level 1:colcon.colcon_core.environment:checking '/home/lehighur/ros2_ws/src/install/yolov8_bringup/lib/python3.8/site-packages'
[39.233s] Level 1:colcon.colcon_core.environment:checking '/home/lehighur/ros2_ws/src/install/yolov8_bringup/bin'
[39.236s] INFO:colcon.colcon_core.shell:Creating package script '/home/lehighur/ros2_ws/src/install/yolov8_bringup/share/yolov8_bringup/package.ps1'
[39.238s] INFO:colcon.colcon_core.shell:Creating package descriptor '/home/lehighur/ros2_ws/src/install/yolov8_bringup/share/yolov8_bringup/package.dsv'
[39.239s] INFO:colcon.colcon_core.shell:Creating package script '/home/lehighur/ros2_ws/src/install/yolov8_bringup/share/yolov8_bringup/package.sh'
[39.240s] INFO:colcon.colcon_core.shell:Creating package script '/home/lehighur/ros2_ws/src/install/yolov8_bringup/share/yolov8_bringup/package.bash'
[39.242s] INFO:colcon.colcon_core.shell:Creating package script '/home/lehighur/ros2_ws/src/install/yolov8_bringup/share/yolov8_bringup/package.zsh'
[39.244s] Level 1:colcon.colcon_core.environment:create_file_with_runtime_dependencies(/home/lehighur/ros2_ws/src/install/yolov8_bringup/share/colcon-core/packages/yolov8_bringup)
[39.246s] DEBUG:colcon.colcon_parallel_executor.executor.parallel:closing loop
[39.247s] DEBUG:colcon.colcon_parallel_executor.executor.parallel:loop closed
[39.247s] DEBUG:colcon.colcon_parallel_executor.executor.parallel:run_until_complete finished with '0'
[39.248s] DEBUG:colcon.colcon_core.event_reactor:joining thread
[39.268s] INFO:colcon.colcon_core.plugin_system:Skipping extension 'colcon_notification.desktop_notification.terminal_notifier': Not used on non-Darwin systems
[39.269s] INFO:colcon.colcon_core.plugin_system:Skipping extension 'colcon_notification.desktop_notification.win32': Not used on non-Windows systems
[39.269s] INFO:colcon.colcon_notification.desktop_notification:Sending desktop notification using 'notify2'
[39.315s] DEBUG:colcon.colcon_core.event_reactor:joined thread
[39.320s] INFO:colcon.colcon_core.shell:Creating prefix script '/home/lehighur/ros2_ws/src/install/local_setup.ps1'
[39.323s] INFO:colcon.colcon_core.shell:Creating prefix util module '/home/lehighur/ros2_ws/src/install/_local_setup_util_ps1.py'
[39.327s] INFO:colcon.colcon_core.shell:Creating prefix chain script '/home/lehighur/ros2_ws/src/install/setup.ps1'
[39.332s] INFO:colcon.colcon_core.shell:Creating prefix script '/home/lehighur/ros2_ws/src/install/local_setup.sh'
[39.335s] INFO:colcon.colcon_core.shell:Creating prefix util module '/home/lehighur/ros2_ws/src/install/_local_setup_util_sh.py'
[39.336s] INFO:colcon.colcon_core.shell:Creating prefix chain script '/home/lehighur/ros2_ws/src/install/setup.sh'
[39.341s] INFO:colcon.colcon_core.shell:Creating prefix script '/home/lehighur/ros2_ws/src/install/local_setup.bash'
[39.343s] INFO:colcon.colcon_core.shell:Creating prefix chain script '/home/lehighur/ros2_ws/src/install/setup.bash'
[39.347s] INFO:colcon.colcon_core.shell:Creating prefix script '/home/lehighur/ros2_ws/src/install/local_setup.zsh'
[39.349s] INFO:colcon.colcon_core.shell:Creating prefix chain script '/home/lehighur/ros2_ws/src/install/setup.zsh'
