-- The C compiler identification is GNU 10.3.0
-- The CXX compiler identification is GNU 10.3.0
-- Check for working C compiler: /usr/bin/cc
-- Check for working C compiler: /usr/bin/cc -- works
-- Detecting C compiler ABI info
-- Detecting C compiler ABI info - done
-- Detecting C compile features
-- Detecting C compile features - done
-- Check for working CXX compiler: /usr/bin/c++
-- Check for working CXX compiler: /usr/bin/c++ -- works
-- Detecting CXX compiler ABI info
-- Detecting CXX compiler ABI info - done
-- Detecting CXX compile features
-- Detecting CXX compile features - done
-- Found ament_cmake: 0.9.12 (/opt/ros/foxy/share/ament_cmake/cmake)
-- Found PythonInterp: /usr/bin/python3 (found suitable version "3.8.10", minimum required is "3") 
-- Using PYTHON_EXECUTABLE: /usr/bin/python3
-- Found std_msgs: 2.0.5 (/opt/ros/foxy/share/std_msgs/cmake)
-- Using all available rosidl_typesupport_c: rosidl_typesupport_fastrtps_c;rosidl_typesupport_introspection_c
-- Found rosidl_adapter: 1.3.1 (/opt/ros/foxy/share/rosidl_adapter/cmake)
-- Found OpenSSL: /usr/lib/aarch64-linux-gnu/libcrypto.so (found version "1.1.1f")  
-- Found FastRTPS: /opt/ros/foxy/include  
-- Using all available rosidl_typesupport_cpp: rosidl_typesupport_fastrtps_cpp;rosidl_typesupport_introspection_cpp
-- Found geometry_msgs: 2.0.5 (/opt/ros/foxy/share/geometry_msgs/cmake)
-- Found rosidl_default_generators: 1.0.1 (/opt/ros/foxy/share/rosidl_default_generators/cmake)
-- Found PythonInterp: /usr/bin/python3 (found version "3.8.10") 
-- Found ament_cmake_cppcheck: 0.9.8 (/opt/ros/foxy/share/ament_cmake_cppcheck/cmake)
-- Found ament_cmake_cpplint: 0.9.8 (/opt/ros/foxy/share/ament_cmake_cpplint/cmake)
-- Found ament_cmake_uncrustify: 0.9.8 (/opt/ros/foxy/share/ament_cmake_uncrustify/cmake)
-- Found ament_cmake_ros: 0.9.2 (/opt/ros/foxy/share/ament_cmake_ros/cmake)
-- Using all available rosidl_typesupport_c: rosidl_typesupport_fastrtps_c;rosidl_typesupport_introspection_c
-- Using all available rosidl_typesupport_cpp: rosidl_typesupport_fastrtps_cpp;rosidl_typesupport_introspection_cpp
-- Found PythonInterp: /usr/bin/python3 (found suitable version "3.8.10", minimum required is "3.5") 
-- Found python_cmake_module: 0.8.1 (/opt/ros/foxy/share/python_cmake_module/cmake)
-- Found PythonLibs: /usr/lib/aarch64-linux-gnu/libpython3.8.so (found suitable version "3.8.10", minimum required is "3.5") 
-- Using PYTHON_EXECUTABLE: /usr/bin/python3
-- Using PYTHON_INCLUDE_DIRS: /usr/include/python3.8
-- Using PYTHON_LIBRARIES: /usr/lib/aarch64-linux-gnu/libpython3.8.so
-- Found PythonExtra: .so  
-- Found ament_cmake_flake8: 0.9.8 (/opt/ros/foxy/share/ament_cmake_flake8/cmake)
-- Found ament_cmake_pep257: 0.9.8 (/opt/ros/foxy/share/ament_cmake_pep257/cmake)
-- Found ament_lint_auto: 0.9.8 (/opt/ros/foxy/share/ament_lint_auto/cmake)
-- Found gtest sources under '/opt/ros/foxy/src/gtest_vendor': C++ tests using 'Google Test' will be built
-- Looking for pthread.h
-- Looking for pthread.h - found
-- Performing Test CMAKE_HAVE_LIBC_PTHREAD
-- Performing Test CMAKE_HAVE_LIBC_PTHREAD - Failed
-- Check if compiler accepts -pthread
-- Check if compiler accepts -pthread - yes
-- Found Threads: TRUE  
-- Added test 'cppcheck' to perform static code analysis on C / C++ code
-- Configured cppcheck include dirs: /home/lehighur/ros2_ws/src/vision_msgs/include
-- Configured cppcheck exclude dirs and/or files: 
-- Added test 'cpplint' to check C / C++ code against the Google style
-- Configured cpplint exclude dirs and/or files: 
-- Added test 'uncrustify' to check C / C++ code style
-- Configured uncrustify additional arguments: 
-- Added test 'copyright' to check source files copyright and LICENSE
-- Added test 'lint_cmake' to check CMake code style
-- Added test 'xmllint' to check XML markup files
-- Configuring done
-- Generating done
-- Build files have been written to: /home/lehighur/ros2_ws/src/build/vision_msgs
[35m[1mScanning dependencies of target gtest[0m
[35m[1mScanning dependencies of target gtest_main[0m
[  1%] [34m[1mGenerating C code for ROS interfaces[0m
[35m[1mScanning dependencies of target vision_msgs__cpp[0m
[  2%] [34m[1mGenerating C++ code for ROS interfaces[0m
[  2%] [32mBuilding CXX object gtest/CMakeFiles/gtest_main.dir/src/gtest_main.cc.o[0m
[  2%] [32mBuilding CXX object gtest/CMakeFiles/gtest.dir/src/gtest-all.cc.o[0m
[  3%] [32m[1mLinking CXX static library libgtest_main.a[0m
[  3%] Built target gtest_main
[  3%] Built target vision_msgs__cpp
[  3%] [34m[1mGenerating C++ introspection for ROS interfaces[0m
[  4%] [34m[1mGenerating C++ type support dispatch for ROS interfaces[0m
[  4%] [34m[1mGenerating C++ type support for eProsima Fast-RTPS[0m
[35m[1mScanning dependencies of target vision_msgs__rosidl_generator_c[0m
[  5%] [32mBuilding C object CMakeFiles/vision_msgs__rosidl_generator_c.dir/rosidl_generator_c/vision_msgs/msg/detail/bounding_box2_d__functions.c.o[0m
[  5%] [32mBuilding C object CMakeFiles/vision_msgs__rosidl_generator_c.dir/rosidl_generator_c/vision_msgs/msg/detail/bounding_box2_d_array__functions.c.o[0m
[  6%] [32mBuilding C object CMakeFiles/vision_msgs__rosidl_generator_c.dir/rosidl_generator_c/vision_msgs/msg/detail/bounding_box3_d__functions.c.o[0m
[  8%] [32mBuilding C object CMakeFiles/vision_msgs__rosidl_generator_c.dir/rosidl_generator_c/vision_msgs/msg/detail/classification__functions.c.o[0m
[  8%] [32mBuilding C object CMakeFiles/vision_msgs__rosidl_generator_c.dir/rosidl_generator_c/vision_msgs/msg/detail/detection2_d_array__functions.c.o[0m
[  8%] [32mBuilding C object CMakeFiles/vision_msgs__rosidl_generator_c.dir/rosidl_generator_c/vision_msgs/msg/detail/bounding_box3_d_array__functions.c.o[0m
[  8%] [32mBuilding C object CMakeFiles/vision_msgs__rosidl_generator_c.dir/rosidl_generator_c/vision_msgs/msg/detail/detection2_d__functions.c.o[0m
[  9%] [32mBuilding C object CMakeFiles/vision_msgs__rosidl_generator_c.dir/rosidl_generator_c/vision_msgs/msg/detail/detection3_d_array__functions.c.o[0m
[  9%] [32mBuilding C object CMakeFiles/vision_msgs__rosidl_generator_c.dir/rosidl_generator_c/vision_msgs/msg/detail/label_info__functions.c.o[0m
[ 10%] [32mBuilding C object CMakeFiles/vision_msgs__rosidl_generator_c.dir/rosidl_generator_c/vision_msgs/msg/detail/detection3_d__functions.c.o[0m
[ 11%] [32mBuilding C object CMakeFiles/vision_msgs__rosidl_generator_c.dir/rosidl_generator_c/vision_msgs/msg/detail/object_hypothesis__functions.c.o[0m
[ 11%] [32mBuilding C object CMakeFiles/vision_msgs__rosidl_generator_c.dir/rosidl_generator_c/vision_msgs/msg/detail/object_hypothesis_with_pose__functions.c.o[0m
[ 12%] [32mBuilding C object CMakeFiles/vision_msgs__rosidl_generator_c.dir/rosidl_generator_c/vision_msgs/msg/detail/vision_class__functions.c.o[0m
[ 13%] [32mBuilding C object CMakeFiles/vision_msgs__rosidl_generator_c.dir/rosidl_generator_c/vision_msgs/msg/detail/point2_d__functions.c.o[0m
[ 13%] [32mBuilding C object CMakeFiles/vision_msgs__rosidl_generator_c.dir/rosidl_generator_c/vision_msgs/msg/detail/pose2_d__functions.c.o[0m
[ 14%] [32mBuilding C object CMakeFiles/vision_msgs__rosidl_generator_c.dir/rosidl_generator_c/vision_msgs/msg/detail/vision_info__functions.c.o[0m
[ 15%] [32m[1mLinking C shared library libvision_msgs__rosidl_generator_c.so[0m
[ 15%] Built target vision_msgs__rosidl_generator_c
[ 16%] [34m[1mGenerating C type support dispatch for ROS interfaces[0m
[ 16%] [34m[1mGenerating C introspection for ROS interfaces[0m
[35m[1mScanning dependencies of target vision_msgs__rosidl_typesupport_cpp[0m
[ 17%] [32mBuilding CXX object CMakeFiles/vision_msgs__rosidl_typesupport_cpp.dir/rosidl_typesupport_cpp/vision_msgs/msg/bounding_box2_d__type_support.cpp.o[0m
[ 17%] [32mBuilding CXX object CMakeFiles/vision_msgs__rosidl_typesupport_cpp.dir/rosidl_typesupport_cpp/vision_msgs/msg/bounding_box2_d_array__type_support.cpp.o[0m
[ 18%] [32mBuilding CXX object CMakeFiles/vision_msgs__rosidl_typesupport_cpp.dir/rosidl_typesupport_cpp/vision_msgs/msg/bounding_box3_d__type_support.cpp.o[0m
[ 19%] [32mBuilding CXX object CMakeFiles/vision_msgs__rosidl_typesupport_cpp.dir/rosidl_typesupport_cpp/vision_msgs/msg/bounding_box3_d_array__type_support.cpp.o[0m
[ 19%] [32mBuilding CXX object CMakeFiles/vision_msgs__rosidl_typesupport_cpp.dir/rosidl_typesupport_cpp/vision_msgs/msg/classification__type_support.cpp.o[0m
[ 20%] [32mBuilding CXX object CMakeFiles/vision_msgs__rosidl_typesupport_cpp.dir/rosidl_typesupport_cpp/vision_msgs/msg/detection2_d_array__type_support.cpp.o[0m
[ 20%] [32mBuilding CXX object CMakeFiles/vision_msgs__rosidl_typesupport_cpp.dir/rosidl_typesupport_cpp/vision_msgs/msg/detection2_d__type_support.cpp.o[0m
[35m[1mScanning dependencies of target vision_msgs__rosidl_typesupport_introspection_cpp[0m
[ 21%] [32mBuilding CXX object CMakeFiles/vision_msgs__rosidl_typesupport_introspection_cpp.dir/rosidl_typesupport_introspection_cpp/vision_msgs/msg/detail/bounding_box2_d__type_support.cpp.o[0m
[ 22%] [32mBuilding CXX object CMakeFiles/vision_msgs__rosidl_typesupport_cpp.dir/rosidl_typesupport_cpp/vision_msgs/msg/detection3_d__type_support.cpp.o[0m
[ 23%] [32mBuilding CXX object CMakeFiles/vision_msgs__rosidl_typesupport_cpp.dir/rosidl_typesupport_cpp/vision_msgs/msg/detection3_d_array__type_support.cpp.o[0m
[ 23%] [32mBuilding CXX object CMakeFiles/vision_msgs__rosidl_typesupport_cpp.dir/rosidl_typesupport_cpp/vision_msgs/msg/label_info__type_support.cpp.o[0m
[ 24%] [32mBuilding CXX object CMakeFiles/vision_msgs__rosidl_typesupport_cpp.dir/rosidl_typesupport_cpp/vision_msgs/msg/object_hypothesis__type_support.cpp.o[0m
[ 25%] [32mBuilding CXX object CMakeFiles/vision_msgs__rosidl_typesupport_cpp.dir/rosidl_typesupport_cpp/vision_msgs/msg/object_hypothesis_with_pose__type_support.cpp.o[0m
[ 25%] [32mBuilding CXX object CMakeFiles/vision_msgs__rosidl_typesupport_cpp.dir/rosidl_typesupport_cpp/vision_msgs/msg/vision_class__type_support.cpp.o[0m
[ 26%] [32mBuilding CXX object CMakeFiles/vision_msgs__rosidl_typesupport_cpp.dir/rosidl_typesupport_cpp/vision_msgs/msg/point2_d__type_support.cpp.o[0m
[ 27%] [32mBuilding CXX object CMakeFiles/vision_msgs__rosidl_typesupport_introspection_cpp.dir/rosidl_typesupport_introspection_cpp/vision_msgs/msg/detail/bounding_box2_d_array__type_support.cpp.o[0m
[35m[1mScanning dependencies of target vision_msgs__rosidl_typesupport_fastrtps_cpp[0m
[ 27%] [32mBuilding CXX object CMakeFiles/vision_msgs__rosidl_typesupport_introspection_cpp.dir/rosidl_typesupport_introspection_cpp/vision_msgs/msg/detail/bounding_box3_d__type_support.cpp.o[0m
[ 28%] [32mBuilding CXX object CMakeFiles/vision_msgs__rosidl_typesupport_introspection_cpp.dir/rosidl_typesupport_introspection_cpp/vision_msgs/msg/detail/bounding_box3_d_array__type_support.cpp.o[0m
[ 29%] [32mBuilding CXX object CMakeFiles/vision_msgs__rosidl_typesupport_fastrtps_cpp.dir/rosidl_typesupport_fastrtps_cpp/vision_msgs/msg/detail/dds_fastrtps/bounding_box2_d__type_support.cpp.o[0m
[35m[1mScanning dependencies of target vision_msgs__rosidl_typesupport_c[0m
[ 29%] [32mBuilding CXX object CMakeFiles/vision_msgs__rosidl_typesupport_fastrtps_cpp.dir/rosidl_typesupport_fastrtps_cpp/vision_msgs/msg/detail/dds_fastrtps/bounding_box2_d_array__type_support.cpp.o[0m
[ 30%] [32mBuilding CXX object CMakeFiles/vision_msgs__rosidl_typesupport_cpp.dir/rosidl_typesupport_cpp/vision_msgs/msg/pose2_d__type_support.cpp.o[0m
[ 31%] [32mBuilding CXX object CMakeFiles/vision_msgs__rosidl_typesupport_c.dir/rosidl_typesupport_c/vision_msgs/msg/bounding_box2_d__type_support.cpp.o[0m
[ 32%] [32mBuilding CXX object CMakeFiles/vision_msgs__rosidl_typesupport_fastrtps_cpp.dir/rosidl_typesupport_fastrtps_cpp/vision_msgs/msg/detail/dds_fastrtps/bounding_box3_d__type_support.cpp.o[0m
[ 32%] [32mBuilding CXX object CMakeFiles/vision_msgs__rosidl_typesupport_cpp.dir/rosidl_typesupport_cpp/vision_msgs/msg/vision_info__type_support.cpp.o[0m
[ 33%] [32mBuilding CXX object CMakeFiles/vision_msgs__rosidl_typesupport_c.dir/rosidl_typesupport_c/vision_msgs/msg/bounding_box2_d_array__type_support.cpp.o[0m
[ 33%] [32mBuilding CXX object CMakeFiles/vision_msgs__rosidl_typesupport_c.dir/rosidl_typesupport_c/vision_msgs/msg/bounding_box3_d__type_support.cpp.o[0m
[ 34%] [32mBuilding CXX object CMakeFiles/vision_msgs__rosidl_typesupport_c.dir/rosidl_typesupport_c/vision_msgs/msg/bounding_box3_d_array__type_support.cpp.o[0m
[ 34%] [32mBuilding CXX object CMakeFiles/vision_msgs__rosidl_typesupport_c.dir/rosidl_typesupport_c/vision_msgs/msg/classification__type_support.cpp.o[0m
[ 35%] [32mBuilding CXX object CMakeFiles/vision_msgs__rosidl_typesupport_c.dir/rosidl_typesupport_c/vision_msgs/msg/detection2_d_array__type_support.cpp.o[0m
[ 36%] [32mBuilding CXX object CMakeFiles/vision_msgs__rosidl_typesupport_c.dir/rosidl_typesupport_c/vision_msgs/msg/detection2_d__type_support.cpp.o[0m
[ 37%] [32mBuilding CXX object CMakeFiles/vision_msgs__rosidl_typesupport_introspection_cpp.dir/rosidl_typesupport_introspection_cpp/vision_msgs/msg/detail/classification__type_support.cpp.o[0m
[35m[1mScanning dependencies of target vision_msgs__rosidl_typesupport_introspection_c[0m
[ 37%] [32mBuilding CXX object CMakeFiles/vision_msgs__rosidl_typesupport_introspection_cpp.dir/rosidl_typesupport_introspection_cpp/vision_msgs/msg/detail/detection2_d_array__type_support.cpp.o[0m
[ 37%] [32mBuilding CXX object CMakeFiles/vision_msgs__rosidl_typesupport_c.dir/rosidl_typesupport_c/vision_msgs/msg/detection3_d_array__type_support.cpp.o[0m
[ 38%] [32mBuilding CXX object CMakeFiles/vision_msgs__rosidl_typesupport_c.dir/rosidl_typesupport_c/vision_msgs/msg/detection3_d__type_support.cpp.o[0m
[ 38%] [32mBuilding C object CMakeFiles/vision_msgs__rosidl_typesupport_introspection_c.dir/rosidl_typesupport_introspection_c/vision_msgs/msg/detail/bounding_box2_d__type_support.c.o[0m
[ 39%] [32mBuilding CXX object CMakeFiles/vision_msgs__rosidl_typesupport_introspection_cpp.dir/rosidl_typesupport_introspection_cpp/vision_msgs/msg/detail/detection2_d__type_support.cpp.o[0m
[ 40%] [32mBuilding CXX object CMakeFiles/vision_msgs__rosidl_typesupport_c.dir/rosidl_typesupport_c/vision_msgs/msg/label_info__type_support.cpp.o[0m
[ 41%] [32m[1mLinking CXX shared library libvision_msgs__rosidl_typesupport_cpp.so[0m
[ 42%] [32mBuilding C object CMakeFiles/vision_msgs__rosidl_typesupport_introspection_c.dir/rosidl_typesupport_introspection_c/vision_msgs/msg/detail/bounding_box2_d_array__type_support.c.o[0m
[ 43%] [32mBuilding CXX object CMakeFiles/vision_msgs__rosidl_typesupport_fastrtps_cpp.dir/rosidl_typesupport_fastrtps_cpp/vision_msgs/msg/detail/dds_fastrtps/bounding_box3_d_array__type_support.cpp.o[0m
[ 44%] [32mBuilding C object CMakeFiles/vision_msgs__rosidl_typesupport_introspection_c.dir/rosidl_typesupport_introspection_c/vision_msgs/msg/detail/bounding_box3_d__type_support.c.o[0m
[ 44%] [32mBuilding CXX object CMakeFiles/vision_msgs__rosidl_typesupport_c.dir/rosidl_typesupport_c/vision_msgs/msg/object_hypothesis__type_support.cpp.o[0m
[ 45%] [32m[1mLinking CXX static library libgtest.a[0m
[ 45%] [32mBuilding C object CMakeFiles/vision_msgs__rosidl_typesupport_introspection_c.dir/rosidl_typesupport_introspection_c/vision_msgs/msg/detail/bounding_box3_d_array__type_support.c.o[0m
[ 45%] [32mBuilding CXX object CMakeFiles/vision_msgs__rosidl_typesupport_introspection_cpp.dir/rosidl_typesupport_introspection_cpp/vision_msgs/msg/detail/detection3_d_array__type_support.cpp.o[0m
[ 45%] Built target vision_msgs__rosidl_typesupport_cpp
[ 45%] [32mBuilding CXX object CMakeFiles/vision_msgs__rosidl_typesupport_fastrtps_cpp.dir/rosidl_typesupport_fastrtps_cpp/vision_msgs/msg/detail/dds_fastrtps/classification__type_support.cpp.o[0m
[ 46%] [32mBuilding C object CMakeFiles/vision_msgs__rosidl_typesupport_introspection_c.dir/rosidl_typesupport_introspection_c/vision_msgs/msg/detail/classification__type_support.c.o[0m
[ 47%] [32mBuilding CXX object CMakeFiles/vision_msgs__rosidl_typesupport_c.dir/rosidl_typesupport_c/vision_msgs/msg/vision_class__type_support.cpp.o[0m
[ 48%] [32mBuilding CXX object CMakeFiles/vision_msgs__rosidl_typesupport_c.dir/rosidl_typesupport_c/vision_msgs/msg/object_hypothesis_with_pose__type_support.cpp.o[0m
[ 48%] [32mBuilding C object CMakeFiles/vision_msgs__rosidl_typesupport_introspection_c.dir/rosidl_typesupport_introspection_c/vision_msgs/msg/detail/detection2_d_array__type_support.c.o[0m
[ 48%] [32mBuilding CXX object CMakeFiles/vision_msgs__rosidl_typesupport_c.dir/rosidl_typesupport_c/vision_msgs/msg/point2_d__type_support.cpp.o[0m
[ 49%] [32mBuilding C object CMakeFiles/vision_msgs__rosidl_typesupport_introspection_c.dir/rosidl_typesupport_introspection_c/vision_msgs/msg/detail/detection3_d_array__type_support.c.o[0m
[ 50%] [32mBuilding C object CMakeFiles/vision_msgs__rosidl_typesupport_introspection_c.dir/rosidl_typesupport_introspection_c/vision_msgs/msg/detail/detection2_d__type_support.c.o[0m
[ 51%] [32mBuilding CXX object CMakeFiles/vision_msgs__rosidl_typesupport_introspection_cpp.dir/rosidl_typesupport_introspection_cpp/vision_msgs/msg/detail/detection3_d__type_support.cpp.o[0m
[ 51%] Built target gtest
[ 52%] [32mBuilding CXX object CMakeFiles/vision_msgs__rosidl_typesupport_c.dir/rosidl_typesupport_c/vision_msgs/msg/pose2_d__type_support.cpp.o[0m
[ 53%] [32mBuilding CXX object CMakeFiles/vision_msgs__rosidl_typesupport_introspection_cpp.dir/rosidl_typesupport_introspection_cpp/vision_msgs/msg/detail/label_info__type_support.cpp.o[0m
[ 53%] [32mBuilding C object CMakeFiles/vision_msgs__rosidl_typesupport_introspection_c.dir/rosidl_typesupport_introspection_c/vision_msgs/msg/detail/detection3_d__type_support.c.o[0m
[ 53%] [32mBuilding CXX object CMakeFiles/vision_msgs__rosidl_typesupport_c.dir/rosidl_typesupport_c/vision_msgs/msg/vision_info__type_support.cpp.o[0m
[ 54%] [32mBuilding C object CMakeFiles/vision_msgs__rosidl_typesupport_introspection_c.dir/rosidl_typesupport_introspection_c/vision_msgs/msg/detail/label_info__type_support.c.o[0m
[ 55%] [32mBuilding C object CMakeFiles/vision_msgs__rosidl_typesupport_introspection_c.dir/rosidl_typesupport_introspection_c/vision_msgs/msg/detail/object_hypothesis__type_support.c.o[0m
[ 56%] [32m[1mLinking CXX shared library libvision_msgs__rosidl_typesupport_c.so[0m
[ 56%] [32mBuilding C object CMakeFiles/vision_msgs__rosidl_typesupport_introspection_c.dir/rosidl_typesupport_introspection_c/vision_msgs/msg/detail/object_hypothesis_with_pose__type_support.c.o[0m
[ 57%] [32mBuilding C object CMakeFiles/vision_msgs__rosidl_typesupport_introspection_c.dir/rosidl_typesupport_introspection_c/vision_msgs/msg/detail/vision_class__type_support.c.o[0m
[ 57%] [32mBuilding C object CMakeFiles/vision_msgs__rosidl_typesupport_introspection_c.dir/rosidl_typesupport_introspection_c/vision_msgs/msg/detail/pose2_d__type_support.c.o[0m
[ 58%] [32mBuilding C object CMakeFiles/vision_msgs__rosidl_typesupport_introspection_c.dir/rosidl_typesupport_introspection_c/vision_msgs/msg/detail/point2_d__type_support.c.o[0m
[ 58%] [32mBuilding CXX object CMakeFiles/vision_msgs__rosidl_typesupport_introspection_cpp.dir/rosidl_typesupport_introspection_cpp/vision_msgs/msg/detail/object_hypothesis__type_support.cpp.o[0m
[ 59%] [32mBuilding C object CMakeFiles/vision_msgs__rosidl_typesupport_introspection_c.dir/rosidl_typesupport_introspection_c/vision_msgs/msg/detail/vision_info__type_support.c.o[0m
[ 60%] [32mBuilding CXX object CMakeFiles/vision_msgs__rosidl_typesupport_introspection_cpp.dir/rosidl_typesupport_introspection_cpp/vision_msgs/msg/detail/object_hypothesis_with_pose__type_support.cpp.o[0m
[ 61%] [32mBuilding CXX object CMakeFiles/vision_msgs__rosidl_typesupport_fastrtps_cpp.dir/rosidl_typesupport_fastrtps_cpp/vision_msgs/msg/detail/dds_fastrtps/detection2_d_array__type_support.cpp.o[0m
[ 62%] [32mBuilding CXX object CMakeFiles/vision_msgs__rosidl_typesupport_fastrtps_cpp.dir/rosidl_typesupport_fastrtps_cpp/vision_msgs/msg/detail/dds_fastrtps/detection2_d__type_support.cpp.o[0m
[ 62%] Built target vision_msgs__rosidl_typesupport_c
[ 63%] [32mBuilding CXX object CMakeFiles/vision_msgs__rosidl_typesupport_introspection_cpp.dir/rosidl_typesupport_introspection_cpp/vision_msgs/msg/detail/vision_class__type_support.cpp.o[0m
[ 63%] [32mBuilding CXX object CMakeFiles/vision_msgs__rosidl_typesupport_introspection_cpp.dir/rosidl_typesupport_introspection_cpp/vision_msgs/msg/detail/point2_d__type_support.cpp.o[0m
[ 63%] [32m[1mLinking C shared library libvision_msgs__rosidl_typesupport_introspection_c.so[0m
[ 64%] [32mBuilding CXX object CMakeFiles/vision_msgs__rosidl_typesupport_introspection_cpp.dir/rosidl_typesupport_introspection_cpp/vision_msgs/msg/detail/pose2_d__type_support.cpp.o[0m
[ 65%] [32mBuilding CXX object CMakeFiles/vision_msgs__rosidl_typesupport_introspection_cpp.dir/rosidl_typesupport_introspection_cpp/vision_msgs/msg/detail/vision_info__type_support.cpp.o[0m
[ 65%] Built target vision_msgs__rosidl_typesupport_introspection_c
[ 65%] [32mBuilding CXX object CMakeFiles/vision_msgs__rosidl_typesupport_fastrtps_cpp.dir/rosidl_typesupport_fastrtps_cpp/vision_msgs/msg/detail/dds_fastrtps/detection3_d_array__type_support.cpp.o[0m
[ 66%] [32mBuilding CXX object CMakeFiles/vision_msgs__rosidl_typesupport_fastrtps_cpp.dir/rosidl_typesupport_fastrtps_cpp/vision_msgs/msg/detail/dds_fastrtps/detection3_d__type_support.cpp.o[0m
[ 67%] [32mBuilding CXX object CMakeFiles/vision_msgs__rosidl_typesupport_fastrtps_cpp.dir/rosidl_typesupport_fastrtps_cpp/vision_msgs/msg/detail/dds_fastrtps/label_info__type_support.cpp.o[0m
[ 67%] [32mBuilding CXX object CMakeFiles/vision_msgs__rosidl_typesupport_fastrtps_cpp.dir/rosidl_typesupport_fastrtps_cpp/vision_msgs/msg/detail/dds_fastrtps/object_hypothesis__type_support.cpp.o[0m
[ 68%] [32mBuilding CXX object CMakeFiles/vision_msgs__rosidl_typesupport_fastrtps_cpp.dir/rosidl_typesupport_fastrtps_cpp/vision_msgs/msg/detail/dds_fastrtps/object_hypothesis_with_pose__type_support.cpp.o[0m
[ 68%] [32mBuilding CXX object CMakeFiles/vision_msgs__rosidl_typesupport_fastrtps_cpp.dir/rosidl_typesupport_fastrtps_cpp/vision_msgs/msg/detail/dds_fastrtps/vision_class__type_support.cpp.o[0m
[ 69%] [32mBuilding CXX object CMakeFiles/vision_msgs__rosidl_typesupport_fastrtps_cpp.dir/rosidl_typesupport_fastrtps_cpp/vision_msgs/msg/detail/dds_fastrtps/point2_d__type_support.cpp.o[0m
[ 70%] [32mBuilding CXX object CMakeFiles/vision_msgs__rosidl_typesupport_fastrtps_cpp.dir/rosidl_typesupport_fastrtps_cpp/vision_msgs/msg/detail/dds_fastrtps/pose2_d__type_support.cpp.o[0m
[ 70%] [32mBuilding CXX object CMakeFiles/vision_msgs__rosidl_typesupport_fastrtps_cpp.dir/rosidl_typesupport_fastrtps_cpp/vision_msgs/msg/detail/dds_fastrtps/vision_info__type_support.cpp.o[0m
[ 70%] [32m[1mLinking CXX shared library libvision_msgs__rosidl_typesupport_introspection_cpp.so[0m
[ 70%] Built target vision_msgs__rosidl_typesupport_introspection_cpp
[ 71%] [32m[1mLinking CXX shared library libvision_msgs__rosidl_typesupport_fastrtps_cpp.so[0m
[ 71%] Built target vision_msgs__rosidl_typesupport_fastrtps_cpp
[ 71%] [34m[1mGenerating C type support for eProsima Fast-RTPS[0m
[35m[1mScanning dependencies of target vision_msgs__rosidl_typesupport_fastrtps_c[0m
[ 73%] [32mBuilding CXX object CMakeFiles/vision_msgs__rosidl_typesupport_fastrtps_c.dir/rosidl_typesupport_fastrtps_c/vision_msgs/msg/detail/detection2_d_array__type_support_c.cpp.o[0m
[ 73%] [32mBuilding CXX object CMakeFiles/vision_msgs__rosidl_typesupport_fastrtps_c.dir/rosidl_typesupport_fastrtps_c/vision_msgs/msg/detail/classification__type_support_c.cpp.o[0m
[ 73%] [32mBuilding CXX object CMakeFiles/vision_msgs__rosidl_typesupport_fastrtps_c.dir/rosidl_typesupport_fastrtps_c/vision_msgs/msg/detail/bounding_box2_d_array__type_support_c.cpp.o[0m
[ 73%] [32mBuilding CXX object CMakeFiles/vision_msgs__rosidl_typesupport_fastrtps_c.dir/rosidl_typesupport_fastrtps_c/vision_msgs/msg/detail/bounding_box3_d__type_support_c.cpp.o[0m
[ 74%] [32mBuilding CXX object CMakeFiles/vision_msgs__rosidl_typesupport_fastrtps_c.dir/rosidl_typesupport_fastrtps_c/vision_msgs/msg/detail/bounding_box2_d__type_support_c.cpp.o[0m
[ 75%] [32mBuilding CXX object CMakeFiles/vision_msgs__rosidl_typesupport_fastrtps_c.dir/rosidl_typesupport_fastrtps_c/vision_msgs/msg/detail/detection2_d__type_support_c.cpp.o[0m
[ 76%] [32mBuilding CXX object CMakeFiles/vision_msgs__rosidl_typesupport_fastrtps_c.dir/rosidl_typesupport_fastrtps_c/vision_msgs/msg/detail/bounding_box3_d_array__type_support_c.cpp.o[0m
[ 77%] [32mBuilding CXX object CMakeFiles/vision_msgs__rosidl_typesupport_fastrtps_c.dir/rosidl_typesupport_fastrtps_c/vision_msgs/msg/detail/object_hypothesis__type_support_c.cpp.o[0m
[ 77%] [32mBuilding CXX object CMakeFiles/vision_msgs__rosidl_typesupport_fastrtps_c.dir/rosidl_typesupport_fastrtps_c/vision_msgs/msg/detail/label_info__type_support_c.cpp.o[0m
[ 77%] [32mBuilding CXX object CMakeFiles/vision_msgs__rosidl_typesupport_fastrtps_c.dir/rosidl_typesupport_fastrtps_c/vision_msgs/msg/detail/detection3_d__type_support_c.cpp.o[0m
[ 78%] [32mBuilding CXX object CMakeFiles/vision_msgs__rosidl_typesupport_fastrtps_c.dir/rosidl_typesupport_fastrtps_c/vision_msgs/msg/detail/detection3_d_array__type_support_c.cpp.o[0m
[ 79%] [32mBuilding CXX object CMakeFiles/vision_msgs__rosidl_typesupport_fastrtps_c.dir/rosidl_typesupport_fastrtps_c/vision_msgs/msg/detail/object_hypothesis_with_pose__type_support_c.cpp.o[0m
[ 79%] [32mBuilding CXX object CMakeFiles/vision_msgs__rosidl_typesupport_fastrtps_c.dir/rosidl_typesupport_fastrtps_c/vision_msgs/msg/detail/point2_d__type_support_c.cpp.o[0m
[ 80%] [32mBuilding CXX object CMakeFiles/vision_msgs__rosidl_typesupport_fastrtps_c.dir/rosidl_typesupport_fastrtps_c/vision_msgs/msg/detail/vision_class__type_support_c.cpp.o[0m
[ 81%] [32mBuilding CXX object CMakeFiles/vision_msgs__rosidl_typesupport_fastrtps_c.dir/rosidl_typesupport_fastrtps_c/vision_msgs/msg/detail/pose2_d__type_support_c.cpp.o[0m
[ 82%] [32mBuilding CXX object CMakeFiles/vision_msgs__rosidl_typesupport_fastrtps_c.dir/rosidl_typesupport_fastrtps_c/vision_msgs/msg/detail/vision_info__type_support_c.cpp.o[0m
[ 82%] [32m[1mLinking CXX shared library libvision_msgs__rosidl_typesupport_fastrtps_c.so[0m
[ 82%] Built target vision_msgs__rosidl_typesupport_fastrtps_c
[35m[1mScanning dependencies of target vision_msgs[0m
[ 82%] Built target vision_msgs
[35m[1mScanning dependencies of target vision_msgs_test[0m
[35m[1mScanning dependencies of target vision_msgs__py[0m
[ 82%] [34m[1mGenerating Python code for ROS interfaces[0m
[ 83%] [32mBuilding CXX object CMakeFiles/vision_msgs_test.dir/test/main.cpp.o[0m
[ 84%] [32m[1mLinking CXX executable vision_msgs_test[0m
[ 84%] Built target vision_msgs_test
[ 84%] Built target vision_msgs__py
[35m[1mScanning dependencies of target vision_msgs__python[0m
[ 85%] [32mBuilding C object CMakeFiles/vision_msgs__python.dir/rosidl_generator_py/vision_msgs/msg/_bounding_box3_d_array_s.c.o[0m
[ 85%] [32mBuilding C object CMakeFiles/vision_msgs__python.dir/rosidl_generator_py/vision_msgs/msg/_bounding_box3_d_s.c.o[0m
[ 86%] [32mBuilding C object CMakeFiles/vision_msgs__python.dir/rosidl_generator_py/vision_msgs/msg/_detection2_d_s.c.o[0m
[ 86%] [32mBuilding C object CMakeFiles/vision_msgs__python.dir/rosidl_generator_py/vision_msgs/msg/_detection3_d_array_s.c.o[0m
[ 89%] [32mBuilding C object CMakeFiles/vision_msgs__python.dir/rosidl_generator_py/vision_msgs/msg/_object_hypothesis_with_pose_s.c.o[0m
[ 89%] [32mBuilding C object CMakeFiles/vision_msgs__python.dir/rosidl_generator_py/vision_msgs/msg/_bounding_box2_d_s.c.o[0m
[ 87%] [32mBuilding C object CMakeFiles/vision_msgs__python.dir/rosidl_generator_py/vision_msgs/msg/_detection2_d_array_s.c.o[0m
[ 90%] [32mBuilding C object CMakeFiles/vision_msgs__python.dir/rosidl_generator_py/vision_msgs/msg/_classification_s.c.o[0m
[ 90%] [32mBuilding C object CMakeFiles/vision_msgs__python.dir/rosidl_generator_py/vision_msgs/msg/_label_info_s.c.o[0m
[ 91%] [32mBuilding C object CMakeFiles/vision_msgs__python.dir/rosidl_generator_py/vision_msgs/msg/_detection3_d_s.c.o[0m
[ 92%] [32mBuilding C object CMakeFiles/vision_msgs__python.dir/rosidl_generator_py/vision_msgs/msg/_bounding_box2_d_array_s.c.o[0m
[ 92%] [32mBuilding C object CMakeFiles/vision_msgs__python.dir/rosidl_generator_py/vision_msgs/msg/_object_hypothesis_s.c.o[0m
[ 92%] [32mBuilding C object CMakeFiles/vision_msgs__python.dir/rosidl_generator_py/vision_msgs/msg/_point2_d_s.c.o[0m
[ 93%] [32mBuilding C object CMakeFiles/vision_msgs__python.dir/rosidl_generator_py/vision_msgs/msg/_pose2_d_s.c.o[0m
[ 94%] [32mBuilding C object CMakeFiles/vision_msgs__python.dir/rosidl_generator_py/vision_msgs/msg/_vision_class_s.c.o[0m
[ 95%] [32mBuilding C object CMakeFiles/vision_msgs__python.dir/rosidl_generator_py/vision_msgs/msg/_vision_info_s.c.o[0m
[ 95%] [32m[1mLinking C shared library rosidl_generator_py/vision_msgs/libvision_msgs__python.so[0m
[ 95%] Built target vision_msgs__python
[35m[1mScanning dependencies of target vision_msgs__rosidl_typesupport_c__pyext[0m
[35m[1mScanning dependencies of target vision_msgs__rosidl_typesupport_introspection_c__pyext[0m
[35m[1mScanning dependencies of target vision_msgs__rosidl_typesupport_fastrtps_c__pyext[0m
[ 98%] [32mBuilding C object CMakeFiles/vision_msgs__rosidl_typesupport_fastrtps_c__pyext.dir/rosidl_generator_py/vision_msgs/_vision_msgs_s.ep.rosidl_typesupport_fastrtps_c.c.o[0m
[ 98%] [32mBuilding C object CMakeFiles/vision_msgs__rosidl_typesupport_introspection_c__pyext.dir/rosidl_generator_py/vision_msgs/_vision_msgs_s.ep.rosidl_typesupport_introspection_c.c.o[0m
[ 98%] [32mBuilding C object CMakeFiles/vision_msgs__rosidl_typesupport_c__pyext.dir/rosidl_generator_py/vision_msgs/_vision_msgs_s.ep.rosidl_typesupport_c.c.o[0m
[ 99%] [32m[1mLinking CXX shared library rosidl_generator_py/vision_msgs/vision_msgs_s__rosidl_typesupport_fastrtps_c.cpython-38-aarch64-linux-gnu.so[0m
[ 99%] [32m[1mLinking C shared library rosidl_generator_py/vision_msgs/vision_msgs_s__rosidl_typesupport_c.cpython-38-aarch64-linux-gnu.so[0m
[100%] [32m[1mLinking C shared library rosidl_generator_py/vision_msgs/vision_msgs_s__rosidl_typesupport_introspection_c.cpython-38-aarch64-linux-gnu.so[0m
[100%] Built target vision_msgs__rosidl_typesupport_c__pyext
[100%] Built target vision_msgs__rosidl_typesupport_fastrtps_c__pyext
[100%] Built target vision_msgs__rosidl_typesupport_introspection_c__pyext
-- Install configuration: ""
-- Installing: /home/lehighur/ros2_ws/src/install/vision_msgs/share/ament_index/resource_index/rosidl_interfaces/vision_msgs
-- Installing: /home/lehighur/ros2_ws/src/install/vision_msgs/include/vision_msgs
-- Installing: /home/lehighur/ros2_ws/src/install/vision_msgs/include/vision_msgs/msg
-- Installing: /home/lehighur/ros2_ws/src/install/vision_msgs/include/vision_msgs/msg/detection2_d_array.h
-- Installing: /home/lehighur/ros2_ws/src/install/vision_msgs/include/vision_msgs/msg/label_info.h
-- Installing: /home/lehighur/ros2_ws/src/install/vision_msgs/include/vision_msgs/msg/vision_class.h
-- Installing: /home/lehighur/ros2_ws/src/install/vision_msgs/include/vision_msgs/msg/object_hypothesis_with_pose.h
-- Installing: /home/lehighur/ros2_ws/src/install/vision_msgs/include/vision_msgs/msg/bounding_box2_d.h
-- Installing: /home/lehighur/ros2_ws/src/install/vision_msgs/include/vision_msgs/msg/classification.h
-- Installing: /home/lehighur/ros2_ws/src/install/vision_msgs/include/vision_msgs/msg/detection3_d_array.h
-- Installing: /home/lehighur/ros2_ws/src/install/vision_msgs/include/vision_msgs/msg/bounding_box3_d_array.h
-- Installing: /home/lehighur/ros2_ws/src/install/vision_msgs/include/vision_msgs/msg/bounding_box2_d_array.h
-- Installing: /home/lehighur/ros2_ws/src/install/vision_msgs/include/vision_msgs/msg/vision_info.h
-- Installing: /home/lehighur/ros2_ws/src/install/vision_msgs/include/vision_msgs/msg/detail
-- Installing: /home/lehighur/ros2_ws/src/install/vision_msgs/include/vision_msgs/msg/detail/bounding_box3_d__type_support.h
-- Installing: /home/lehighur/ros2_ws/src/install/vision_msgs/include/vision_msgs/msg/detail/pose2_d__functions.h
-- Installing: /home/lehighur/ros2_ws/src/install/vision_msgs/include/vision_msgs/msg/detail/detection3_d_array__type_support.h
-- Installing: /home/lehighur/ros2_ws/src/install/vision_msgs/include/vision_msgs/msg/detail/detection3_d__functions.c
-- Installing: /home/lehighur/ros2_ws/src/install/vision_msgs/include/vision_msgs/msg/detail/classification__struct.h
-- Installing: /home/lehighur/ros2_ws/src/install/vision_msgs/include/vision_msgs/msg/detail/bounding_box2_d_array__functions.c
-- Installing: /home/lehighur/ros2_ws/src/install/vision_msgs/include/vision_msgs/msg/detail/pose2_d__functions.c
-- Installing: /home/lehighur/ros2_ws/src/install/vision_msgs/include/vision_msgs/msg/detail/detection2_d_array__type_support.h
-- Installing: /home/lehighur/ros2_ws/src/install/vision_msgs/include/vision_msgs/msg/detail/detection2_d__functions.c
-- Installing: /home/lehighur/ros2_ws/src/install/vision_msgs/include/vision_msgs/msg/detail/bounding_box2_d__functions.c
-- Installing: /home/lehighur/ros2_ws/src/install/vision_msgs/include/vision_msgs/msg/detail/bounding_box3_d_array__type_support.h
-- Installing: /home/lehighur/ros2_ws/src/install/vision_msgs/include/vision_msgs/msg/detail/classification__type_support.h
-- Installing: /home/lehighur/ros2_ws/src/install/vision_msgs/include/vision_msgs/msg/detail/bounding_box3_d_array__functions.h
-- Installing: /home/lehighur/ros2_ws/src/install/vision_msgs/include/vision_msgs/msg/detail/detection3_d__struct.h
-- Installing: /home/lehighur/ros2_ws/src/install/vision_msgs/include/vision_msgs/msg/detail/detection2_d_array__struct.h
-- Installing: /home/lehighur/ros2_ws/src/install/vision_msgs/include/vision_msgs/msg/detail/bounding_box3_d__struct.h
-- Installing: /home/lehighur/ros2_ws/src/install/vision_msgs/include/vision_msgs/msg/detail/point2_d__functions.c
-- Installing: /home/lehighur/ros2_ws/src/install/vision_msgs/include/vision_msgs/msg/detail/object_hypothesis__functions.h
-- Installing: /home/lehighur/ros2_ws/src/install/vision_msgs/include/vision_msgs/msg/detail/bounding_box2_d_array__struct.h
-- Installing: /home/lehighur/ros2_ws/src/install/vision_msgs/include/vision_msgs/msg/detail/detection3_d__type_support.h
-- Installing: /home/lehighur/ros2_ws/src/install/vision_msgs/include/vision_msgs/msg/detail/label_info__struct.h
-- Installing: /home/lehighur/ros2_ws/src/install/vision_msgs/include/vision_msgs/msg/detail/bounding_box2_d__functions.h
-- Installing: /home/lehighur/ros2_ws/src/install/vision_msgs/include/vision_msgs/msg/detail/vision_class__type_support.h
-- Installing: /home/lehighur/ros2_ws/src/install/vision_msgs/include/vision_msgs/msg/detail/object_hypothesis_with_pose__struct.h
-- Installing: /home/lehighur/ros2_ws/src/install/vision_msgs/include/vision_msgs/msg/detail/bounding_box2_d__struct.h
-- Installing: /home/lehighur/ros2_ws/src/install/vision_msgs/include/vision_msgs/msg/detail/detection2_d__functions.h
-- Installing: /home/lehighur/ros2_ws/src/install/vision_msgs/include/vision_msgs/msg/detail/vision_info__functions.h
-- Installing: /home/lehighur/ros2_ws/src/install/vision_msgs/include/vision_msgs/msg/detail/vision_info__type_support.h
-- Installing: /home/lehighur/ros2_ws/src/install/vision_msgs/include/vision_msgs/msg/detail/detection2_d_array__functions.h
-- Installing: /home/lehighur/ros2_ws/src/install/vision_msgs/include/vision_msgs/msg/detail/object_hypothesis__functions.c
-- Installing: /home/lehighur/ros2_ws/src/install/vision_msgs/include/vision_msgs/msg/detail/point2_d__struct.h
-- Installing: /home/lehighur/ros2_ws/src/install/vision_msgs/include/vision_msgs/msg/detail/label_info__type_support.h
-- Installing: /home/lehighur/ros2_ws/src/install/vision_msgs/include/vision_msgs/msg/detail/point2_d__functions.h
-- Installing: /home/lehighur/ros2_ws/src/install/vision_msgs/include/vision_msgs/msg/detail/vision_class__struct.h
-- Installing: /home/lehighur/ros2_ws/src/install/vision_msgs/include/vision_msgs/msg/detail/classification__functions.c
-- Installing: /home/lehighur/ros2_ws/src/install/vision_msgs/include/vision_msgs/msg/detail/classification__functions.h
-- Installing: /home/lehighur/ros2_ws/src/install/vision_msgs/include/vision_msgs/msg/detail/object_hypothesis__type_support.h
-- Installing: /home/lehighur/ros2_ws/src/install/vision_msgs/include/vision_msgs/msg/detail/point2_d__type_support.h
-- Installing: /home/lehighur/ros2_ws/src/install/vision_msgs/include/vision_msgs/msg/detail/detection3_d_array__functions.c
-- Installing: /home/lehighur/ros2_ws/src/install/vision_msgs/include/vision_msgs/msg/detail/bounding_box3_d__functions.c
-- Installing: /home/lehighur/ros2_ws/src/install/vision_msgs/include/vision_msgs/msg/detail/bounding_box2_d_array__functions.h
-- Installing: /home/lehighur/ros2_ws/src/install/vision_msgs/include/vision_msgs/msg/detail/label_info__functions.c
-- Installing: /home/lehighur/ros2_ws/src/install/vision_msgs/include/vision_msgs/msg/detail/vision_info__struct.h
-- Installing: /home/lehighur/ros2_ws/src/install/vision_msgs/include/vision_msgs/msg/detail/detection2_d__type_support.h
-- Installing: /home/lehighur/ros2_ws/src/install/vision_msgs/include/vision_msgs/msg/detail/detection2_d__struct.h
-- Installing: /home/lehighur/ros2_ws/src/install/vision_msgs/include/vision_msgs/msg/detail/pose2_d__type_support.h
-- Installing: /home/lehighur/ros2_ws/src/install/vision_msgs/include/vision_msgs/msg/detail/bounding_box3_d_array__struct.h
-- Installing: /home/lehighur/ros2_ws/src/install/vision_msgs/include/vision_msgs/msg/detail/vision_info__functions.c
-- Installing: /home/lehighur/ros2_ws/src/install/vision_msgs/include/vision_msgs/msg/detail/detection3_d__functions.h
-- Installing: /home/lehighur/ros2_ws/src/install/vision_msgs/include/vision_msgs/msg/detail/object_hypothesis_with_pose__functions.h
-- Installing: /home/lehighur/ros2_ws/src/install/vision_msgs/include/vision_msgs/msg/detail/detection3_d_array__functions.h
-- Installing: /home/lehighur/ros2_ws/src/install/vision_msgs/include/vision_msgs/msg/detail/vision_class__functions.c
-- Installing: /home/lehighur/ros2_ws/src/install/vision_msgs/include/vision_msgs/msg/detail/detection2_d_array__functions.c
-- Installing: /home/lehighur/ros2_ws/src/install/vision_msgs/include/vision_msgs/msg/detail/label_info__functions.h
-- Installing: /home/lehighur/ros2_ws/src/install/vision_msgs/include/vision_msgs/msg/detail/detection3_d_array__struct.h
-- Installing: /home/lehighur/ros2_ws/src/install/vision_msgs/include/vision_msgs/msg/detail/bounding_box3_d_array__functions.c
-- Installing: /home/lehighur/ros2_ws/src/install/vision_msgs/include/vision_msgs/msg/detail/object_hypothesis_with_pose__type_support.h
-- Installing: /home/lehighur/ros2_ws/src/install/vision_msgs/include/vision_msgs/msg/detail/object_hypothesis_with_pose__functions.c
-- Installing: /home/lehighur/ros2_ws/src/install/vision_msgs/include/vision_msgs/msg/detail/bounding_box2_d_array__type_support.h
-- Installing: /home/lehighur/ros2_ws/src/install/vision_msgs/include/vision_msgs/msg/detail/bounding_box3_d__functions.h
-- Installing: /home/lehighur/ros2_ws/src/install/vision_msgs/include/vision_msgs/msg/detail/object_hypothesis__struct.h
-- Installing: /home/lehighur/ros2_ws/src/install/vision_msgs/include/vision_msgs/msg/detail/vision_class__functions.h
-- Installing: /home/lehighur/ros2_ws/src/install/vision_msgs/include/vision_msgs/msg/detail/pose2_d__struct.h
-- Installing: /home/lehighur/ros2_ws/src/install/vision_msgs/include/vision_msgs/msg/detail/bounding_box2_d__type_support.h
-- Installing: /home/lehighur/ros2_ws/src/install/vision_msgs/include/vision_msgs/msg/bounding_box3_d.h
-- Installing: /home/lehighur/ros2_ws/src/install/vision_msgs/include/vision_msgs/msg/detection2_d.h
-- Installing: /home/lehighur/ros2_ws/src/install/vision_msgs/include/vision_msgs/msg/pose2_d.h
-- Installing: /home/lehighur/ros2_ws/src/install/vision_msgs/include/vision_msgs/msg/detection3_d.h
-- Installing: /home/lehighur/ros2_ws/src/install/vision_msgs/include/vision_msgs/msg/rosidl_generator_c__visibility_control.h
-- Installing: /home/lehighur/ros2_ws/src/install/vision_msgs/include/vision_msgs/msg/point2_d.h
-- Installing: /home/lehighur/ros2_ws/src/install/vision_msgs/include/vision_msgs/msg/object_hypothesis.h
-- Installing: /home/lehighur/ros2_ws/src/install/vision_msgs/share/vision_msgs/environment/library_path.sh
-- Installing: /home/lehighur/ros2_ws/src/install/vision_msgs/share/vision_msgs/environment/library_path.dsv
-- Installing: /home/lehighur/ros2_ws/src/install/vision_msgs/lib/libvision_msgs__rosidl_generator_c.so
-- Set runtime path of "/home/lehighur/ros2_ws/src/install/vision_msgs/lib/libvision_msgs__rosidl_generator_c.so" to ""
-- Up-to-date: /home/lehighur/ros2_ws/src/install/vision_msgs/include/vision_msgs
-- Up-to-date: /home/lehighur/ros2_ws/src/install/vision_msgs/include/vision_msgs/msg
-- Up-to-date: /home/lehighur/ros2_ws/src/install/vision_msgs/include/vision_msgs/msg/detail
-- Installing: /home/lehighur/ros2_ws/src/install/vision_msgs/include/vision_msgs/msg/detail/bounding_box3_d__rosidl_typesupport_fastrtps_c.h
-- Installing: /home/lehighur/ros2_ws/src/install/vision_msgs/include/vision_msgs/msg/detail/object_hypothesis_with_pose__rosidl_typesupport_fastrtps_c.h
-- Installing: /home/lehighur/ros2_ws/src/install/vision_msgs/include/vision_msgs/msg/detail/bounding_box3_d_array__rosidl_typesupport_fastrtps_c.h
-- Installing: /home/lehighur/ros2_ws/src/install/vision_msgs/include/vision_msgs/msg/detail/object_hypothesis__rosidl_typesupport_fastrtps_c.h
-- Installing: /home/lehighur/ros2_ws/src/install/vision_msgs/include/vision_msgs/msg/detail/classification__rosidl_typesupport_fastrtps_c.h
-- Installing: /home/lehighur/ros2_ws/src/install/vision_msgs/include/vision_msgs/msg/detail/detection2_d__rosidl_typesupport_fastrtps_c.h
-- Installing: /home/lehighur/ros2_ws/src/install/vision_msgs/include/vision_msgs/msg/detail/vision_info__rosidl_typesupport_fastrtps_c.h
-- Installing: /home/lehighur/ros2_ws/src/install/vision_msgs/include/vision_msgs/msg/detail/bounding_box2_d__rosidl_typesupport_fastrtps_c.h
-- Installing: /home/lehighur/ros2_ws/src/install/vision_msgs/include/vision_msgs/msg/detail/label_info__rosidl_typesupport_fastrtps_c.h
-- Installing: /home/lehighur/ros2_ws/src/install/vision_msgs/include/vision_msgs/msg/detail/pose2_d__rosidl_typesupport_fastrtps_c.h
-- Installing: /home/lehighur/ros2_ws/src/install/vision_msgs/include/vision_msgs/msg/detail/detection3_d__rosidl_typesupport_fastrtps_c.h
-- Installing: /home/lehighur/ros2_ws/src/install/vision_msgs/include/vision_msgs/msg/detail/bounding_box2_d_array__rosidl_typesupport_fastrtps_c.h
-- Installing: /home/lehighur/ros2_ws/src/install/vision_msgs/include/vision_msgs/msg/detail/detection3_d_array__rosidl_typesupport_fastrtps_c.h
-- Installing: /home/lehighur/ros2_ws/src/install/vision_msgs/include/vision_msgs/msg/detail/vision_class__rosidl_typesupport_fastrtps_c.h
-- Installing: /home/lehighur/ros2_ws/src/install/vision_msgs/include/vision_msgs/msg/detail/detection2_d_array__rosidl_typesupport_fastrtps_c.h
-- Installing: /home/lehighur/ros2_ws/src/install/vision_msgs/include/vision_msgs/msg/detail/point2_d__rosidl_typesupport_fastrtps_c.h
-- Installing: /home/lehighur/ros2_ws/src/install/vision_msgs/include/vision_msgs/msg/rosidl_typesupport_fastrtps_c__visibility_control.h
-- Installing: /home/lehighur/ros2_ws/src/install/vision_msgs/lib/libvision_msgs__rosidl_typesupport_fastrtps_c.so
-- Set runtime path of "/home/lehighur/ros2_ws/src/install/vision_msgs/lib/libvision_msgs__rosidl_typesupport_fastrtps_c.so" to ""
-- Up-to-date: /home/lehighur/ros2_ws/src/install/vision_msgs/include/vision_msgs
-- Up-to-date: /home/lehighur/ros2_ws/src/install/vision_msgs/include/vision_msgs/msg
-- Installing: /home/lehighur/ros2_ws/src/install/vision_msgs/include/vision_msgs/msg/rosidl_typesupport_fastrtps_cpp__visibility_control.h
-- Up-to-date: /home/lehighur/ros2_ws/src/install/vision_msgs/include/vision_msgs/msg/detail
-- Installing: /home/lehighur/ros2_ws/src/install/vision_msgs/include/vision_msgs/msg/detail/object_hypothesis_with_pose__rosidl_typesupport_fastrtps_cpp.hpp
-- Installing: /home/lehighur/ros2_ws/src/install/vision_msgs/include/vision_msgs/msg/detail/bounding_box2_d_array__rosidl_typesupport_fastrtps_cpp.hpp
-- Installing: /home/lehighur/ros2_ws/src/install/vision_msgs/include/vision_msgs/msg/detail/bounding_box2_d__rosidl_typesupport_fastrtps_cpp.hpp
-- Installing: /home/lehighur/ros2_ws/src/install/vision_msgs/include/vision_msgs/msg/detail/bounding_box3_d__rosidl_typesupport_fastrtps_cpp.hpp
-- Installing: /home/lehighur/ros2_ws/src/install/vision_msgs/include/vision_msgs/msg/detail/vision_info__rosidl_typesupport_fastrtps_cpp.hpp
-- Installing: /home/lehighur/ros2_ws/src/install/vision_msgs/include/vision_msgs/msg/detail/detection2_d__rosidl_typesupport_fastrtps_cpp.hpp
-- Installing: /home/lehighur/ros2_ws/src/install/vision_msgs/include/vision_msgs/msg/detail/pose2_d__rosidl_typesupport_fastrtps_cpp.hpp
-- Installing: /home/lehighur/ros2_ws/src/install/vision_msgs/include/vision_msgs/msg/detail/vision_class__rosidl_typesupport_fastrtps_cpp.hpp
-- Installing: /home/lehighur/ros2_ws/src/install/vision_msgs/include/vision_msgs/msg/detail/detection2_d_array__rosidl_typesupport_fastrtps_cpp.hpp
-- Installing: /home/lehighur/ros2_ws/src/install/vision_msgs/include/vision_msgs/msg/detail/object_hypothesis__rosidl_typesupport_fastrtps_cpp.hpp
-- Installing: /home/lehighur/ros2_ws/src/install/vision_msgs/include/vision_msgs/msg/detail/point2_d__rosidl_typesupport_fastrtps_cpp.hpp
-- Installing: /home/lehighur/ros2_ws/src/install/vision_msgs/include/vision_msgs/msg/detail/label_info__rosidl_typesupport_fastrtps_cpp.hpp
-- Installing: /home/lehighur/ros2_ws/src/install/vision_msgs/include/vision_msgs/msg/detail/classification__rosidl_typesupport_fastrtps_cpp.hpp
-- Installing: /home/lehighur/ros2_ws/src/install/vision_msgs/include/vision_msgs/msg/detail/bounding_box3_d_array__rosidl_typesupport_fastrtps_cpp.hpp
-- Installing: /home/lehighur/ros2_ws/src/install/vision_msgs/include/vision_msgs/msg/detail/detection3_d__rosidl_typesupport_fastrtps_cpp.hpp
-- Installing: /home/lehighur/ros2_ws/src/install/vision_msgs/include/vision_msgs/msg/detail/dds_fastrtps
-- Installing: /home/lehighur/ros2_ws/src/install/vision_msgs/include/vision_msgs/msg/detail/detection3_d_array__rosidl_typesupport_fastrtps_cpp.hpp
-- Installing: /home/lehighur/ros2_ws/src/install/vision_msgs/lib/libvision_msgs__rosidl_typesupport_fastrtps_cpp.so
-- Set runtime path of "/home/lehighur/ros2_ws/src/install/vision_msgs/lib/libvision_msgs__rosidl_typesupport_fastrtps_cpp.so" to ""
-- Up-to-date: /home/lehighur/ros2_ws/src/install/vision_msgs/include/vision_msgs
-- Up-to-date: /home/lehighur/ros2_ws/src/install/vision_msgs/include/vision_msgs/msg
-- Installing: /home/lehighur/ros2_ws/src/install/vision_msgs/include/vision_msgs/msg/rosidl_typesupport_introspection_c__visibility_control.h
-- Up-to-date: /home/lehighur/ros2_ws/src/install/vision_msgs/include/vision_msgs/msg/detail
-- Installing: /home/lehighur/ros2_ws/src/install/vision_msgs/include/vision_msgs/msg/detail/pose2_d__type_support.c
-- Installing: /home/lehighur/ros2_ws/src/install/vision_msgs/include/vision_msgs/msg/detail/vision_info__rosidl_typesupport_introspection_c.h
-- Installing: /home/lehighur/ros2_ws/src/install/vision_msgs/include/vision_msgs/msg/detail/bounding_box3_d_array__rosidl_typesupport_introspection_c.h
-- Installing: /home/lehighur/ros2_ws/src/install/vision_msgs/include/vision_msgs/msg/detail/detection2_d_array__rosidl_typesupport_introspection_c.h
-- Installing: /home/lehighur/ros2_ws/src/install/vision_msgs/include/vision_msgs/msg/detail/pose2_d__rosidl_typesupport_introspection_c.h
-- Installing: /home/lehighur/ros2_ws/src/install/vision_msgs/include/vision_msgs/msg/detail/label_info__type_support.c
-- Installing: /home/lehighur/ros2_ws/src/install/vision_msgs/include/vision_msgs/msg/detail/detection3_d_array__type_support.c
-- Installing: /home/lehighur/ros2_ws/src/install/vision_msgs/include/vision_msgs/msg/detail/vision_info__type_support.c
-- Installing: /home/lehighur/ros2_ws/src/install/vision_msgs/include/vision_msgs/msg/detail/classification__type_support.c
-- Installing: /home/lehighur/ros2_ws/src/install/vision_msgs/include/vision_msgs/msg/detail/object_hypothesis_with_pose__type_support.c
-- Installing: /home/lehighur/ros2_ws/src/install/vision_msgs/include/vision_msgs/msg/detail/object_hypothesis__rosidl_typesupport_introspection_c.h
-- Installing: /home/lehighur/ros2_ws/src/install/vision_msgs/include/vision_msgs/msg/detail/detection2_d_array__type_support.c
-- Installing: /home/lehighur/ros2_ws/src/install/vision_msgs/include/vision_msgs/msg/detail/vision_class__rosidl_typesupport_introspection_c.h
-- Installing: /home/lehighur/ros2_ws/src/install/vision_msgs/include/vision_msgs/msg/detail/bounding_box2_d__type_support.c
-- Installing: /home/lehighur/ros2_ws/src/install/vision_msgs/include/vision_msgs/msg/detail/point2_d__rosidl_typesupport_introspection_c.h
-- Installing: /home/lehighur/ros2_ws/src/install/vision_msgs/include/vision_msgs/msg/detail/detection2_d__type_support.c
-- Installing: /home/lehighur/ros2_ws/src/install/vision_msgs/include/vision_msgs/msg/detail/bounding_box2_d_array__type_support.c
-- Installing: /home/lehighur/ros2_ws/src/install/vision_msgs/include/vision_msgs/msg/detail/classification__rosidl_typesupport_introspection_c.h
-- Installing: /home/lehighur/ros2_ws/src/install/vision_msgs/include/vision_msgs/msg/detail/object_hypothesis_with_pose__rosidl_typesupport_introspection_c.h
-- Installing: /home/lehighur/ros2_ws/src/install/vision_msgs/include/vision_msgs/msg/detail/point2_d__type_support.c
-- Installing: /home/lehighur/ros2_ws/src/install/vision_msgs/include/vision_msgs/msg/detail/label_info__rosidl_typesupport_introspection_c.h
-- Installing: /home/lehighur/ros2_ws/src/install/vision_msgs/include/vision_msgs/msg/detail/detection3_d__rosidl_typesupport_introspection_c.h
-- Installing: /home/lehighur/ros2_ws/src/install/vision_msgs/include/vision_msgs/msg/detail/bounding_box3_d__rosidl_typesupport_introspection_c.h
-- Installing: /home/lehighur/ros2_ws/src/install/vision_msgs/include/vision_msgs/msg/detail/bounding_box3_d_array__type_support.c
-- Installing: /home/lehighur/ros2_ws/src/install/vision_msgs/include/vision_msgs/msg/detail/bounding_box2_d__rosidl_typesupport_introspection_c.h
-- Installing: /home/lehighur/ros2_ws/src/install/vision_msgs/include/vision_msgs/msg/detail/detection3_d_array__rosidl_typesupport_introspection_c.h
-- Installing: /home/lehighur/ros2_ws/src/install/vision_msgs/include/vision_msgs/msg/detail/detection2_d__rosidl_typesupport_introspection_c.h
-- Installing: /home/lehighur/ros2_ws/src/install/vision_msgs/include/vision_msgs/msg/detail/vision_class__type_support.c
-- Installing: /home/lehighur/ros2_ws/src/install/vision_msgs/include/vision_msgs/msg/detail/bounding_box3_d__type_support.c
-- Installing: /home/lehighur/ros2_ws/src/install/vision_msgs/include/vision_msgs/msg/detail/object_hypothesis__type_support.c
-- Installing: /home/lehighur/ros2_ws/src/install/vision_msgs/include/vision_msgs/msg/detail/bounding_box2_d_array__rosidl_typesupport_introspection_c.h
-- Installing: /home/lehighur/ros2_ws/src/install/vision_msgs/include/vision_msgs/msg/detail/detection3_d__type_support.c
-- Installing: /home/lehighur/ros2_ws/src/install/vision_msgs/lib/libvision_msgs__rosidl_typesupport_introspection_c.so
-- Set runtime path of "/home/lehighur/ros2_ws/src/install/vision_msgs/lib/libvision_msgs__rosidl_typesupport_introspection_c.so" to ""
-- Installing: /home/lehighur/ros2_ws/src/install/vision_msgs/lib/libvision_msgs__rosidl_typesupport_c.so
-- Set runtime path of "/home/lehighur/ros2_ws/src/install/vision_msgs/lib/libvision_msgs__rosidl_typesupport_c.so" to ""
-- Up-to-date: /home/lehighur/ros2_ws/src/install/vision_msgs/include/vision_msgs
-- Up-to-date: /home/lehighur/ros2_ws/src/install/vision_msgs/include/vision_msgs/msg
-- Installing: /home/lehighur/ros2_ws/src/install/vision_msgs/include/vision_msgs/msg/vision_class.hpp
-- Installing: /home/lehighur/ros2_ws/src/install/vision_msgs/include/vision_msgs/msg/bounding_box2_d_array.hpp
-- Installing: /home/lehighur/ros2_ws/src/install/vision_msgs/include/vision_msgs/msg/detection3_d_array.hpp
-- Installing: /home/lehighur/ros2_ws/src/install/vision_msgs/include/vision_msgs/msg/vision_info.hpp
-- Installing: /home/lehighur/ros2_ws/src/install/vision_msgs/include/vision_msgs/msg/detection2_d_array.hpp
-- Installing: /home/lehighur/ros2_ws/src/install/vision_msgs/include/vision_msgs/msg/bounding_box3_d_array.hpp
-- Installing: /home/lehighur/ros2_ws/src/install/vision_msgs/include/vision_msgs/msg/detection3_d.hpp
-- Installing: /home/lehighur/ros2_ws/src/install/vision_msgs/include/vision_msgs/msg/rosidl_generator_cpp__visibility_control.hpp
-- Installing: /home/lehighur/ros2_ws/src/install/vision_msgs/include/vision_msgs/msg/object_hypothesis_with_pose.hpp
-- Installing: /home/lehighur/ros2_ws/src/install/vision_msgs/include/vision_msgs/msg/classification.hpp
-- Up-to-date: /home/lehighur/ros2_ws/src/install/vision_msgs/include/vision_msgs/msg/detail
-- Installing: /home/lehighur/ros2_ws/src/install/vision_msgs/include/vision_msgs/msg/detail/bounding_box3_d__traits.hpp
-- Installing: /home/lehighur/ros2_ws/src/install/vision_msgs/include/vision_msgs/msg/detail/label_info__traits.hpp
-- Installing: /home/lehighur/ros2_ws/src/install/vision_msgs/include/vision_msgs/msg/detail/object_hypothesis_with_pose__type_support.hpp
-- Installing: /home/lehighur/ros2_ws/src/install/vision_msgs/include/vision_msgs/msg/detail/vision_class__type_support.hpp
-- Installing: /home/lehighur/ros2_ws/src/install/vision_msgs/include/vision_msgs/msg/detail/detection3_d_array__type_support.hpp
-- Installing: /home/lehighur/ros2_ws/src/install/vision_msgs/include/vision_msgs/msg/detail/point2_d__traits.hpp
-- Installing: /home/lehighur/ros2_ws/src/install/vision_msgs/include/vision_msgs/msg/detail/bounding_box2_d__traits.hpp
-- Installing: /home/lehighur/ros2_ws/src/install/vision_msgs/include/vision_msgs/msg/detail/detection2_d_array__struct.hpp
-- Installing: /home/lehighur/ros2_ws/src/install/vision_msgs/include/vision_msgs/msg/detail/point2_d__builder.hpp
-- Installing: /home/lehighur/ros2_ws/src/install/vision_msgs/include/vision_msgs/msg/detail/bounding_box2_d__struct.hpp
-- Installing: /home/lehighur/ros2_ws/src/install/vision_msgs/include/vision_msgs/msg/detail/pose2_d__traits.hpp
-- Installing: /home/lehighur/ros2_ws/src/install/vision_msgs/include/vision_msgs/msg/detail/detection2_d__type_support.hpp
-- Installing: /home/lehighur/ros2_ws/src/install/vision_msgs/include/vision_msgs/msg/detail/classification__builder.hpp
-- Installing: /home/lehighur/ros2_ws/src/install/vision_msgs/include/vision_msgs/msg/detail/bounding_box3_d__builder.hpp
-- Installing: /home/lehighur/ros2_ws/src/install/vision_msgs/include/vision_msgs/msg/detail/object_hypothesis__type_support.hpp
-- Installing: /home/lehighur/ros2_ws/src/install/vision_msgs/include/vision_msgs/msg/detail/object_hypothesis_with_pose__builder.hpp
-- Installing: /home/lehighur/ros2_ws/src/install/vision_msgs/include/vision_msgs/msg/detail/bounding_box2_d__builder.hpp
-- Installing: /home/lehighur/ros2_ws/src/install/vision_msgs/include/vision_msgs/msg/detail/classification__struct.hpp
-- Installing: /home/lehighur/ros2_ws/src/install/vision_msgs/include/vision_msgs/msg/detail/detection3_d_array__struct.hpp
-- Installing: /home/lehighur/ros2_ws/src/install/vision_msgs/include/vision_msgs/msg/detail/vision_info__traits.hpp
-- Installing: /home/lehighur/ros2_ws/src/install/vision_msgs/include/vision_msgs/msg/detail/vision_class__builder.hpp
-- Installing: /home/lehighur/ros2_ws/src/install/vision_msgs/include/vision_msgs/msg/detail/bounding_box3_d_array__type_support.hpp
-- Installing: /home/lehighur/ros2_ws/src/install/vision_msgs/include/vision_msgs/msg/detail/detection3_d__type_support.hpp
-- Installing: /home/lehighur/ros2_ws/src/install/vision_msgs/include/vision_msgs/msg/detail/detection3_d__traits.hpp
-- Installing: /home/lehighur/ros2_ws/src/install/vision_msgs/include/vision_msgs/msg/detail/bounding_box2_d_array__builder.hpp
-- Installing: /home/lehighur/ros2_ws/src/install/vision_msgs/include/vision_msgs/msg/detail/bounding_box3_d_array__builder.hpp
-- Installing: /home/lehighur/ros2_ws/src/install/vision_msgs/include/vision_msgs/msg/detail/pose2_d__type_support.hpp
-- Installing: /home/lehighur/ros2_ws/src/install/vision_msgs/include/vision_msgs/msg/detail/bounding_box3_d_array__traits.hpp
-- Installing: /home/lehighur/ros2_ws/src/install/vision_msgs/include/vision_msgs/msg/detail/point2_d__type_support.hpp
-- Installing: /home/lehighur/ros2_ws/src/install/vision_msgs/include/vision_msgs/msg/detail/bounding_box2_d_array__type_support.hpp
-- Installing: /home/lehighur/ros2_ws/src/install/vision_msgs/include/vision_msgs/msg/detail/object_hypothesis_with_pose__struct.hpp
-- Installing: /home/lehighur/ros2_ws/src/install/vision_msgs/include/vision_msgs/msg/detail/vision_info__struct.hpp
-- Installing: /home/lehighur/ros2_ws/src/install/vision_msgs/include/vision_msgs/msg/detail/object_hypothesis__traits.hpp
-- Installing: /home/lehighur/ros2_ws/src/install/vision_msgs/include/vision_msgs/msg/detail/detection2_d_array__builder.hpp
-- Installing: /home/lehighur/ros2_ws/src/install/vision_msgs/include/vision_msgs/msg/detail/classification__type_support.hpp
-- Installing: /home/lehighur/ros2_ws/src/install/vision_msgs/include/vision_msgs/msg/detail/object_hypothesis__builder.hpp
-- Installing: /home/lehighur/ros2_ws/src/install/vision_msgs/include/vision_msgs/msg/detail/detection2_d_array__type_support.hpp
-- Installing: /home/lehighur/ros2_ws/src/install/vision_msgs/include/vision_msgs/msg/detail/point2_d__struct.hpp
-- Installing: /home/lehighur/ros2_ws/src/install/vision_msgs/include/vision_msgs/msg/detail/detection2_d__builder.hpp
-- Installing: /home/lehighur/ros2_ws/src/install/vision_msgs/include/vision_msgs/msg/detail/vision_class__struct.hpp
-- Installing: /home/lehighur/ros2_ws/src/install/vision_msgs/include/vision_msgs/msg/detail/detection3_d_array__traits.hpp
-- Installing: /home/lehighur/ros2_ws/src/install/vision_msgs/include/vision_msgs/msg/detail/object_hypothesis__struct.hpp
-- Installing: /home/lehighur/ros2_ws/src/install/vision_msgs/include/vision_msgs/msg/detail/bounding_box3_d__struct.hpp
-- Installing: /home/lehighur/ros2_ws/src/install/vision_msgs/include/vision_msgs/msg/detail/bounding_box3_d_array__struct.hpp
-- Installing: /home/lehighur/ros2_ws/src/install/vision_msgs/include/vision_msgs/msg/detail/label_info__struct.hpp
-- Installing: /home/lehighur/ros2_ws/src/install/vision_msgs/include/vision_msgs/msg/detail/label_info__type_support.hpp
-- Installing: /home/lehighur/ros2_ws/src/install/vision_msgs/include/vision_msgs/msg/detail/classification__traits.hpp
-- Installing: /home/lehighur/ros2_ws/src/install/vision_msgs/include/vision_msgs/msg/detail/label_info__builder.hpp
-- Installing: /home/lehighur/ros2_ws/src/install/vision_msgs/include/vision_msgs/msg/detail/vision_class__traits.hpp
-- Installing: /home/lehighur/ros2_ws/src/install/vision_msgs/include/vision_msgs/msg/detail/detection3_d_array__builder.hpp
-- Installing: /home/lehighur/ros2_ws/src/install/vision_msgs/include/vision_msgs/msg/detail/vision_info__type_support.hpp
-- Installing: /home/lehighur/ros2_ws/src/install/vision_msgs/include/vision_msgs/msg/detail/bounding_box3_d__type_support.hpp
-- Installing: /home/lehighur/ros2_ws/src/install/vision_msgs/include/vision_msgs/msg/detail/detection3_d__builder.hpp
-- Installing: /home/lehighur/ros2_ws/src/install/vision_msgs/include/vision_msgs/msg/detail/detection2_d__struct.hpp
-- Installing: /home/lehighur/ros2_ws/src/install/vision_msgs/include/vision_msgs/msg/detail/bounding_box2_d_array__struct.hpp
-- Installing: /home/lehighur/ros2_ws/src/install/vision_msgs/include/vision_msgs/msg/detail/bounding_box2_d_array__traits.hpp
-- Installing: /home/lehighur/ros2_ws/src/install/vision_msgs/include/vision_msgs/msg/detail/object_hypothesis_with_pose__traits.hpp
-- Installing: /home/lehighur/ros2_ws/src/install/vision_msgs/include/vision_msgs/msg/detail/detection2_d_array__traits.hpp
-- Installing: /home/lehighur/ros2_ws/src/install/vision_msgs/include/vision_msgs/msg/detail/pose2_d__builder.hpp
-- Installing: /home/lehighur/ros2_ws/src/install/vision_msgs/include/vision_msgs/msg/detail/detection2_d__traits.hpp
-- Installing: /home/lehighur/ros2_ws/src/install/vision_msgs/include/vision_msgs/msg/detail/detection3_d__struct.hpp
-- Installing: /home/lehighur/ros2_ws/src/install/vision_msgs/include/vision_msgs/msg/detail/vision_info__builder.hpp
-- Installing: /home/lehighur/ros2_ws/src/install/vision_msgs/include/vision_msgs/msg/detail/bounding_box2_d__type_support.hpp
-- Installing: /home/lehighur/ros2_ws/src/install/vision_msgs/include/vision_msgs/msg/detail/pose2_d__struct.hpp
-- Installing: /home/lehighur/ros2_ws/src/install/vision_msgs/include/vision_msgs/msg/point2_d.hpp
-- Installing: /home/lehighur/ros2_ws/src/install/vision_msgs/include/vision_msgs/msg/pose2_d.hpp
-- Installing: /home/lehighur/ros2_ws/src/install/vision_msgs/include/vision_msgs/msg/bounding_box3_d.hpp
-- Installing: /home/lehighur/ros2_ws/src/install/vision_msgs/include/vision_msgs/msg/detection2_d.hpp
-- Installing: /home/lehighur/ros2_ws/src/install/vision_msgs/include/vision_msgs/msg/bounding_box2_d.hpp
-- Installing: /home/lehighur/ros2_ws/src/install/vision_msgs/include/vision_msgs/msg/label_info.hpp
-- Installing: /home/lehighur/ros2_ws/src/install/vision_msgs/include/vision_msgs/msg/object_hypothesis.hpp
-- Up-to-date: /home/lehighur/ros2_ws/src/install/vision_msgs/include/vision_msgs
-- Up-to-date: /home/lehighur/ros2_ws/src/install/vision_msgs/include/vision_msgs/msg
-- Up-to-date: /home/lehighur/ros2_ws/src/install/vision_msgs/include/vision_msgs/msg/detail
-- Installing: /home/lehighur/ros2_ws/src/install/vision_msgs/include/vision_msgs/msg/detail/detection3_d__type_support.cpp
-- Installing: /home/lehighur/ros2_ws/src/install/vision_msgs/include/vision_msgs/msg/detail/classification__rosidl_typesupport_introspection_cpp.hpp
-- Installing: /home/lehighur/ros2_ws/src/install/vision_msgs/include/vision_msgs/msg/detail/vision_class__type_support.cpp
-- Installing: /home/lehighur/ros2_ws/src/install/vision_msgs/include/vision_msgs/msg/detail/detection2_d__rosidl_typesupport_introspection_cpp.hpp
-- Installing: /home/lehighur/ros2_ws/src/install/vision_msgs/include/vision_msgs/msg/detail/bounding_box2_d__type_support.cpp
-- Installing: /home/lehighur/ros2_ws/src/install/vision_msgs/include/vision_msgs/msg/detail/pose2_d__rosidl_typesupport_introspection_cpp.hpp
-- Installing: /home/lehighur/ros2_ws/src/install/vision_msgs/include/vision_msgs/msg/detail/object_hypothesis_with_pose__rosidl_typesupport_introspection_cpp.hpp
-- Installing: /home/lehighur/ros2_ws/src/install/vision_msgs/include/vision_msgs/msg/detail/bounding_box3_d__rosidl_typesupport_introspection_cpp.hpp
-- Installing: /home/lehighur/ros2_ws/src/install/vision_msgs/include/vision_msgs/msg/detail/pose2_d__type_support.cpp
-- Installing: /home/lehighur/ros2_ws/src/install/vision_msgs/include/vision_msgs/msg/detail/point2_d__rosidl_typesupport_introspection_cpp.hpp
-- Installing: /home/lehighur/ros2_ws/src/install/vision_msgs/include/vision_msgs/msg/detail/detection2_d__type_support.cpp
-- Installing: /home/lehighur/ros2_ws/src/install/vision_msgs/include/vision_msgs/msg/detail/object_hypothesis__type_support.cpp
-- Installing: /home/lehighur/ros2_ws/src/install/vision_msgs/include/vision_msgs/msg/detail/bounding_box3_d_array__rosidl_typesupport_introspection_cpp.hpp
-- Installing: /home/lehighur/ros2_ws/src/install/vision_msgs/include/vision_msgs/msg/detail/point2_d__type_support.cpp
-- Installing: /home/lehighur/ros2_ws/src/install/vision_msgs/include/vision_msgs/msg/detail/detection2_d_array__type_support.cpp
-- Installing: /home/lehighur/ros2_ws/src/install/vision_msgs/include/vision_msgs/msg/detail/label_info__rosidl_typesupport_introspection_cpp.hpp
-- Installing: /home/lehighur/ros2_ws/src/install/vision_msgs/include/vision_msgs/msg/detail/detection3_d__rosidl_typesupport_introspection_cpp.hpp
-- Installing: /home/lehighur/ros2_ws/src/install/vision_msgs/include/vision_msgs/msg/detail/object_hypothesis_with_pose__type_support.cpp
-- Installing: /home/lehighur/ros2_ws/src/install/vision_msgs/include/vision_msgs/msg/detail/detection3_d_array__type_support.cpp
-- Installing: /home/lehighur/ros2_ws/src/install/vision_msgs/include/vision_msgs/msg/detail/bounding_box2_d__rosidl_typesupport_introspection_cpp.hpp
-- Installing: /home/lehighur/ros2_ws/src/install/vision_msgs/include/vision_msgs/msg/detail/vision_info__type_support.cpp
-- Installing: /home/lehighur/ros2_ws/src/install/vision_msgs/include/vision_msgs/msg/detail/detection2_d_array__rosidl_typesupport_introspection_cpp.hpp
-- Installing: /home/lehighur/ros2_ws/src/install/vision_msgs/include/vision_msgs/msg/detail/classification__type_support.cpp
-- Installing: /home/lehighur/ros2_ws/src/install/vision_msgs/include/vision_msgs/msg/detail/bounding_box2_d_array__type_support.cpp
-- Installing: /home/lehighur/ros2_ws/src/install/vision_msgs/include/vision_msgs/msg/detail/bounding_box2_d_array__rosidl_typesupport_introspection_cpp.hpp
-- Installing: /home/lehighur/ros2_ws/src/install/vision_msgs/include/vision_msgs/msg/detail/vision_info__rosidl_typesupport_introspection_cpp.hpp
-- Installing: /home/lehighur/ros2_ws/src/install/vision_msgs/include/vision_msgs/msg/detail/bounding_box3_d__type_support.cpp
-- Installing: /home/lehighur/ros2_ws/src/install/vision_msgs/include/vision_msgs/msg/detail/bounding_box3_d_array__type_support.cpp
-- Installing: /home/lehighur/ros2_ws/src/install/vision_msgs/include/vision_msgs/msg/detail/object_hypothesis__rosidl_typesupport_introspection_cpp.hpp
-- Installing: /home/lehighur/ros2_ws/src/install/vision_msgs/include/vision_msgs/msg/detail/vision_class__rosidl_typesupport_introspection_cpp.hpp
-- Installing: /home/lehighur/ros2_ws/src/install/vision_msgs/include/vision_msgs/msg/detail/label_info__type_support.cpp
-- Installing: /home/lehighur/ros2_ws/src/install/vision_msgs/include/vision_msgs/msg/detail/detection3_d_array__rosidl_typesupport_introspection_cpp.hpp
-- Installing: /home/lehighur/ros2_ws/src/install/vision_msgs/lib/libvision_msgs__rosidl_typesupport_introspection_cpp.so
-- Set runtime path of "/home/lehighur/ros2_ws/src/install/vision_msgs/lib/libvision_msgs__rosidl_typesupport_introspection_cpp.so" to ""
-- Installing: /home/lehighur/ros2_ws/src/install/vision_msgs/lib/libvision_msgs__rosidl_typesupport_cpp.so
-- Set runtime path of "/home/lehighur/ros2_ws/src/install/vision_msgs/lib/libvision_msgs__rosidl_typesupport_cpp.so" to ""
-- Installing: /home/lehighur/ros2_ws/src/install/vision_msgs/share/vision_msgs/environment/pythonpath.sh
-- Installing: /home/lehighur/ros2_ws/src/install/vision_msgs/share/vision_msgs/environment/pythonpath.dsv
-- Installing: /home/lehighur/ros2_ws/src/install/vision_msgs/lib/python3.8/site-packages/vision_msgs/__init__.py
Compiling '/home/lehighur/ros2_ws/src/install/vision_msgs/lib/python3.8/site-packages/vision_msgs/__init__.py'...
-- Installing: /home/lehighur/ros2_ws/src/install/vision_msgs/lib/python3.8/site-packages/vision_msgs/msg
-- Installing: /home/lehighur/ros2_ws/src/install/vision_msgs/lib/python3.8/site-packages/vision_msgs/msg/_detection2_d.py
-- Installing: /home/lehighur/ros2_ws/src/install/vision_msgs/lib/python3.8/site-packages/vision_msgs/msg/_pose2_d_s.c
-- Installing: /home/lehighur/ros2_ws/src/install/vision_msgs/lib/python3.8/site-packages/vision_msgs/msg/_detection3_d_array_s.c
-- Installing: /home/lehighur/ros2_ws/src/install/vision_msgs/lib/python3.8/site-packages/vision_msgs/msg/_bounding_box3_d_array.py
-- Installing: /home/lehighur/ros2_ws/src/install/vision_msgs/lib/python3.8/site-packages/vision_msgs/msg/_object_hypothesis_with_pose_s.c
-- Installing: /home/lehighur/ros2_ws/src/install/vision_msgs/lib/python3.8/site-packages/vision_msgs/msg/_point2_d_s.c
-- Installing: /home/lehighur/ros2_ws/src/install/vision_msgs/lib/python3.8/site-packages/vision_msgs/msg/_detection2_d_array.py
-- Installing: /home/lehighur/ros2_ws/src/install/vision_msgs/lib/python3.8/site-packages/vision_msgs/msg/_bounding_box3_d.py
-- Installing: /home/lehighur/ros2_ws/src/install/vision_msgs/lib/python3.8/site-packages/vision_msgs/msg/__init__.py
-- Installing: /home/lehighur/ros2_ws/src/install/vision_msgs/lib/python3.8/site-packages/vision_msgs/msg/_classification_s.c
-- Installing: /home/lehighur/ros2_ws/src/install/vision_msgs/lib/python3.8/site-packages/vision_msgs/msg/_detection3_d.py
-- Installing: /home/lehighur/ros2_ws/src/install/vision_msgs/lib/python3.8/site-packages/vision_msgs/msg/_vision_info.py
-- Installing: /home/lehighur/ros2_ws/src/install/vision_msgs/lib/python3.8/site-packages/vision_msgs/msg/_object_hypothesis.py
-- Installing: /home/lehighur/ros2_ws/src/install/vision_msgs/lib/python3.8/site-packages/vision_msgs/msg/_detection3_d_array.py
-- Installing: /home/lehighur/ros2_ws/src/install/vision_msgs/lib/python3.8/site-packages/vision_msgs/msg/_object_hypothesis_s.c
-- Installing: /home/lehighur/ros2_ws/src/install/vision_msgs/lib/python3.8/site-packages/vision_msgs/msg/_bounding_box2_d_array.py
-- Installing: /home/lehighur/ros2_ws/src/install/vision_msgs/lib/python3.8/site-packages/vision_msgs/msg/_detection3_d_s.c
-- Installing: /home/lehighur/ros2_ws/src/install/vision_msgs/lib/python3.8/site-packages/vision_msgs/msg/_bounding_box2_d_s.c
-- Installing: /home/lehighur/ros2_ws/src/install/vision_msgs/lib/python3.8/site-packages/vision_msgs/msg/_point2_d.py
-- Installing: /home/lehighur/ros2_ws/src/install/vision_msgs/lib/python3.8/site-packages/vision_msgs/msg/_vision_info_s.c
-- Installing: /home/lehighur/ros2_ws/src/install/vision_msgs/lib/python3.8/site-packages/vision_msgs/msg/_vision_class_s.c
-- Installing: /home/lehighur/ros2_ws/src/install/vision_msgs/lib/python3.8/site-packages/vision_msgs/msg/_bounding_box3_d_s.c
-- Installing: /home/lehighur/ros2_ws/src/install/vision_msgs/lib/python3.8/site-packages/vision_msgs/msg/_detection2_d_s.c
-- Installing: /home/lehighur/ros2_ws/src/install/vision_msgs/lib/python3.8/site-packages/vision_msgs/msg/_label_info.py
-- Installing: /home/lehighur/ros2_ws/src/install/vision_msgs/lib/python3.8/site-packages/vision_msgs/msg/_vision_class.py
-- Installing: /home/lehighur/ros2_ws/src/install/vision_msgs/lib/python3.8/site-packages/vision_msgs/msg/_detection2_d_array_s.c
-- Installing: /home/lehighur/ros2_ws/src/install/vision_msgs/lib/python3.8/site-packages/vision_msgs/msg/_bounding_box3_d_array_s.c
-- Installing: /home/lehighur/ros2_ws/src/install/vision_msgs/lib/python3.8/site-packages/vision_msgs/msg/_bounding_box2_d.py
-- Installing: /home/lehighur/ros2_ws/src/install/vision_msgs/lib/python3.8/site-packages/vision_msgs/msg/_label_info_s.c
-- Installing: /home/lehighur/ros2_ws/src/install/vision_msgs/lib/python3.8/site-packages/vision_msgs/msg/_pose2_d.py
-- Installing: /home/lehighur/ros2_ws/src/install/vision_msgs/lib/python3.8/site-packages/vision_msgs/msg/_classification.py
-- Installing: /home/lehighur/ros2_ws/src/install/vision_msgs/lib/python3.8/site-packages/vision_msgs/msg/_bounding_box2_d_array_s.c
-- Installing: /home/lehighur/ros2_ws/src/install/vision_msgs/lib/python3.8/site-packages/vision_msgs/msg/_object_hypothesis_with_pose.py
-- Installing: /home/lehighur/ros2_ws/src/install/vision_msgs/lib/python3.8/site-packages/vision_msgs/vision_msgs_s__rosidl_typesupport_fastrtps_c.cpython-38-aarch64-linux-gnu.so
-- Set runtime path of "/home/lehighur/ros2_ws/src/install/vision_msgs/lib/python3.8/site-packages/vision_msgs/vision_msgs_s__rosidl_typesupport_fastrtps_c.cpython-38-aarch64-linux-gnu.so" to ""
-- Installing: /home/lehighur/ros2_ws/src/install/vision_msgs/lib/python3.8/site-packages/vision_msgs/vision_msgs_s__rosidl_typesupport_introspection_c.cpython-38-aarch64-linux-gnu.so
-- Set runtime path of "/home/lehighur/ros2_ws/src/install/vision_msgs/lib/python3.8/site-packages/vision_msgs/vision_msgs_s__rosidl_typesupport_introspection_c.cpython-38-aarch64-linux-gnu.so" to ""
-- Installing: /home/lehighur/ros2_ws/src/install/vision_msgs/lib/python3.8/site-packages/vision_msgs/vision_msgs_s__rosidl_typesupport_c.cpython-38-aarch64-linux-gnu.so
-- Set runtime path of "/home/lehighur/ros2_ws/src/install/vision_msgs/lib/python3.8/site-packages/vision_msgs/vision_msgs_s__rosidl_typesupport_c.cpython-38-aarch64-linux-gnu.so" to ""
-- Installing: /home/lehighur/ros2_ws/src/install/vision_msgs/lib/libvision_msgs__python.so
-- Set runtime path of "/home/lehighur/ros2_ws/src/install/vision_msgs/lib/libvision_msgs__python.so" to ""
-- Installing: /home/lehighur/ros2_ws/src/install/vision_msgs/share/vision_msgs/msg/BoundingBox2D.idl
-- Installing: /home/lehighur/ros2_ws/src/install/vision_msgs/share/vision_msgs/msg/BoundingBox2DArray.idl
-- Installing: /home/lehighur/ros2_ws/src/install/vision_msgs/share/vision_msgs/msg/BoundingBox3D.idl
-- Installing: /home/lehighur/ros2_ws/src/install/vision_msgs/share/vision_msgs/msg/BoundingBox3DArray.idl
-- Installing: /home/lehighur/ros2_ws/src/install/vision_msgs/share/vision_msgs/msg/Classification.idl
-- Installing: /home/lehighur/ros2_ws/src/install/vision_msgs/share/vision_msgs/msg/Detection2DArray.idl
-- Installing: /home/lehighur/ros2_ws/src/install/vision_msgs/share/vision_msgs/msg/Detection2D.idl
-- Installing: /home/lehighur/ros2_ws/src/install/vision_msgs/share/vision_msgs/msg/Detection3DArray.idl
-- Installing: /home/lehighur/ros2_ws/src/install/vision_msgs/share/vision_msgs/msg/Detection3D.idl
-- Installing: /home/lehighur/ros2_ws/src/install/vision_msgs/share/vision_msgs/msg/LabelInfo.idl
-- Installing: /home/lehighur/ros2_ws/src/install/vision_msgs/share/vision_msgs/msg/ObjectHypothesis.idl
-- Installing: /home/lehighur/ros2_ws/src/install/vision_msgs/share/vision_msgs/msg/ObjectHypothesisWithPose.idl
-- Installing: /home/lehighur/ros2_ws/src/install/vision_msgs/share/vision_msgs/msg/VisionClass.idl
-- Installing: /home/lehighur/ros2_ws/src/install/vision_msgs/share/vision_msgs/msg/Point2D.idl
-- Installing: /home/lehighur/ros2_ws/src/install/vision_msgs/share/vision_msgs/msg/Pose2D.idl
-- Installing: /home/lehighur/ros2_ws/src/install/vision_msgs/share/vision_msgs/msg/VisionInfo.idl
-- Installing: /home/lehighur/ros2_ws/src/install/vision_msgs/share/vision_msgs/msg/BoundingBox2D.msg
-- Installing: /home/lehighur/ros2_ws/src/install/vision_msgs/share/vision_msgs/msg/BoundingBox2DArray.msg
-- Installing: /home/lehighur/ros2_ws/src/install/vision_msgs/share/vision_msgs/msg/BoundingBox3D.msg
-- Installing: /home/lehighur/ros2_ws/src/install/vision_msgs/share/vision_msgs/msg/BoundingBox3DArray.msg
-- Installing: /home/lehighur/ros2_ws/src/install/vision_msgs/share/vision_msgs/msg/Classification.msg
-- Installing: /home/lehighur/ros2_ws/src/install/vision_msgs/share/vision_msgs/msg/Detection2DArray.msg
-- Installing: /home/lehighur/ros2_ws/src/install/vision_msgs/share/vision_msgs/msg/Detection2D.msg
-- Installing: /home/lehighur/ros2_ws/src/install/vision_msgs/share/vision_msgs/msg/Detection3DArray.msg
-- Installing: /home/lehighur/ros2_ws/src/install/vision_msgs/share/vision_msgs/msg/Detection3D.msg
-- Installing: /home/lehighur/ros2_ws/src/install/vision_msgs/share/vision_msgs/msg/LabelInfo.msg
-- Installing: /home/lehighur/ros2_ws/src/install/vision_msgs/share/vision_msgs/msg/ObjectHypothesis.msg
-- Installing: /home/lehighur/ros2_ws/src/install/vision_msgs/share/vision_msgs/msg/ObjectHypothesisWithPose.msg
-- Installing: /home/lehighur/ros2_ws/src/install/vision_msgs/share/vision_msgs/msg/VisionClass.msg
-- Installing: /home/lehighur/ros2_ws/src/install/vision_msgs/share/vision_msgs/msg/Point2D.msg
-- Installing: /home/lehighur/ros2_ws/src/install/vision_msgs/share/vision_msgs/msg/Pose2D.msg
-- Installing: /home/lehighur/ros2_ws/src/install/vision_msgs/share/vision_msgs/msg/VisionInfo.msg
-- Up-to-date: /home/lehighur/ros2_ws/src/install/vision_msgs/include/vision_msgs
-- Installing: /home/lehighur/ros2_ws/src/install/vision_msgs/include/vision_msgs/create_aabb.hpp
-- Installing: /home/lehighur/ros2_ws/src/install/vision_msgs/share/ament_index/resource_index/package_run_dependencies/vision_msgs
-- Installing: /home/lehighur/ros2_ws/src/install/vision_msgs/share/ament_index/resource_index/parent_prefix_path/vision_msgs
-- Installing: /home/lehighur/ros2_ws/src/install/vision_msgs/share/vision_msgs/environment/ament_prefix_path.sh
-- Installing: /home/lehighur/ros2_ws/src/install/vision_msgs/share/vision_msgs/environment/ament_prefix_path.dsv
-- Installing: /home/lehighur/ros2_ws/src/install/vision_msgs/share/vision_msgs/environment/path.sh
-- Installing: /home/lehighur/ros2_ws/src/install/vision_msgs/share/vision_msgs/environment/path.dsv
-- Installing: /home/lehighur/ros2_ws/src/install/vision_msgs/share/vision_msgs/local_setup.bash
-- Installing: /home/lehighur/ros2_ws/src/install/vision_msgs/share/vision_msgs/local_setup.sh
-- Installing: /home/lehighur/ros2_ws/src/install/vision_msgs/share/vision_msgs/local_setup.zsh
-- Installing: /home/lehighur/ros2_ws/src/install/vision_msgs/share/vision_msgs/local_setup.dsv
-- Installing: /home/lehighur/ros2_ws/src/install/vision_msgs/share/vision_msgs/package.dsv
-- Installing: /home/lehighur/ros2_ws/src/install/vision_msgs/share/ament_index/resource_index/packages/vision_msgs
-- Installing: /home/lehighur/ros2_ws/src/install/vision_msgs/share/vision_msgs/cmake/vision_msgs__rosidl_generator_cExport.cmake
-- Installing: /home/lehighur/ros2_ws/src/install/vision_msgs/share/vision_msgs/cmake/vision_msgs__rosidl_generator_cExport-noconfig.cmake
-- Installing: /home/lehighur/ros2_ws/src/install/vision_msgs/share/vision_msgs/cmake/vision_msgs__rosidl_typesupport_introspection_cExport.cmake
-- Installing: /home/lehighur/ros2_ws/src/install/vision_msgs/share/vision_msgs/cmake/vision_msgs__rosidl_typesupport_introspection_cExport-noconfig.cmake
-- Installing: /home/lehighur/ros2_ws/src/install/vision_msgs/share/vision_msgs/cmake/vision_msgs__rosidl_typesupport_cExport.cmake
-- Installing: /home/lehighur/ros2_ws/src/install/vision_msgs/share/vision_msgs/cmake/vision_msgs__rosidl_typesupport_cExport-noconfig.cmake
-- Installing: /home/lehighur/ros2_ws/src/install/vision_msgs/share/vision_msgs/cmake/vision_msgs__rosidl_generator_cppExport.cmake
-- Installing: /home/lehighur/ros2_ws/src/install/vision_msgs/share/vision_msgs/cmake/vision_msgs__rosidl_typesupport_introspection_cppExport.cmake
-- Installing: /home/lehighur/ros2_ws/src/install/vision_msgs/share/vision_msgs/cmake/vision_msgs__rosidl_typesupport_introspection_cppExport-noconfig.cmake
-- Installing: /home/lehighur/ros2_ws/src/install/vision_msgs/share/vision_msgs/cmake/vision_msgs__rosidl_typesupport_cppExport.cmake
-- Installing: /home/lehighur/ros2_ws/src/install/vision_msgs/share/vision_msgs/cmake/vision_msgs__rosidl_typesupport_cppExport-noconfig.cmake
-- Installing: /home/lehighur/ros2_ws/src/install/vision_msgs/share/vision_msgs/cmake/rosidl_cmake-extras.cmake
-- Installing: /home/lehighur/ros2_ws/src/install/vision_msgs/share/vision_msgs/cmake/ament_cmake_export_dependencies-extras.cmake
-- Installing: /home/lehighur/ros2_ws/src/install/vision_msgs/share/vision_msgs/cmake/ament_cmake_export_libraries-extras.cmake
-- Installing: /home/lehighur/ros2_ws/src/install/vision_msgs/share/vision_msgs/cmake/ament_cmake_export_targets-extras.cmake
-- Installing: /home/lehighur/ros2_ws/src/install/vision_msgs/share/vision_msgs/cmake/ament_cmake_export_include_directories-extras.cmake
-- Installing: /home/lehighur/ros2_ws/src/install/vision_msgs/share/vision_msgs/cmake/rosidl_cmake_export_typesupport_libraries-extras.cmake
-- Installing: /home/lehighur/ros2_ws/src/install/vision_msgs/share/vision_msgs/cmake/rosidl_cmake_export_typesupport_targets-extras.cmake
-- Installing: /home/lehighur/ros2_ws/src/install/vision_msgs/share/vision_msgs/cmake/vision_msgsConfig.cmake
-- Installing: /home/lehighur/ros2_ws/src/install/vision_msgs/share/vision_msgs/cmake/vision_msgsConfig-version.cmake
-- Installing: /home/lehighur/ros2_ws/src/install/vision_msgs/share/vision_msgs/package.xml
