[0.065s] Invoking command in '/home/lehighur/ros2_ws/src/build/vision_msgs': CMAKE_PREFIX_PATH=/opt/ros/foxy _tide_pad= /usr/bin/cmake /home/lehighur/ros2_ws/src/vision_msgs -DCMAKE_INSTALL_PREFIX=/home/lehighur/ros2_ws/src/install/vision_msgs
[0.308s] -- The C compiler identification is GNU 10.3.0
[0.488s] -- The CXX compiler identification is GNU 10.3.0
[0.515s] -- Check for working C compiler: /usr/bin/cc
[0.697s] -- Check for working C compiler: /usr/bin/cc -- works
[0.709s] -- Detecting C compiler ABI info
[0.893s] -- Detecting C compiler ABI info - done
[0.923s] -- Detecting C compile features
[0.924s] -- Detecting C compile features - done
[0.932s] -- Check for working CXX compiler: /usr/bin/c++
[1.119s] -- Check for working CXX compiler: /usr/bin/c++ -- works
[1.122s] -- Detecting CXX compiler ABI info
[1.321s] -- Detecting CXX compiler ABI info - done
[1.351s] -- Detecting CXX compile features
[1.352s] -- Detecting CXX compile features - done
[1.379s] -- Found ament_cmake: 0.9.12 (/opt/ros/foxy/share/ament_cmake/cmake)
[1.453s] -- Found PythonInterp: /usr/bin/python3 (found suitable version "3.8.10", minimum required is "3") 
[1.454s] -- Using PYTHON_EXECUTABLE: /usr/bin/python3
[2.007s] -- Found std_msgs: 2.0.5 (/opt/ros/foxy/share/std_msgs/cmake)
[2.086s] -- Using all available rosidl_typesupport_c: rosidl_typesupport_fastrtps_c;rosidl_typesupport_introspection_c
[2.101s] -- Found rosidl_adapter: 1.3.1 (/opt/ros/foxy/share/rosidl_adapter/cmake)
[2.324s] -- Found OpenSSL: /usr/lib/aarch64-linux-gnu/libcrypto.so (found version "1.1.1f")  
[2.400s] -- Found FastRTPS: /opt/ros/foxy/include  
[2.594s] -- Using all available rosidl_typesupport_cpp: rosidl_typesupport_fastrtps_cpp;rosidl_typesupport_introspection_cpp
[2.706s] -- Found geometry_msgs: 2.0.5 (/opt/ros/foxy/share/geometry_msgs/cmake)
[2.783s] -- Found rosidl_default_generators: 1.0.1 (/opt/ros/foxy/share/rosidl_default_generators/cmake)
[2.863s] -- Found PythonInterp: /usr/bin/python3 (found version "3.8.10") 
[3.454s] -- Found ament_cmake_cppcheck: 0.9.8 (/opt/ros/foxy/share/ament_cmake_cppcheck/cmake)
[3.459s] -- Found ament_cmake_cpplint: 0.9.8 (/opt/ros/foxy/share/ament_cmake_cpplint/cmake)
[3.465s] -- Found ament_cmake_uncrustify: 0.9.8 (/opt/ros/foxy/share/ament_cmake_uncrustify/cmake)
[3.472s] -- Found ament_cmake_ros: 0.9.2 (/opt/ros/foxy/share/ament_cmake_ros/cmake)
[4.025s] -- Using all available rosidl_typesupport_c: rosidl_typesupport_fastrtps_c;rosidl_typesupport_introspection_c
[4.275s] -- Using all available rosidl_typesupport_cpp: rosidl_typesupport_fastrtps_cpp;rosidl_typesupport_introspection_cpp
[4.339s] -- Found PythonInterp: /usr/bin/python3 (found suitable version "3.8.10", minimum required is "3.5") 
[4.342s] -- Found python_cmake_module: 0.8.1 (/opt/ros/foxy/share/python_cmake_module/cmake)
[4.414s] -- Found PythonLibs: /usr/lib/aarch64-linux-gnu/libpython3.8.so (found suitable version "3.8.10", minimum required is "3.5") 
[4.414s] -- Using PYTHON_EXECUTABLE: /usr/bin/python3
[4.414s] -- Using PYTHON_INCLUDE_DIRS: /usr/include/python3.8
[4.415s] -- Using PYTHON_LIBRARIES: /usr/lib/aarch64-linux-gnu/libpython3.8.so
[4.465s] -- Found PythonExtra: .so  
[4.656s] -- Found ament_cmake_flake8: 0.9.8 (/opt/ros/foxy/share/ament_cmake_flake8/cmake)
[4.661s] -- Found ament_cmake_pep257: 0.9.8 (/opt/ros/foxy/share/ament_cmake_pep257/cmake)
[4.671s] -- Found ament_lint_auto: 0.9.8 (/opt/ros/foxy/share/ament_lint_auto/cmake)
[4.697s] -- Found gtest sources under '/opt/ros/foxy/src/gtest_vendor': C++ tests using 'Google Test' will be built
[4.704s] -- Looking for pthread.h
[4.883s] -- Looking for pthread.h - found
[4.884s] -- Performing Test CMAKE_HAVE_LIBC_PTHREAD
[5.066s] -- Performing Test CMAKE_HAVE_LIBC_PTHREAD - Failed
[5.066s] -- Check if compiler accepts -pthread
[5.254s] -- Check if compiler accepts -pthread - yes
[5.258s] -- Found Threads: TRUE  
[5.303s] -- Added test 'cppcheck' to perform static code analysis on C / C++ code
[5.305s] -- Configured cppcheck include dirs: /home/lehighur/ros2_ws/src/vision_msgs/include
[5.305s] -- Configured cppcheck exclude dirs and/or files: 
[5.309s] -- Added test 'cpplint' to check C / C++ code against the Google style
[5.309s] -- Configured cpplint exclude dirs and/or files: 
[5.312s] -- Added test 'uncrustify' to check C / C++ code style
[5.312s] -- Configured uncrustify additional arguments: 
[5.315s] -- Added test 'copyright' to check source files copyright and LICENSE
[5.317s] -- Added test 'lint_cmake' to check CMake code style
[5.319s] -- Added test 'xmllint' to check XML markup files
[5.334s] -- Configuring done
[5.545s] -- Generating done
[5.553s] -- Build files have been written to: /home/lehighur/ros2_ws/src/build/vision_msgs
[5.604s] Invoked command in '/home/lehighur/ros2_ws/src/build/vision_msgs' returned '0': CMAKE_PREFIX_PATH=/opt/ros/foxy _tide_pad= /usr/bin/cmake /home/lehighur/ros2_ws/src/vision_msgs -DCMAKE_INSTALL_PREFIX=/home/lehighur/ros2_ws/src/install/vision_msgs
[5.612s] Invoking command in '/home/lehighur/ros2_ws/src/build/vision_msgs': CMAKE_PREFIX_PATH=/opt/ros/foxy _tide_pad= /usr/bin/cmake --build /home/lehighur/ros2_ws/src/build/vision_msgs -- -j12 -l12
[5.736s] [35m[1mScanning dependencies of target gtest[0m
[5.736s] [35m[1mScanning dependencies of target gtest_main[0m
[5.736s] [  1%] [34m[1mGenerating C code for ROS interfaces[0m
[5.737s] [35m[1mScanning dependencies of target vision_msgs__cpp[0m
[5.771s] [  2%] [34m[1mGenerating C++ code for ROS interfaces[0m
[5.796s] [  2%] [32mBuilding CXX object gtest/CMakeFiles/gtest_main.dir/src/gtest_main.cc.o[0m
[5.797s] [  2%] [32mBuilding CXX object gtest/CMakeFiles/gtest.dir/src/gtest-all.cc.o[0m
[7.760s] [  3%] [32m[1mLinking CXX static library libgtest_main.a[0m
[7.875s] [  3%] Built target gtest_main
[9.004s] [  3%] Built target vision_msgs__cpp
[9.040s] [  3%] [34m[1mGenerating C++ introspection for ROS interfaces[0m
[9.054s] [  4%] [34m[1mGenerating C++ type support dispatch for ROS interfaces[0m
[9.068s] [  4%] [34m[1mGenerating C++ type support for eProsima Fast-RTPS[0m
[9.386s] [35m[1mScanning dependencies of target vision_msgs__rosidl_generator_c[0m
[9.463s] [  5%] [32mBuilding C object CMakeFiles/vision_msgs__rosidl_generator_c.dir/rosidl_generator_c/vision_msgs/msg/detail/bounding_box2_d__functions.c.o[0m
[9.465s] [  5%] [32mBuilding C object CMakeFiles/vision_msgs__rosidl_generator_c.dir/rosidl_generator_c/vision_msgs/msg/detail/bounding_box2_d_array__functions.c.o[0m
[9.468s] [  6%] [32mBuilding C object CMakeFiles/vision_msgs__rosidl_generator_c.dir/rosidl_generator_c/vision_msgs/msg/detail/bounding_box3_d__functions.c.o[0m
[9.482s] [  8%] [32mBuilding C object CMakeFiles/vision_msgs__rosidl_generator_c.dir/rosidl_generator_c/vision_msgs/msg/detail/classification__functions.c.o[0m
[9.482s] [  8%] [32mBuilding C object CMakeFiles/vision_msgs__rosidl_generator_c.dir/rosidl_generator_c/vision_msgs/msg/detail/detection2_d_array__functions.c.o[0m
[9.507s] [  8%] [32mBuilding C object CMakeFiles/vision_msgs__rosidl_generator_c.dir/rosidl_generator_c/vision_msgs/msg/detail/bounding_box3_d_array__functions.c.o[0m
[9.517s] [  8%] [32mBuilding C object CMakeFiles/vision_msgs__rosidl_generator_c.dir/rosidl_generator_c/vision_msgs/msg/detail/detection2_d__functions.c.o[0m
[9.592s] [  9%] [32mBuilding C object CMakeFiles/vision_msgs__rosidl_generator_c.dir/rosidl_generator_c/vision_msgs/msg/detail/detection3_d_array__functions.c.o[0m
[9.670s] [  9%] [32mBuilding C object CMakeFiles/vision_msgs__rosidl_generator_c.dir/rosidl_generator_c/vision_msgs/msg/detail/label_info__functions.c.o[0m
[9.675s] [ 10%] [32mBuilding C object CMakeFiles/vision_msgs__rosidl_generator_c.dir/rosidl_generator_c/vision_msgs/msg/detail/detection3_d__functions.c.o[0m
[9.733s] [ 11%] [32mBuilding C object CMakeFiles/vision_msgs__rosidl_generator_c.dir/rosidl_generator_c/vision_msgs/msg/detail/object_hypothesis__functions.c.o[0m
[9.735s] [ 11%] [32mBuilding C object CMakeFiles/vision_msgs__rosidl_generator_c.dir/rosidl_generator_c/vision_msgs/msg/detail/object_hypothesis_with_pose__functions.c.o[0m
[9.763s] [ 12%] [32mBuilding C object CMakeFiles/vision_msgs__rosidl_generator_c.dir/rosidl_generator_c/vision_msgs/msg/detail/vision_class__functions.c.o[0m
[9.807s] [ 13%] [32mBuilding C object CMakeFiles/vision_msgs__rosidl_generator_c.dir/rosidl_generator_c/vision_msgs/msg/detail/point2_d__functions.c.o[0m
[9.842s] [ 13%] [32mBuilding C object CMakeFiles/vision_msgs__rosidl_generator_c.dir/rosidl_generator_c/vision_msgs/msg/detail/pose2_d__functions.c.o[0m
[9.877s] [ 14%] [32mBuilding C object CMakeFiles/vision_msgs__rosidl_generator_c.dir/rosidl_generator_c/vision_msgs/msg/detail/vision_info__functions.c.o[0m
[10.033s] [ 15%] [32m[1mLinking C shared library libvision_msgs__rosidl_generator_c.so[0m
[10.174s] [ 15%] Built target vision_msgs__rosidl_generator_c
[10.210s] [ 16%] [34m[1mGenerating C type support dispatch for ROS interfaces[0m
[10.211s] [ 16%] [34m[1mGenerating C introspection for ROS interfaces[0m
[11.639s] [35m[1mScanning dependencies of target vision_msgs__rosidl_typesupport_cpp[0m
[11.765s] [ 17%] [32mBuilding CXX object CMakeFiles/vision_msgs__rosidl_typesupport_cpp.dir/rosidl_typesupport_cpp/vision_msgs/msg/bounding_box2_d__type_support.cpp.o[0m
[11.767s] [ 17%] [32mBuilding CXX object CMakeFiles/vision_msgs__rosidl_typesupport_cpp.dir/rosidl_typesupport_cpp/vision_msgs/msg/bounding_box2_d_array__type_support.cpp.o[0m
[11.780s] [ 18%] [32mBuilding CXX object CMakeFiles/vision_msgs__rosidl_typesupport_cpp.dir/rosidl_typesupport_cpp/vision_msgs/msg/bounding_box3_d__type_support.cpp.o[0m
[11.785s] [ 19%] [32mBuilding CXX object CMakeFiles/vision_msgs__rosidl_typesupport_cpp.dir/rosidl_typesupport_cpp/vision_msgs/msg/bounding_box3_d_array__type_support.cpp.o[0m
[11.816s] [ 19%] [32mBuilding CXX object CMakeFiles/vision_msgs__rosidl_typesupport_cpp.dir/rosidl_typesupport_cpp/vision_msgs/msg/classification__type_support.cpp.o[0m
[12.122s] [ 20%] [32mBuilding CXX object CMakeFiles/vision_msgs__rosidl_typesupport_cpp.dir/rosidl_typesupport_cpp/vision_msgs/msg/detection2_d_array__type_support.cpp.o[0m
[12.125s] [ 20%] [32mBuilding CXX object CMakeFiles/vision_msgs__rosidl_typesupport_cpp.dir/rosidl_typesupport_cpp/vision_msgs/msg/detection2_d__type_support.cpp.o[0m
[12.377s] [35m[1mScanning dependencies of target vision_msgs__rosidl_typesupport_introspection_cpp[0m
[12.542s] [ 21%] [32mBuilding CXX object CMakeFiles/vision_msgs__rosidl_typesupport_introspection_cpp.dir/rosidl_typesupport_introspection_cpp/vision_msgs/msg/detail/bounding_box2_d__type_support.cpp.o[0m
[12.793s] [ 22%] [32mBuilding CXX object CMakeFiles/vision_msgs__rosidl_typesupport_cpp.dir/rosidl_typesupport_cpp/vision_msgs/msg/detection3_d__type_support.cpp.o[0m
[12.805s] [ 23%] [32mBuilding CXX object CMakeFiles/vision_msgs__rosidl_typesupport_cpp.dir/rosidl_typesupport_cpp/vision_msgs/msg/detection3_d_array__type_support.cpp.o[0m
[12.846s] [ 23%] [32mBuilding CXX object CMakeFiles/vision_msgs__rosidl_typesupport_cpp.dir/rosidl_typesupport_cpp/vision_msgs/msg/label_info__type_support.cpp.o[0m
[12.976s] [ 24%] [32mBuilding CXX object CMakeFiles/vision_msgs__rosidl_typesupport_cpp.dir/rosidl_typesupport_cpp/vision_msgs/msg/object_hypothesis__type_support.cpp.o[0m
[13.065s] [ 25%] [32mBuilding CXX object CMakeFiles/vision_msgs__rosidl_typesupport_cpp.dir/rosidl_typesupport_cpp/vision_msgs/msg/object_hypothesis_with_pose__type_support.cpp.o[0m
[13.110s] [ 25%] [32mBuilding CXX object CMakeFiles/vision_msgs__rosidl_typesupport_cpp.dir/rosidl_typesupport_cpp/vision_msgs/msg/vision_class__type_support.cpp.o[0m
[13.311s] [ 26%] [32mBuilding CXX object CMakeFiles/vision_msgs__rosidl_typesupport_cpp.dir/rosidl_typesupport_cpp/vision_msgs/msg/point2_d__type_support.cpp.o[0m
[13.600s] [ 27%] [32mBuilding CXX object CMakeFiles/vision_msgs__rosidl_typesupport_introspection_cpp.dir/rosidl_typesupport_introspection_cpp/vision_msgs/msg/detail/bounding_box2_d_array__type_support.cpp.o[0m
[13.780s] [35m[1mScanning dependencies of target vision_msgs__rosidl_typesupport_fastrtps_cpp[0m
[13.839s] [ 27%] [32mBuilding CXX object CMakeFiles/vision_msgs__rosidl_typesupport_introspection_cpp.dir/rosidl_typesupport_introspection_cpp/vision_msgs/msg/detail/bounding_box3_d__type_support.cpp.o[0m
[13.914s] [ 28%] [32mBuilding CXX object CMakeFiles/vision_msgs__rosidl_typesupport_introspection_cpp.dir/rosidl_typesupport_introspection_cpp/vision_msgs/msg/detail/bounding_box3_d_array__type_support.cpp.o[0m
[13.987s] [ 29%] [32mBuilding CXX object CMakeFiles/vision_msgs__rosidl_typesupport_fastrtps_cpp.dir/rosidl_typesupport_fastrtps_cpp/vision_msgs/msg/detail/dds_fastrtps/bounding_box2_d__type_support.cpp.o[0m
[13.988s] [35m[1mScanning dependencies of target vision_msgs__rosidl_typesupport_c[0m
[14.041s] [ 29%] [32mBuilding CXX object CMakeFiles/vision_msgs__rosidl_typesupport_fastrtps_cpp.dir/rosidl_typesupport_fastrtps_cpp/vision_msgs/msg/detail/dds_fastrtps/bounding_box2_d_array__type_support.cpp.o[0m
[14.048s] [ 30%] [32mBuilding CXX object CMakeFiles/vision_msgs__rosidl_typesupport_cpp.dir/rosidl_typesupport_cpp/vision_msgs/msg/pose2_d__type_support.cpp.o[0m
[14.112s] [ 31%] [32mBuilding CXX object CMakeFiles/vision_msgs__rosidl_typesupport_c.dir/rosidl_typesupport_c/vision_msgs/msg/bounding_box2_d__type_support.cpp.o[0m
[14.118s] [ 32%] [32mBuilding CXX object CMakeFiles/vision_msgs__rosidl_typesupport_fastrtps_cpp.dir/rosidl_typesupport_fastrtps_cpp/vision_msgs/msg/detail/dds_fastrtps/bounding_box3_d__type_support.cpp.o[0m
[14.160s] [ 32%] [32mBuilding CXX object CMakeFiles/vision_msgs__rosidl_typesupport_cpp.dir/rosidl_typesupport_cpp/vision_msgs/msg/vision_info__type_support.cpp.o[0m
[14.331s] [ 33%] [32mBuilding CXX object CMakeFiles/vision_msgs__rosidl_typesupport_c.dir/rosidl_typesupport_c/vision_msgs/msg/bounding_box2_d_array__type_support.cpp.o[0m
[14.405s] [ 33%] [32mBuilding CXX object CMakeFiles/vision_msgs__rosidl_typesupport_c.dir/rosidl_typesupport_c/vision_msgs/msg/bounding_box3_d__type_support.cpp.o[0m
[14.569s] [ 34%] [32mBuilding CXX object CMakeFiles/vision_msgs__rosidl_typesupport_c.dir/rosidl_typesupport_c/vision_msgs/msg/bounding_box3_d_array__type_support.cpp.o[0m
[14.677s] [ 34%] [32mBuilding CXX object CMakeFiles/vision_msgs__rosidl_typesupport_c.dir/rosidl_typesupport_c/vision_msgs/msg/classification__type_support.cpp.o[0m
[14.772s] [ 35%] [32mBuilding CXX object CMakeFiles/vision_msgs__rosidl_typesupport_c.dir/rosidl_typesupport_c/vision_msgs/msg/detection2_d_array__type_support.cpp.o[0m
[14.806s] [ 36%] [32mBuilding CXX object CMakeFiles/vision_msgs__rosidl_typesupport_c.dir/rosidl_typesupport_c/vision_msgs/msg/detection2_d__type_support.cpp.o[0m
[14.826s] [ 37%] [32mBuilding CXX object CMakeFiles/vision_msgs__rosidl_typesupport_introspection_cpp.dir/rosidl_typesupport_introspection_cpp/vision_msgs/msg/detail/classification__type_support.cpp.o[0m
[14.842s] [35m[1mScanning dependencies of target vision_msgs__rosidl_typesupport_introspection_c[0m
[14.918s] [ 37%] [32mBuilding CXX object CMakeFiles/vision_msgs__rosidl_typesupport_introspection_cpp.dir/rosidl_typesupport_introspection_cpp/vision_msgs/msg/detail/detection2_d_array__type_support.cpp.o[0m
[14.945s] [ 37%] [32mBuilding CXX object CMakeFiles/vision_msgs__rosidl_typesupport_c.dir/rosidl_typesupport_c/vision_msgs/msg/detection3_d_array__type_support.cpp.o[0m
[14.983s] [ 38%] [32mBuilding CXX object CMakeFiles/vision_msgs__rosidl_typesupport_c.dir/rosidl_typesupport_c/vision_msgs/msg/detection3_d__type_support.cpp.o[0m
[15.033s] [ 38%] [32mBuilding C object CMakeFiles/vision_msgs__rosidl_typesupport_introspection_c.dir/rosidl_typesupport_introspection_c/vision_msgs/msg/detail/bounding_box2_d__type_support.c.o[0m
[15.118s] [ 39%] [32mBuilding CXX object CMakeFiles/vision_msgs__rosidl_typesupport_introspection_cpp.dir/rosidl_typesupport_introspection_cpp/vision_msgs/msg/detail/detection2_d__type_support.cpp.o[0m
[15.149s] [ 40%] [32mBuilding CXX object CMakeFiles/vision_msgs__rosidl_typesupport_c.dir/rosidl_typesupport_c/vision_msgs/msg/label_info__type_support.cpp.o[0m
[15.157s] [ 41%] [32m[1mLinking CXX shared library libvision_msgs__rosidl_typesupport_cpp.so[0m
[15.171s] [ 42%] [32mBuilding C object CMakeFiles/vision_msgs__rosidl_typesupport_introspection_c.dir/rosidl_typesupport_introspection_c/vision_msgs/msg/detail/bounding_box2_d_array__type_support.c.o[0m
[15.239s] [ 43%] [32mBuilding CXX object CMakeFiles/vision_msgs__rosidl_typesupport_fastrtps_cpp.dir/rosidl_typesupport_fastrtps_cpp/vision_msgs/msg/detail/dds_fastrtps/bounding_box3_d_array__type_support.cpp.o[0m
[15.255s] [ 44%] [32mBuilding C object CMakeFiles/vision_msgs__rosidl_typesupport_introspection_c.dir/rosidl_typesupport_introspection_c/vision_msgs/msg/detail/bounding_box3_d__type_support.c.o[0m
[15.273s] [ 44%] [32mBuilding CXX object CMakeFiles/vision_msgs__rosidl_typesupport_c.dir/rosidl_typesupport_c/vision_msgs/msg/object_hypothesis__type_support.cpp.o[0m
[15.276s] [ 45%] [32m[1mLinking CXX static library libgtest.a[0m
[15.317s] [ 45%] [32mBuilding C object CMakeFiles/vision_msgs__rosidl_typesupport_introspection_c.dir/rosidl_typesupport_introspection_c/vision_msgs/msg/detail/bounding_box3_d_array__type_support.c.o[0m
[15.328s] [ 45%] [32mBuilding CXX object CMakeFiles/vision_msgs__rosidl_typesupport_introspection_cpp.dir/rosidl_typesupport_introspection_cpp/vision_msgs/msg/detail/detection3_d_array__type_support.cpp.o[0m
[15.386s] [ 45%] Built target vision_msgs__rosidl_typesupport_cpp
[15.406s] [ 45%] [32mBuilding CXX object CMakeFiles/vision_msgs__rosidl_typesupport_fastrtps_cpp.dir/rosidl_typesupport_fastrtps_cpp/vision_msgs/msg/detail/dds_fastrtps/classification__type_support.cpp.o[0m
[15.411s] [ 46%] [32mBuilding C object CMakeFiles/vision_msgs__rosidl_typesupport_introspection_c.dir/rosidl_typesupport_introspection_c/vision_msgs/msg/detail/classification__type_support.c.o[0m
[15.411s] [ 47%] [32mBuilding CXX object CMakeFiles/vision_msgs__rosidl_typesupport_c.dir/rosidl_typesupport_c/vision_msgs/msg/vision_class__type_support.cpp.o[0m
[15.425s] [ 48%] [32mBuilding CXX object CMakeFiles/vision_msgs__rosidl_typesupport_c.dir/rosidl_typesupport_c/vision_msgs/msg/object_hypothesis_with_pose__type_support.cpp.o[0m
[15.465s] [ 48%] [32mBuilding C object CMakeFiles/vision_msgs__rosidl_typesupport_introspection_c.dir/rosidl_typesupport_introspection_c/vision_msgs/msg/detail/detection2_d_array__type_support.c.o[0m
[15.572s] [ 48%] [32mBuilding CXX object CMakeFiles/vision_msgs__rosidl_typesupport_c.dir/rosidl_typesupport_c/vision_msgs/msg/point2_d__type_support.cpp.o[0m
[15.581s] [ 49%] [32mBuilding C object CMakeFiles/vision_msgs__rosidl_typesupport_introspection_c.dir/rosidl_typesupport_introspection_c/vision_msgs/msg/detail/detection3_d_array__type_support.c.o[0m
[15.584s] [ 50%] [32mBuilding C object CMakeFiles/vision_msgs__rosidl_typesupport_introspection_c.dir/rosidl_typesupport_introspection_c/vision_msgs/msg/detail/detection2_d__type_support.c.o[0m
[15.600s] [ 51%] [32mBuilding CXX object CMakeFiles/vision_msgs__rosidl_typesupport_introspection_cpp.dir/rosidl_typesupport_introspection_cpp/vision_msgs/msg/detail/detection3_d__type_support.cpp.o[0m
[15.604s] [ 51%] Built target gtest
[15.666s] [ 52%] [32mBuilding CXX object CMakeFiles/vision_msgs__rosidl_typesupport_c.dir/rosidl_typesupport_c/vision_msgs/msg/pose2_d__type_support.cpp.o[0m
[15.704s] [ 53%] [32mBuilding CXX object CMakeFiles/vision_msgs__rosidl_typesupport_introspection_cpp.dir/rosidl_typesupport_introspection_cpp/vision_msgs/msg/detail/label_info__type_support.cpp.o[0m
[15.755s] [ 53%] [32mBuilding C object CMakeFiles/vision_msgs__rosidl_typesupport_introspection_c.dir/rosidl_typesupport_introspection_c/vision_msgs/msg/detail/detection3_d__type_support.c.o[0m
[15.756s] [ 53%] [32mBuilding CXX object CMakeFiles/vision_msgs__rosidl_typesupport_c.dir/rosidl_typesupport_c/vision_msgs/msg/vision_info__type_support.cpp.o[0m
[15.781s] [ 54%] [32mBuilding C object CMakeFiles/vision_msgs__rosidl_typesupport_introspection_c.dir/rosidl_typesupport_introspection_c/vision_msgs/msg/detail/label_info__type_support.c.o[0m
[15.848s] [ 55%] [32mBuilding C object CMakeFiles/vision_msgs__rosidl_typesupport_introspection_c.dir/rosidl_typesupport_introspection_c/vision_msgs/msg/detail/object_hypothesis__type_support.c.o[0m
[15.968s] [ 56%] [32m[1mLinking CXX shared library libvision_msgs__rosidl_typesupport_c.so[0m
[15.983s] [ 56%] [32mBuilding C object CMakeFiles/vision_msgs__rosidl_typesupport_introspection_c.dir/rosidl_typesupport_introspection_c/vision_msgs/msg/detail/object_hypothesis_with_pose__type_support.c.o[0m
[16.014s] [ 57%] [32mBuilding C object CMakeFiles/vision_msgs__rosidl_typesupport_introspection_c.dir/rosidl_typesupport_introspection_c/vision_msgs/msg/detail/vision_class__type_support.c.o[0m
[16.066s] [ 57%] [32mBuilding C object CMakeFiles/vision_msgs__rosidl_typesupport_introspection_c.dir/rosidl_typesupport_introspection_c/vision_msgs/msg/detail/pose2_d__type_support.c.o[0m
[16.074s] [ 58%] [32mBuilding C object CMakeFiles/vision_msgs__rosidl_typesupport_introspection_c.dir/rosidl_typesupport_introspection_c/vision_msgs/msg/detail/point2_d__type_support.c.o[0m
[16.221s] [ 58%] [32mBuilding CXX object CMakeFiles/vision_msgs__rosidl_typesupport_introspection_cpp.dir/rosidl_typesupport_introspection_cpp/vision_msgs/msg/detail/object_hypothesis__type_support.cpp.o[0m
[16.226s] [ 59%] [32mBuilding C object CMakeFiles/vision_msgs__rosidl_typesupport_introspection_c.dir/rosidl_typesupport_introspection_c/vision_msgs/msg/detail/vision_info__type_support.c.o[0m
[16.236s] [ 60%] [32mBuilding CXX object CMakeFiles/vision_msgs__rosidl_typesupport_introspection_cpp.dir/rosidl_typesupport_introspection_cpp/vision_msgs/msg/detail/object_hypothesis_with_pose__type_support.cpp.o[0m
[16.271s] [ 61%] [32mBuilding CXX object CMakeFiles/vision_msgs__rosidl_typesupport_fastrtps_cpp.dir/rosidl_typesupport_fastrtps_cpp/vision_msgs/msg/detail/dds_fastrtps/detection2_d_array__type_support.cpp.o[0m
[16.288s] [ 62%] [32mBuilding CXX object CMakeFiles/vision_msgs__rosidl_typesupport_fastrtps_cpp.dir/rosidl_typesupport_fastrtps_cpp/vision_msgs/msg/detail/dds_fastrtps/detection2_d__type_support.cpp.o[0m
[16.295s] [ 62%] Built target vision_msgs__rosidl_typesupport_c
[16.306s] [ 63%] [32mBuilding CXX object CMakeFiles/vision_msgs__rosidl_typesupport_introspection_cpp.dir/rosidl_typesupport_introspection_cpp/vision_msgs/msg/detail/vision_class__type_support.cpp.o[0m
[16.392s] [ 63%] [32mBuilding CXX object CMakeFiles/vision_msgs__rosidl_typesupport_introspection_cpp.dir/rosidl_typesupport_introspection_cpp/vision_msgs/msg/detail/point2_d__type_support.cpp.o[0m
[16.451s] [ 63%] [32m[1mLinking C shared library libvision_msgs__rosidl_typesupport_introspection_c.so[0m
[16.567s] [ 64%] [32mBuilding CXX object CMakeFiles/vision_msgs__rosidl_typesupport_introspection_cpp.dir/rosidl_typesupport_introspection_cpp/vision_msgs/msg/detail/pose2_d__type_support.cpp.o[0m
[16.660s] [ 65%] [32mBuilding CXX object CMakeFiles/vision_msgs__rosidl_typesupport_introspection_cpp.dir/rosidl_typesupport_introspection_cpp/vision_msgs/msg/detail/vision_info__type_support.cpp.o[0m
[16.739s] [ 65%] Built target vision_msgs__rosidl_typesupport_introspection_c
[16.820s] [ 65%] [32mBuilding CXX object CMakeFiles/vision_msgs__rosidl_typesupport_fastrtps_cpp.dir/rosidl_typesupport_fastrtps_cpp/vision_msgs/msg/detail/dds_fastrtps/detection3_d_array__type_support.cpp.o[0m
[16.922s] [ 66%] [32mBuilding CXX object CMakeFiles/vision_msgs__rosidl_typesupport_fastrtps_cpp.dir/rosidl_typesupport_fastrtps_cpp/vision_msgs/msg/detail/dds_fastrtps/detection3_d__type_support.cpp.o[0m
[16.935s] [ 67%] [32mBuilding CXX object CMakeFiles/vision_msgs__rosidl_typesupport_fastrtps_cpp.dir/rosidl_typesupport_fastrtps_cpp/vision_msgs/msg/detail/dds_fastrtps/label_info__type_support.cpp.o[0m
[16.972s] [ 67%] [32mBuilding CXX object CMakeFiles/vision_msgs__rosidl_typesupport_fastrtps_cpp.dir/rosidl_typesupport_fastrtps_cpp/vision_msgs/msg/detail/dds_fastrtps/object_hypothesis__type_support.cpp.o[0m
[17.224s] [ 68%] [32mBuilding CXX object CMakeFiles/vision_msgs__rosidl_typesupport_fastrtps_cpp.dir/rosidl_typesupport_fastrtps_cpp/vision_msgs/msg/detail/dds_fastrtps/object_hypothesis_with_pose__type_support.cpp.o[0m
[17.369s] [ 68%] [32mBuilding CXX object CMakeFiles/vision_msgs__rosidl_typesupport_fastrtps_cpp.dir/rosidl_typesupport_fastrtps_cpp/vision_msgs/msg/detail/dds_fastrtps/vision_class__type_support.cpp.o[0m
[17.485s] [ 69%] [32mBuilding CXX object CMakeFiles/vision_msgs__rosidl_typesupport_fastrtps_cpp.dir/rosidl_typesupport_fastrtps_cpp/vision_msgs/msg/detail/dds_fastrtps/point2_d__type_support.cpp.o[0m
[17.545s] [ 70%] [32mBuilding CXX object CMakeFiles/vision_msgs__rosidl_typesupport_fastrtps_cpp.dir/rosidl_typesupport_fastrtps_cpp/vision_msgs/msg/detail/dds_fastrtps/pose2_d__type_support.cpp.o[0m
[17.676s] [ 70%] [32mBuilding CXX object CMakeFiles/vision_msgs__rosidl_typesupport_fastrtps_cpp.dir/rosidl_typesupport_fastrtps_cpp/vision_msgs/msg/detail/dds_fastrtps/vision_info__type_support.cpp.o[0m
[17.913s] [ 70%] [32m[1mLinking CXX shared library libvision_msgs__rosidl_typesupport_introspection_cpp.so[0m
[18.489s] [ 70%] Built target vision_msgs__rosidl_typesupport_introspection_cpp
[18.855s] [ 71%] [32m[1mLinking CXX shared library libvision_msgs__rosidl_typesupport_fastrtps_cpp.so[0m
[19.206s] [ 71%] Built target vision_msgs__rosidl_typesupport_fastrtps_cpp
[19.240s] [ 71%] [34m[1mGenerating C type support for eProsima Fast-RTPS[0m
[21.659s] [35m[1mScanning dependencies of target vision_msgs__rosidl_typesupport_fastrtps_c[0m
[21.751s] [ 73%] [32mBuilding CXX object CMakeFiles/vision_msgs__rosidl_typesupport_fastrtps_c.dir/rosidl_typesupport_fastrtps_c/vision_msgs/msg/detail/detection2_d_array__type_support_c.cpp.o[0m
[21.751s] [ 73%] [32mBuilding CXX object CMakeFiles/vision_msgs__rosidl_typesupport_fastrtps_c.dir/rosidl_typesupport_fastrtps_c/vision_msgs/msg/detail/classification__type_support_c.cpp.o[0m
[21.751s] [ 73%] [32mBuilding CXX object CMakeFiles/vision_msgs__rosidl_typesupport_fastrtps_c.dir/rosidl_typesupport_fastrtps_c/vision_msgs/msg/detail/bounding_box2_d_array__type_support_c.cpp.o[0m
[21.753s] [ 73%] [32mBuilding CXX object CMakeFiles/vision_msgs__rosidl_typesupport_fastrtps_c.dir/rosidl_typesupport_fastrtps_c/vision_msgs/msg/detail/bounding_box3_d__type_support_c.cpp.o[0m
[21.760s] [ 74%] [32mBuilding CXX object CMakeFiles/vision_msgs__rosidl_typesupport_fastrtps_c.dir/rosidl_typesupport_fastrtps_c/vision_msgs/msg/detail/bounding_box2_d__type_support_c.cpp.o[0m
[21.760s] [ 75%] [32mBuilding CXX object CMakeFiles/vision_msgs__rosidl_typesupport_fastrtps_c.dir/rosidl_typesupport_fastrtps_c/vision_msgs/msg/detail/detection2_d__type_support_c.cpp.o[0m
[21.761s] [ 76%] [32mBuilding CXX object CMakeFiles/vision_msgs__rosidl_typesupport_fastrtps_c.dir/rosidl_typesupport_fastrtps_c/vision_msgs/msg/detail/bounding_box3_d_array__type_support_c.cpp.o[0m
[21.762s] [ 77%] [32mBuilding CXX object CMakeFiles/vision_msgs__rosidl_typesupport_fastrtps_c.dir/rosidl_typesupport_fastrtps_c/vision_msgs/msg/detail/object_hypothesis__type_support_c.cpp.o[0m
[21.762s] [ 77%] [32mBuilding CXX object CMakeFiles/vision_msgs__rosidl_typesupport_fastrtps_c.dir/rosidl_typesupport_fastrtps_c/vision_msgs/msg/detail/label_info__type_support_c.cpp.o[0m
[21.763s] [ 77%] [32mBuilding CXX object CMakeFiles/vision_msgs__rosidl_typesupport_fastrtps_c.dir/rosidl_typesupport_fastrtps_c/vision_msgs/msg/detail/detection3_d__type_support_c.cpp.o[0m
[21.772s] [ 78%] [32mBuilding CXX object CMakeFiles/vision_msgs__rosidl_typesupport_fastrtps_c.dir/rosidl_typesupport_fastrtps_c/vision_msgs/msg/detail/detection3_d_array__type_support_c.cpp.o[0m
[21.781s] [ 79%] [32mBuilding CXX object CMakeFiles/vision_msgs__rosidl_typesupport_fastrtps_c.dir/rosidl_typesupport_fastrtps_c/vision_msgs/msg/detail/object_hypothesis_with_pose__type_support_c.cpp.o[0m
[22.687s] [ 79%] [32mBuilding CXX object CMakeFiles/vision_msgs__rosidl_typesupport_fastrtps_c.dir/rosidl_typesupport_fastrtps_c/vision_msgs/msg/detail/point2_d__type_support_c.cpp.o[0m
[22.700s] [ 80%] [32mBuilding CXX object CMakeFiles/vision_msgs__rosidl_typesupport_fastrtps_c.dir/rosidl_typesupport_fastrtps_c/vision_msgs/msg/detail/vision_class__type_support_c.cpp.o[0m
[22.830s] [ 81%] [32mBuilding CXX object CMakeFiles/vision_msgs__rosidl_typesupport_fastrtps_c.dir/rosidl_typesupport_fastrtps_c/vision_msgs/msg/detail/pose2_d__type_support_c.cpp.o[0m
[22.834s] [ 82%] [32mBuilding CXX object CMakeFiles/vision_msgs__rosidl_typesupport_fastrtps_c.dir/rosidl_typesupport_fastrtps_c/vision_msgs/msg/detail/vision_info__type_support_c.cpp.o[0m
[23.731s] [ 82%] [32m[1mLinking CXX shared library libvision_msgs__rosidl_typesupport_fastrtps_c.so[0m
[23.976s] [ 82%] Built target vision_msgs__rosidl_typesupport_fastrtps_c
[24.003s] [35m[1mScanning dependencies of target vision_msgs[0m
[24.033s] [ 82%] Built target vision_msgs
[24.059s] [35m[1mScanning dependencies of target vision_msgs_test[0m
[24.059s] [35m[1mScanning dependencies of target vision_msgs__py[0m
[24.090s] [ 82%] [34m[1mGenerating Python code for ROS interfaces[0m
[24.219s] [ 83%] [32mBuilding CXX object CMakeFiles/vision_msgs_test.dir/test/main.cpp.o[0m
[26.073s] [ 84%] [32m[1mLinking CXX executable vision_msgs_test[0m
[26.440s] [ 84%] Built target vision_msgs_test
[29.379s] [ 84%] Built target vision_msgs__py
[29.407s] [35m[1mScanning dependencies of target vision_msgs__python[0m
[29.555s] [ 85%] [32mBuilding C object CMakeFiles/vision_msgs__python.dir/rosidl_generator_py/vision_msgs/msg/_bounding_box3_d_array_s.c.o[0m
[29.556s] [ 85%] [32mBuilding C object CMakeFiles/vision_msgs__python.dir/rosidl_generator_py/vision_msgs/msg/_bounding_box3_d_s.c.o[0m
[29.556s] [ 86%] [32mBuilding C object CMakeFiles/vision_msgs__python.dir/rosidl_generator_py/vision_msgs/msg/_detection2_d_s.c.o[0m
[29.556s] [ 86%] [32mBuilding C object CMakeFiles/vision_msgs__python.dir/rosidl_generator_py/vision_msgs/msg/_detection3_d_array_s.c.o[0m
[29.561s] [ 89%] [32mBuilding C object CMakeFiles/vision_msgs__python.dir/rosidl_generator_py/vision_msgs/msg/_object_hypothesis_with_pose_s.c.o[0m
[29.562s] [ 89%] [32mBuilding C object CMakeFiles/vision_msgs__python.dir/rosidl_generator_py/vision_msgs/msg/_bounding_box2_d_s.c.o[0m
[29.564s] [ 87%] [32mBuilding C object CMakeFiles/vision_msgs__python.dir/rosidl_generator_py/vision_msgs/msg/_detection2_d_array_s.c.o[0m
[29.565s] [ 90%] [32mBuilding C object CMakeFiles/vision_msgs__python.dir/rosidl_generator_py/vision_msgs/msg/_classification_s.c.o[0m
[29.567s] [ 90%] [32mBuilding C object CMakeFiles/vision_msgs__python.dir/rosidl_generator_py/vision_msgs/msg/_label_info_s.c.o[0m
[29.568s] [ 91%] [32mBuilding C object CMakeFiles/vision_msgs__python.dir/rosidl_generator_py/vision_msgs/msg/_detection3_d_s.c.o[0m
[29.568s] [ 92%] [32mBuilding C object CMakeFiles/vision_msgs__python.dir/rosidl_generator_py/vision_msgs/msg/_bounding_box2_d_array_s.c.o[0m
[29.572s] [ 92%] [32mBuilding C object CMakeFiles/vision_msgs__python.dir/rosidl_generator_py/vision_msgs/msg/_object_hypothesis_s.c.o[0m
[30.110s] [ 92%] [32mBuilding C object CMakeFiles/vision_msgs__python.dir/rosidl_generator_py/vision_msgs/msg/_point2_d_s.c.o[0m
[30.110s] [ 93%] [32mBuilding C object CMakeFiles/vision_msgs__python.dir/rosidl_generator_py/vision_msgs/msg/_pose2_d_s.c.o[0m
[30.111s] [ 94%] [32mBuilding C object CMakeFiles/vision_msgs__python.dir/rosidl_generator_py/vision_msgs/msg/_vision_class_s.c.o[0m
[30.123s] [ 95%] [32mBuilding C object CMakeFiles/vision_msgs__python.dir/rosidl_generator_py/vision_msgs/msg/_vision_info_s.c.o[0m
[30.345s] [ 95%] [32m[1mLinking C shared library rosidl_generator_py/vision_msgs/libvision_msgs__python.so[0m
[30.475s] [ 95%] Built target vision_msgs__python
[30.503s] [35m[1mScanning dependencies of target vision_msgs__rosidl_typesupport_c__pyext[0m
[30.504s] [35m[1mScanning dependencies of target vision_msgs__rosidl_typesupport_introspection_c__pyext[0m
[30.504s] [35m[1mScanning dependencies of target vision_msgs__rosidl_typesupport_fastrtps_c__pyext[0m
[30.564s] [ 98%] [32mBuilding C object CMakeFiles/vision_msgs__rosidl_typesupport_fastrtps_c__pyext.dir/rosidl_generator_py/vision_msgs/_vision_msgs_s.ep.rosidl_typesupport_fastrtps_c.c.o[0m
[30.564s] [ 98%] [32mBuilding C object CMakeFiles/vision_msgs__rosidl_typesupport_introspection_c__pyext.dir/rosidl_generator_py/vision_msgs/_vision_msgs_s.ep.rosidl_typesupport_introspection_c.c.o[0m
[30.565s] [ 98%] [32mBuilding C object CMakeFiles/vision_msgs__rosidl_typesupport_c__pyext.dir/rosidl_generator_py/vision_msgs/_vision_msgs_s.ep.rosidl_typesupport_c.c.o[0m
[30.871s] [ 99%] [32m[1mLinking CXX shared library rosidl_generator_py/vision_msgs/vision_msgs_s__rosidl_typesupport_fastrtps_c.cpython-38-aarch64-linux-gnu.so[0m
[30.908s] [ 99%] [32m[1mLinking C shared library rosidl_generator_py/vision_msgs/vision_msgs_s__rosidl_typesupport_c.cpython-38-aarch64-linux-gnu.so[0m
[30.946s] [100%] [32m[1mLinking C shared library rosidl_generator_py/vision_msgs/vision_msgs_s__rosidl_typesupport_introspection_c.cpython-38-aarch64-linux-gnu.so[0m
[31.010s] [100%] Built target vision_msgs__rosidl_typesupport_c__pyext
[31.042s] [100%] Built target vision_msgs__rosidl_typesupport_fastrtps_c__pyext
[31.043s] [100%] Built target vision_msgs__rosidl_typesupport_introspection_c__pyext
[31.081s] Invoked command in '/home/lehighur/ros2_ws/src/build/vision_msgs' returned '0': CMAKE_PREFIX_PATH=/opt/ros/foxy _tide_pad= /usr/bin/cmake --build /home/lehighur/ros2_ws/src/build/vision_msgs -- -j12 -l12
[31.560s] Invoking command in '/home/lehighur/ros2_ws/src/build/vision_msgs': CMAKE_PREFIX_PATH=/opt/ros/foxy _tide_pad= /usr/bin/cmake --install /home/lehighur/ros2_ws/src/build/vision_msgs
[31.587s] -- Install configuration: ""
[31.587s] -- Installing: /home/lehighur/ros2_ws/src/install/vision_msgs/share/ament_index/resource_index/rosidl_interfaces/vision_msgs
[31.588s] -- Installing: /home/lehighur/ros2_ws/src/install/vision_msgs/include/vision_msgs
[31.588s] -- Installing: /home/lehighur/ros2_ws/src/install/vision_msgs/include/vision_msgs/msg
[31.588s] -- Installing: /home/lehighur/ros2_ws/src/install/vision_msgs/include/vision_msgs/msg/detection2_d_array.h
[31.588s] -- Installing: /home/lehighur/ros2_ws/src/install/vision_msgs/include/vision_msgs/msg/label_info.h
[31.588s] -- Installing: /home/lehighur/ros2_ws/src/install/vision_msgs/include/vision_msgs/msg/vision_class.h
[31.588s] -- Installing: /home/lehighur/ros2_ws/src/install/vision_msgs/include/vision_msgs/msg/object_hypothesis_with_pose.h
[31.589s] -- Installing: /home/lehighur/ros2_ws/src/install/vision_msgs/include/vision_msgs/msg/bounding_box2_d.h
[31.589s] -- Installing: /home/lehighur/ros2_ws/src/install/vision_msgs/include/vision_msgs/msg/classification.h
[31.589s] -- Installing: /home/lehighur/ros2_ws/src/install/vision_msgs/include/vision_msgs/msg/detection3_d_array.h
[31.589s] -- Installing: /home/lehighur/ros2_ws/src/install/vision_msgs/include/vision_msgs/msg/bounding_box3_d_array.h
[31.590s] -- Installing: /home/lehighur/ros2_ws/src/install/vision_msgs/include/vision_msgs/msg/bounding_box2_d_array.h
[31.590s] -- Installing: /home/lehighur/ros2_ws/src/install/vision_msgs/include/vision_msgs/msg/vision_info.h
[31.590s] -- Installing: /home/lehighur/ros2_ws/src/install/vision_msgs/include/vision_msgs/msg/detail
[31.590s] -- Installing: /home/lehighur/ros2_ws/src/install/vision_msgs/include/vision_msgs/msg/detail/bounding_box3_d__type_support.h
[31.590s] -- Installing: /home/lehighur/ros2_ws/src/install/vision_msgs/include/vision_msgs/msg/detail/pose2_d__functions.h
[31.591s] -- Installing: /home/lehighur/ros2_ws/src/install/vision_msgs/include/vision_msgs/msg/detail/detection3_d_array__type_support.h
[31.591s] -- Installing: /home/lehighur/ros2_ws/src/install/vision_msgs/include/vision_msgs/msg/detail/detection3_d__functions.c
[31.591s] -- Installing: /home/lehighur/ros2_ws/src/install/vision_msgs/include/vision_msgs/msg/detail/classification__struct.h
[31.591s] -- Installing: /home/lehighur/ros2_ws/src/install/vision_msgs/include/vision_msgs/msg/detail/bounding_box2_d_array__functions.c
[31.592s] -- Installing: /home/lehighur/ros2_ws/src/install/vision_msgs/include/vision_msgs/msg/detail/pose2_d__functions.c
[31.592s] -- Installing: /home/lehighur/ros2_ws/src/install/vision_msgs/include/vision_msgs/msg/detail/detection2_d_array__type_support.h
[31.592s] -- Installing: /home/lehighur/ros2_ws/src/install/vision_msgs/include/vision_msgs/msg/detail/detection2_d__functions.c
[31.593s] -- Installing: /home/lehighur/ros2_ws/src/install/vision_msgs/include/vision_msgs/msg/detail/bounding_box2_d__functions.c
[31.593s] -- Installing: /home/lehighur/ros2_ws/src/install/vision_msgs/include/vision_msgs/msg/detail/bounding_box3_d_array__type_support.h
[31.593s] -- Installing: /home/lehighur/ros2_ws/src/install/vision_msgs/include/vision_msgs/msg/detail/classification__type_support.h
[31.593s] -- Installing: /home/lehighur/ros2_ws/src/install/vision_msgs/include/vision_msgs/msg/detail/bounding_box3_d_array__functions.h
[31.593s] -- Installing: /home/lehighur/ros2_ws/src/install/vision_msgs/include/vision_msgs/msg/detail/detection3_d__struct.h
[31.593s] -- Installing: /home/lehighur/ros2_ws/src/install/vision_msgs/include/vision_msgs/msg/detail/detection2_d_array__struct.h
[31.594s] -- Installing: /home/lehighur/ros2_ws/src/install/vision_msgs/include/vision_msgs/msg/detail/bounding_box3_d__struct.h
[31.594s] -- Installing: /home/lehighur/ros2_ws/src/install/vision_msgs/include/vision_msgs/msg/detail/point2_d__functions.c
[31.594s] -- Installing: /home/lehighur/ros2_ws/src/install/vision_msgs/include/vision_msgs/msg/detail/object_hypothesis__functions.h
[31.594s] -- Installing: /home/lehighur/ros2_ws/src/install/vision_msgs/include/vision_msgs/msg/detail/bounding_box2_d_array__struct.h
[31.595s] -- Installing: /home/lehighur/ros2_ws/src/install/vision_msgs/include/vision_msgs/msg/detail/detection3_d__type_support.h
[31.595s] -- Installing: /home/lehighur/ros2_ws/src/install/vision_msgs/include/vision_msgs/msg/detail/label_info__struct.h
[31.595s] -- Installing: /home/lehighur/ros2_ws/src/install/vision_msgs/include/vision_msgs/msg/detail/bounding_box2_d__functions.h
[31.595s] -- Installing: /home/lehighur/ros2_ws/src/install/vision_msgs/include/vision_msgs/msg/detail/vision_class__type_support.h
[31.595s] -- Installing: /home/lehighur/ros2_ws/src/install/vision_msgs/include/vision_msgs/msg/detail/object_hypothesis_with_pose__struct.h
[31.596s] -- Installing: /home/lehighur/ros2_ws/src/install/vision_msgs/include/vision_msgs/msg/detail/bounding_box2_d__struct.h
[31.596s] -- Installing: /home/lehighur/ros2_ws/src/install/vision_msgs/include/vision_msgs/msg/detail/detection2_d__functions.h
[31.596s] -- Installing: /home/lehighur/ros2_ws/src/install/vision_msgs/include/vision_msgs/msg/detail/vision_info__functions.h
[31.596s] -- Installing: /home/lehighur/ros2_ws/src/install/vision_msgs/include/vision_msgs/msg/detail/vision_info__type_support.h
[31.597s] -- Installing: /home/lehighur/ros2_ws/src/install/vision_msgs/include/vision_msgs/msg/detail/detection2_d_array__functions.h
[31.597s] -- Installing: /home/lehighur/ros2_ws/src/install/vision_msgs/include/vision_msgs/msg/detail/object_hypothesis__functions.c
[31.597s] -- Installing: /home/lehighur/ros2_ws/src/install/vision_msgs/include/vision_msgs/msg/detail/point2_d__struct.h
[31.597s] -- Installing: /home/lehighur/ros2_ws/src/install/vision_msgs/include/vision_msgs/msg/detail/label_info__type_support.h
[31.597s] -- Installing: /home/lehighur/ros2_ws/src/install/vision_msgs/include/vision_msgs/msg/detail/point2_d__functions.h
[31.598s] -- Installing: /home/lehighur/ros2_ws/src/install/vision_msgs/include/vision_msgs/msg/detail/vision_class__struct.h
[31.598s] -- Installing: /home/lehighur/ros2_ws/src/install/vision_msgs/include/vision_msgs/msg/detail/classification__functions.c
[31.598s] -- Installing: /home/lehighur/ros2_ws/src/install/vision_msgs/include/vision_msgs/msg/detail/classification__functions.h
[31.598s] -- Installing: /home/lehighur/ros2_ws/src/install/vision_msgs/include/vision_msgs/msg/detail/object_hypothesis__type_support.h
[31.599s] -- Installing: /home/lehighur/ros2_ws/src/install/vision_msgs/include/vision_msgs/msg/detail/point2_d__type_support.h
[31.599s] -- Installing: /home/lehighur/ros2_ws/src/install/vision_msgs/include/vision_msgs/msg/detail/detection3_d_array__functions.c
[31.599s] -- Installing: /home/lehighur/ros2_ws/src/install/vision_msgs/include/vision_msgs/msg/detail/bounding_box3_d__functions.c
[31.600s] -- Installing: /home/lehighur/ros2_ws/src/install/vision_msgs/include/vision_msgs/msg/detail/bounding_box2_d_array__functions.h
[31.600s] -- Installing: /home/lehighur/ros2_ws/src/install/vision_msgs/include/vision_msgs/msg/detail/label_info__functions.c
[31.600s] -- Installing: /home/lehighur/ros2_ws/src/install/vision_msgs/include/vision_msgs/msg/detail/vision_info__struct.h
[31.600s] -- Installing: /home/lehighur/ros2_ws/src/install/vision_msgs/include/vision_msgs/msg/detail/detection2_d__type_support.h
[31.600s] -- Installing: /home/lehighur/ros2_ws/src/install/vision_msgs/include/vision_msgs/msg/detail/detection2_d__struct.h
[31.601s] -- Installing: /home/lehighur/ros2_ws/src/install/vision_msgs/include/vision_msgs/msg/detail/pose2_d__type_support.h
[31.601s] -- Installing: /home/lehighur/ros2_ws/src/install/vision_msgs/include/vision_msgs/msg/detail/bounding_box3_d_array__struct.h
[31.601s] -- Installing: /home/lehighur/ros2_ws/src/install/vision_msgs/include/vision_msgs/msg/detail/vision_info__functions.c
[31.601s] -- Installing: /home/lehighur/ros2_ws/src/install/vision_msgs/include/vision_msgs/msg/detail/detection3_d__functions.h
[31.601s] -- Installing: /home/lehighur/ros2_ws/src/install/vision_msgs/include/vision_msgs/msg/detail/object_hypothesis_with_pose__functions.h
[31.602s] -- Installing: /home/lehighur/ros2_ws/src/install/vision_msgs/include/vision_msgs/msg/detail/detection3_d_array__functions.h
[31.602s] -- Installing: /home/lehighur/ros2_ws/src/install/vision_msgs/include/vision_msgs/msg/detail/vision_class__functions.c
[31.602s] -- Installing: /home/lehighur/ros2_ws/src/install/vision_msgs/include/vision_msgs/msg/detail/detection2_d_array__functions.c
[31.602s] -- Installing: /home/lehighur/ros2_ws/src/install/vision_msgs/include/vision_msgs/msg/detail/label_info__functions.h
[31.602s] -- Installing: /home/lehighur/ros2_ws/src/install/vision_msgs/include/vision_msgs/msg/detail/detection3_d_array__struct.h
[31.603s] -- Installing: /home/lehighur/ros2_ws/src/install/vision_msgs/include/vision_msgs/msg/detail/bounding_box3_d_array__functions.c
[31.603s] -- Installing: /home/lehighur/ros2_ws/src/install/vision_msgs/include/vision_msgs/msg/detail/object_hypothesis_with_pose__type_support.h
[31.603s] -- Installing: /home/lehighur/ros2_ws/src/install/vision_msgs/include/vision_msgs/msg/detail/object_hypothesis_with_pose__functions.c
[31.603s] -- Installing: /home/lehighur/ros2_ws/src/install/vision_msgs/include/vision_msgs/msg/detail/bounding_box2_d_array__type_support.h
[31.604s] -- Installing: /home/lehighur/ros2_ws/src/install/vision_msgs/include/vision_msgs/msg/detail/bounding_box3_d__functions.h
[31.604s] -- Installing: /home/lehighur/ros2_ws/src/install/vision_msgs/include/vision_msgs/msg/detail/object_hypothesis__struct.h
[31.604s] -- Installing: /home/lehighur/ros2_ws/src/install/vision_msgs/include/vision_msgs/msg/detail/vision_class__functions.h
[31.604s] -- Installing: /home/lehighur/ros2_ws/src/install/vision_msgs/include/vision_msgs/msg/detail/pose2_d__struct.h
[31.604s] -- Installing: /home/lehighur/ros2_ws/src/install/vision_msgs/include/vision_msgs/msg/detail/bounding_box2_d__type_support.h
[31.605s] -- Installing: /home/lehighur/ros2_ws/src/install/vision_msgs/include/vision_msgs/msg/bounding_box3_d.h
[31.605s] -- Installing: /home/lehighur/ros2_ws/src/install/vision_msgs/include/vision_msgs/msg/detection2_d.h
[31.605s] -- Installing: /home/lehighur/ros2_ws/src/install/vision_msgs/include/vision_msgs/msg/pose2_d.h
[31.605s] -- Installing: /home/lehighur/ros2_ws/src/install/vision_msgs/include/vision_msgs/msg/detection3_d.h
[31.606s] -- Installing: /home/lehighur/ros2_ws/src/install/vision_msgs/include/vision_msgs/msg/rosidl_generator_c__visibility_control.h
[31.606s] -- Installing: /home/lehighur/ros2_ws/src/install/vision_msgs/include/vision_msgs/msg/point2_d.h
[31.606s] -- Installing: /home/lehighur/ros2_ws/src/install/vision_msgs/include/vision_msgs/msg/object_hypothesis.h
[31.607s] -- Installing: /home/lehighur/ros2_ws/src/install/vision_msgs/share/vision_msgs/environment/library_path.sh
[31.607s] -- Installing: /home/lehighur/ros2_ws/src/install/vision_msgs/share/vision_msgs/environment/library_path.dsv
[31.607s] -- Installing: /home/lehighur/ros2_ws/src/install/vision_msgs/lib/libvision_msgs__rosidl_generator_c.so
[31.608s] -- Set runtime path of "/home/lehighur/ros2_ws/src/install/vision_msgs/lib/libvision_msgs__rosidl_generator_c.so" to ""
[31.609s] -- Up-to-date: /home/lehighur/ros2_ws/src/install/vision_msgs/include/vision_msgs
[31.609s] -- Up-to-date: /home/lehighur/ros2_ws/src/install/vision_msgs/include/vision_msgs/msg
[31.609s] -- Up-to-date: /home/lehighur/ros2_ws/src/install/vision_msgs/include/vision_msgs/msg/detail
[31.609s] -- Installing: /home/lehighur/ros2_ws/src/install/vision_msgs/include/vision_msgs/msg/detail/bounding_box3_d__rosidl_typesupport_fastrtps_c.h
[31.609s] -- Installing: /home/lehighur/ros2_ws/src/install/vision_msgs/include/vision_msgs/msg/detail/object_hypothesis_with_pose__rosidl_typesupport_fastrtps_c.h
[31.610s] -- Installing: /home/lehighur/ros2_ws/src/install/vision_msgs/include/vision_msgs/msg/detail/bounding_box3_d_array__rosidl_typesupport_fastrtps_c.h
[31.610s] -- Installing: /home/lehighur/ros2_ws/src/install/vision_msgs/include/vision_msgs/msg/detail/object_hypothesis__rosidl_typesupport_fastrtps_c.h
[31.610s] -- Installing: /home/lehighur/ros2_ws/src/install/vision_msgs/include/vision_msgs/msg/detail/classification__rosidl_typesupport_fastrtps_c.h
[31.610s] -- Installing: /home/lehighur/ros2_ws/src/install/vision_msgs/include/vision_msgs/msg/detail/detection2_d__rosidl_typesupport_fastrtps_c.h
[31.610s] -- Installing: /home/lehighur/ros2_ws/src/install/vision_msgs/include/vision_msgs/msg/detail/vision_info__rosidl_typesupport_fastrtps_c.h
[31.611s] -- Installing: /home/lehighur/ros2_ws/src/install/vision_msgs/include/vision_msgs/msg/detail/bounding_box2_d__rosidl_typesupport_fastrtps_c.h
[31.611s] -- Installing: /home/lehighur/ros2_ws/src/install/vision_msgs/include/vision_msgs/msg/detail/label_info__rosidl_typesupport_fastrtps_c.h
[31.611s] -- Installing: /home/lehighur/ros2_ws/src/install/vision_msgs/include/vision_msgs/msg/detail/pose2_d__rosidl_typesupport_fastrtps_c.h
[31.611s] -- Installing: /home/lehighur/ros2_ws/src/install/vision_msgs/include/vision_msgs/msg/detail/detection3_d__rosidl_typesupport_fastrtps_c.h
[31.612s] -- Installing: /home/lehighur/ros2_ws/src/install/vision_msgs/include/vision_msgs/msg/detail/bounding_box2_d_array__rosidl_typesupport_fastrtps_c.h
[31.612s] -- Installing: /home/lehighur/ros2_ws/src/install/vision_msgs/include/vision_msgs/msg/detail/detection3_d_array__rosidl_typesupport_fastrtps_c.h
[31.612s] -- Installing: /home/lehighur/ros2_ws/src/install/vision_msgs/include/vision_msgs/msg/detail/vision_class__rosidl_typesupport_fastrtps_c.h
[31.612s] -- Installing: /home/lehighur/ros2_ws/src/install/vision_msgs/include/vision_msgs/msg/detail/detection2_d_array__rosidl_typesupport_fastrtps_c.h
[31.612s] -- Installing: /home/lehighur/ros2_ws/src/install/vision_msgs/include/vision_msgs/msg/detail/point2_d__rosidl_typesupport_fastrtps_c.h
[31.613s] -- Installing: /home/lehighur/ros2_ws/src/install/vision_msgs/include/vision_msgs/msg/rosidl_typesupport_fastrtps_c__visibility_control.h
[31.613s] -- Installing: /home/lehighur/ros2_ws/src/install/vision_msgs/lib/libvision_msgs__rosidl_typesupport_fastrtps_c.so
[31.614s] -- Set runtime path of "/home/lehighur/ros2_ws/src/install/vision_msgs/lib/libvision_msgs__rosidl_typesupport_fastrtps_c.so" to ""
[31.614s] -- Up-to-date: /home/lehighur/ros2_ws/src/install/vision_msgs/include/vision_msgs
[31.614s] -- Up-to-date: /home/lehighur/ros2_ws/src/install/vision_msgs/include/vision_msgs/msg
[31.615s] -- Installing: /home/lehighur/ros2_ws/src/install/vision_msgs/include/vision_msgs/msg/rosidl_typesupport_fastrtps_cpp__visibility_control.h
[31.615s] -- Up-to-date: /home/lehighur/ros2_ws/src/install/vision_msgs/include/vision_msgs/msg/detail
[31.615s] -- Installing: /home/lehighur/ros2_ws/src/install/vision_msgs/include/vision_msgs/msg/detail/object_hypothesis_with_pose__rosidl_typesupport_fastrtps_cpp.hpp
[31.615s] -- Installing: /home/lehighur/ros2_ws/src/install/vision_msgs/include/vision_msgs/msg/detail/bounding_box2_d_array__rosidl_typesupport_fastrtps_cpp.hpp
[31.615s] -- Installing: /home/lehighur/ros2_ws/src/install/vision_msgs/include/vision_msgs/msg/detail/bounding_box2_d__rosidl_typesupport_fastrtps_cpp.hpp
[31.616s] -- Installing: /home/lehighur/ros2_ws/src/install/vision_msgs/include/vision_msgs/msg/detail/bounding_box3_d__rosidl_typesupport_fastrtps_cpp.hpp
[31.616s] -- Installing: /home/lehighur/ros2_ws/src/install/vision_msgs/include/vision_msgs/msg/detail/vision_info__rosidl_typesupport_fastrtps_cpp.hpp
[31.616s] -- Installing: /home/lehighur/ros2_ws/src/install/vision_msgs/include/vision_msgs/msg/detail/detection2_d__rosidl_typesupport_fastrtps_cpp.hpp
[31.616s] -- Installing: /home/lehighur/ros2_ws/src/install/vision_msgs/include/vision_msgs/msg/detail/pose2_d__rosidl_typesupport_fastrtps_cpp.hpp
[31.616s] -- Installing: /home/lehighur/ros2_ws/src/install/vision_msgs/include/vision_msgs/msg/detail/vision_class__rosidl_typesupport_fastrtps_cpp.hpp
[31.616s] -- Installing: /home/lehighur/ros2_ws/src/install/vision_msgs/include/vision_msgs/msg/detail/detection2_d_array__rosidl_typesupport_fastrtps_cpp.hpp
[31.617s] -- Installing: /home/lehighur/ros2_ws/src/install/vision_msgs/include/vision_msgs/msg/detail/object_hypothesis__rosidl_typesupport_fastrtps_cpp.hpp
[31.617s] -- Installing: /home/lehighur/ros2_ws/src/install/vision_msgs/include/vision_msgs/msg/detail/point2_d__rosidl_typesupport_fastrtps_cpp.hpp
[31.617s] -- Installing: /home/lehighur/ros2_ws/src/install/vision_msgs/include/vision_msgs/msg/detail/label_info__rosidl_typesupport_fastrtps_cpp.hpp
[31.617s] -- Installing: /home/lehighur/ros2_ws/src/install/vision_msgs/include/vision_msgs/msg/detail/classification__rosidl_typesupport_fastrtps_cpp.hpp
[31.618s] -- Installing: /home/lehighur/ros2_ws/src/install/vision_msgs/include/vision_msgs/msg/detail/bounding_box3_d_array__rosidl_typesupport_fastrtps_cpp.hpp
[31.618s] -- Installing: /home/lehighur/ros2_ws/src/install/vision_msgs/include/vision_msgs/msg/detail/detection3_d__rosidl_typesupport_fastrtps_cpp.hpp
[31.618s] -- Installing: /home/lehighur/ros2_ws/src/install/vision_msgs/include/vision_msgs/msg/detail/dds_fastrtps
[31.618s] -- Installing: /home/lehighur/ros2_ws/src/install/vision_msgs/include/vision_msgs/msg/detail/detection3_d_array__rosidl_typesupport_fastrtps_cpp.hpp
[31.619s] -- Installing: /home/lehighur/ros2_ws/src/install/vision_msgs/lib/libvision_msgs__rosidl_typesupport_fastrtps_cpp.so
[31.621s] -- Set runtime path of "/home/lehighur/ros2_ws/src/install/vision_msgs/lib/libvision_msgs__rosidl_typesupport_fastrtps_cpp.so" to ""
[31.621s] -- Up-to-date: /home/lehighur/ros2_ws/src/install/vision_msgs/include/vision_msgs
[31.621s] -- Up-to-date: /home/lehighur/ros2_ws/src/install/vision_msgs/include/vision_msgs/msg
[31.622s] -- Installing: /home/lehighur/ros2_ws/src/install/vision_msgs/include/vision_msgs/msg/rosidl_typesupport_introspection_c__visibility_control.h
[31.622s] -- Up-to-date: /home/lehighur/ros2_ws/src/install/vision_msgs/include/vision_msgs/msg/detail
[31.622s] -- Installing: /home/lehighur/ros2_ws/src/install/vision_msgs/include/vision_msgs/msg/detail/pose2_d__type_support.c
[31.622s] -- Installing: /home/lehighur/ros2_ws/src/install/vision_msgs/include/vision_msgs/msg/detail/vision_info__rosidl_typesupport_introspection_c.h
[31.622s] -- Installing: /home/lehighur/ros2_ws/src/install/vision_msgs/include/vision_msgs/msg/detail/bounding_box3_d_array__rosidl_typesupport_introspection_c.h
[31.622s] -- Installing: /home/lehighur/ros2_ws/src/install/vision_msgs/include/vision_msgs/msg/detail/detection2_d_array__rosidl_typesupport_introspection_c.h
[31.623s] -- Installing: /home/lehighur/ros2_ws/src/install/vision_msgs/include/vision_msgs/msg/detail/pose2_d__rosidl_typesupport_introspection_c.h
[31.623s] -- Installing: /home/lehighur/ros2_ws/src/install/vision_msgs/include/vision_msgs/msg/detail/label_info__type_support.c
[31.623s] -- Installing: /home/lehighur/ros2_ws/src/install/vision_msgs/include/vision_msgs/msg/detail/detection3_d_array__type_support.c
[31.623s] -- Installing: /home/lehighur/ros2_ws/src/install/vision_msgs/include/vision_msgs/msg/detail/vision_info__type_support.c
[31.623s] -- Installing: /home/lehighur/ros2_ws/src/install/vision_msgs/include/vision_msgs/msg/detail/classification__type_support.c
[31.623s] -- Installing: /home/lehighur/ros2_ws/src/install/vision_msgs/include/vision_msgs/msg/detail/object_hypothesis_with_pose__type_support.c
[31.624s] -- Installing: /home/lehighur/ros2_ws/src/install/vision_msgs/include/vision_msgs/msg/detail/object_hypothesis__rosidl_typesupport_introspection_c.h
[31.624s] -- Installing: /home/lehighur/ros2_ws/src/install/vision_msgs/include/vision_msgs/msg/detail/detection2_d_array__type_support.c
[31.624s] -- Installing: /home/lehighur/ros2_ws/src/install/vision_msgs/include/vision_msgs/msg/detail/vision_class__rosidl_typesupport_introspection_c.h
[31.624s] -- Installing: /home/lehighur/ros2_ws/src/install/vision_msgs/include/vision_msgs/msg/detail/bounding_box2_d__type_support.c
[31.625s] -- Installing: /home/lehighur/ros2_ws/src/install/vision_msgs/include/vision_msgs/msg/detail/point2_d__rosidl_typesupport_introspection_c.h
[31.626s] -- Installing: /home/lehighur/ros2_ws/src/install/vision_msgs/include/vision_msgs/msg/detail/detection2_d__type_support.c
[31.626s] -- Installing: /home/lehighur/ros2_ws/src/install/vision_msgs/include/vision_msgs/msg/detail/bounding_box2_d_array__type_support.c
[31.626s] -- Installing: /home/lehighur/ros2_ws/src/install/vision_msgs/include/vision_msgs/msg/detail/classification__rosidl_typesupport_introspection_c.h
[31.626s] -- Installing: /home/lehighur/ros2_ws/src/install/vision_msgs/include/vision_msgs/msg/detail/object_hypothesis_with_pose__rosidl_typesupport_introspection_c.h
[31.626s] -- Installing: /home/lehighur/ros2_ws/src/install/vision_msgs/include/vision_msgs/msg/detail/point2_d__type_support.c
[31.626s] -- Installing: /home/lehighur/ros2_ws/src/install/vision_msgs/include/vision_msgs/msg/detail/label_info__rosidl_typesupport_introspection_c.h
[31.627s] -- Installing: /home/lehighur/ros2_ws/src/install/vision_msgs/include/vision_msgs/msg/detail/detection3_d__rosidl_typesupport_introspection_c.h
[31.627s] -- Installing: /home/lehighur/ros2_ws/src/install/vision_msgs/include/vision_msgs/msg/detail/bounding_box3_d__rosidl_typesupport_introspection_c.h
[31.627s] -- Installing: /home/lehighur/ros2_ws/src/install/vision_msgs/include/vision_msgs/msg/detail/bounding_box3_d_array__type_support.c
[31.627s] -- Installing: /home/lehighur/ros2_ws/src/install/vision_msgs/include/vision_msgs/msg/detail/bounding_box2_d__rosidl_typesupport_introspection_c.h
[31.628s] -- Installing: /home/lehighur/ros2_ws/src/install/vision_msgs/include/vision_msgs/msg/detail/detection3_d_array__rosidl_typesupport_introspection_c.h
[31.628s] -- Installing: /home/lehighur/ros2_ws/src/install/vision_msgs/include/vision_msgs/msg/detail/detection2_d__rosidl_typesupport_introspection_c.h
[31.628s] -- Installing: /home/lehighur/ros2_ws/src/install/vision_msgs/include/vision_msgs/msg/detail/vision_class__type_support.c
[31.628s] -- Installing: /home/lehighur/ros2_ws/src/install/vision_msgs/include/vision_msgs/msg/detail/bounding_box3_d__type_support.c
[31.628s] -- Installing: /home/lehighur/ros2_ws/src/install/vision_msgs/include/vision_msgs/msg/detail/object_hypothesis__type_support.c
[31.629s] -- Installing: /home/lehighur/ros2_ws/src/install/vision_msgs/include/vision_msgs/msg/detail/bounding_box2_d_array__rosidl_typesupport_introspection_c.h
[31.629s] -- Installing: /home/lehighur/ros2_ws/src/install/vision_msgs/include/vision_msgs/msg/detail/detection3_d__type_support.c
[31.629s] -- Installing: /home/lehighur/ros2_ws/src/install/vision_msgs/lib/libvision_msgs__rosidl_typesupport_introspection_c.so
[31.630s] -- Set runtime path of "/home/lehighur/ros2_ws/src/install/vision_msgs/lib/libvision_msgs__rosidl_typesupport_introspection_c.so" to ""
[31.631s] -- Installing: /home/lehighur/ros2_ws/src/install/vision_msgs/lib/libvision_msgs__rosidl_typesupport_c.so
[31.631s] -- Set runtime path of "/home/lehighur/ros2_ws/src/install/vision_msgs/lib/libvision_msgs__rosidl_typesupport_c.so" to ""
[31.632s] -- Up-to-date: /home/lehighur/ros2_ws/src/install/vision_msgs/include/vision_msgs
[31.632s] -- Up-to-date: /home/lehighur/ros2_ws/src/install/vision_msgs/include/vision_msgs/msg
[31.632s] -- Installing: /home/lehighur/ros2_ws/src/install/vision_msgs/include/vision_msgs/msg/vision_class.hpp
[31.632s] -- Installing: /home/lehighur/ros2_ws/src/install/vision_msgs/include/vision_msgs/msg/bounding_box2_d_array.hpp
[31.632s] -- Installing: /home/lehighur/ros2_ws/src/install/vision_msgs/include/vision_msgs/msg/detection3_d_array.hpp
[31.632s] -- Installing: /home/lehighur/ros2_ws/src/install/vision_msgs/include/vision_msgs/msg/vision_info.hpp
[31.633s] -- Installing: /home/lehighur/ros2_ws/src/install/vision_msgs/include/vision_msgs/msg/detection2_d_array.hpp
[31.633s] -- Installing: /home/lehighur/ros2_ws/src/install/vision_msgs/include/vision_msgs/msg/bounding_box3_d_array.hpp
[31.633s] -- Installing: /home/lehighur/ros2_ws/src/install/vision_msgs/include/vision_msgs/msg/detection3_d.hpp
[31.633s] -- Installing: /home/lehighur/ros2_ws/src/install/vision_msgs/include/vision_msgs/msg/rosidl_generator_cpp__visibility_control.hpp
[31.634s] -- Installing: /home/lehighur/ros2_ws/src/install/vision_msgs/include/vision_msgs/msg/object_hypothesis_with_pose.hpp
[31.634s] -- Installing: /home/lehighur/ros2_ws/src/install/vision_msgs/include/vision_msgs/msg/classification.hpp
[31.634s] -- Up-to-date: /home/lehighur/ros2_ws/src/install/vision_msgs/include/vision_msgs/msg/detail
[31.634s] -- Installing: /home/lehighur/ros2_ws/src/install/vision_msgs/include/vision_msgs/msg/detail/bounding_box3_d__traits.hpp
[31.634s] -- Installing: /home/lehighur/ros2_ws/src/install/vision_msgs/include/vision_msgs/msg/detail/label_info__traits.hpp
[31.635s] -- Installing: /home/lehighur/ros2_ws/src/install/vision_msgs/include/vision_msgs/msg/detail/object_hypothesis_with_pose__type_support.hpp
[31.635s] -- Installing: /home/lehighur/ros2_ws/src/install/vision_msgs/include/vision_msgs/msg/detail/vision_class__type_support.hpp
[31.635s] -- Installing: /home/lehighur/ros2_ws/src/install/vision_msgs/include/vision_msgs/msg/detail/detection3_d_array__type_support.hpp
[31.635s] -- Installing: /home/lehighur/ros2_ws/src/install/vision_msgs/include/vision_msgs/msg/detail/point2_d__traits.hpp
[31.635s] -- Installing: /home/lehighur/ros2_ws/src/install/vision_msgs/include/vision_msgs/msg/detail/bounding_box2_d__traits.hpp
[31.636s] -- Installing: /home/lehighur/ros2_ws/src/install/vision_msgs/include/vision_msgs/msg/detail/detection2_d_array__struct.hpp
[31.636s] -- Installing: /home/lehighur/ros2_ws/src/install/vision_msgs/include/vision_msgs/msg/detail/point2_d__builder.hpp
[31.636s] -- Installing: /home/lehighur/ros2_ws/src/install/vision_msgs/include/vision_msgs/msg/detail/bounding_box2_d__struct.hpp
[31.637s] -- Installing: /home/lehighur/ros2_ws/src/install/vision_msgs/include/vision_msgs/msg/detail/pose2_d__traits.hpp
[31.637s] -- Installing: /home/lehighur/ros2_ws/src/install/vision_msgs/include/vision_msgs/msg/detail/detection2_d__type_support.hpp
[31.637s] -- Installing: /home/lehighur/ros2_ws/src/install/vision_msgs/include/vision_msgs/msg/detail/classification__builder.hpp
[31.637s] -- Installing: /home/lehighur/ros2_ws/src/install/vision_msgs/include/vision_msgs/msg/detail/bounding_box3_d__builder.hpp
[31.638s] -- Installing: /home/lehighur/ros2_ws/src/install/vision_msgs/include/vision_msgs/msg/detail/object_hypothesis__type_support.hpp
[31.638s] -- Installing: /home/lehighur/ros2_ws/src/install/vision_msgs/include/vision_msgs/msg/detail/object_hypothesis_with_pose__builder.hpp
[31.638s] -- Installing: /home/lehighur/ros2_ws/src/install/vision_msgs/include/vision_msgs/msg/detail/bounding_box2_d__builder.hpp
[31.638s] -- Installing: /home/lehighur/ros2_ws/src/install/vision_msgs/include/vision_msgs/msg/detail/classification__struct.hpp
[31.638s] -- Installing: /home/lehighur/ros2_ws/src/install/vision_msgs/include/vision_msgs/msg/detail/detection3_d_array__struct.hpp
[31.639s] -- Installing: /home/lehighur/ros2_ws/src/install/vision_msgs/include/vision_msgs/msg/detail/vision_info__traits.hpp
[31.639s] -- Installing: /home/lehighur/ros2_ws/src/install/vision_msgs/include/vision_msgs/msg/detail/vision_class__builder.hpp
[31.639s] -- Installing: /home/lehighur/ros2_ws/src/install/vision_msgs/include/vision_msgs/msg/detail/bounding_box3_d_array__type_support.hpp
[31.639s] -- Installing: /home/lehighur/ros2_ws/src/install/vision_msgs/include/vision_msgs/msg/detail/detection3_d__type_support.hpp
[31.640s] -- Installing: /home/lehighur/ros2_ws/src/install/vision_msgs/include/vision_msgs/msg/detail/detection3_d__traits.hpp
[31.640s] -- Installing: /home/lehighur/ros2_ws/src/install/vision_msgs/include/vision_msgs/msg/detail/bounding_box2_d_array__builder.hpp
[31.640s] -- Installing: /home/lehighur/ros2_ws/src/install/vision_msgs/include/vision_msgs/msg/detail/bounding_box3_d_array__builder.hpp
[31.640s] -- Installing: /home/lehighur/ros2_ws/src/install/vision_msgs/include/vision_msgs/msg/detail/pose2_d__type_support.hpp
[31.641s] -- Installing: /home/lehighur/ros2_ws/src/install/vision_msgs/include/vision_msgs/msg/detail/bounding_box3_d_array__traits.hpp
[31.641s] -- Installing: /home/lehighur/ros2_ws/src/install/vision_msgs/include/vision_msgs/msg/detail/point2_d__type_support.hpp
[31.641s] -- Installing: /home/lehighur/ros2_ws/src/install/vision_msgs/include/vision_msgs/msg/detail/bounding_box2_d_array__type_support.hpp
[31.641s] -- Installing: /home/lehighur/ros2_ws/src/install/vision_msgs/include/vision_msgs/msg/detail/object_hypothesis_with_pose__struct.hpp
[31.641s] -- Installing: /home/lehighur/ros2_ws/src/install/vision_msgs/include/vision_msgs/msg/detail/vision_info__struct.hpp
[31.642s] -- Installing: /home/lehighur/ros2_ws/src/install/vision_msgs/include/vision_msgs/msg/detail/object_hypothesis__traits.hpp
[31.642s] -- Installing: /home/lehighur/ros2_ws/src/install/vision_msgs/include/vision_msgs/msg/detail/detection2_d_array__builder.hpp
[31.642s] -- Installing: /home/lehighur/ros2_ws/src/install/vision_msgs/include/vision_msgs/msg/detail/classification__type_support.hpp
[31.642s] -- Installing: /home/lehighur/ros2_ws/src/install/vision_msgs/include/vision_msgs/msg/detail/object_hypothesis__builder.hpp
[31.643s] -- Installing: /home/lehighur/ros2_ws/src/install/vision_msgs/include/vision_msgs/msg/detail/detection2_d_array__type_support.hpp
[31.643s] -- Installing: /home/lehighur/ros2_ws/src/install/vision_msgs/include/vision_msgs/msg/detail/point2_d__struct.hpp
[31.643s] -- Installing: /home/lehighur/ros2_ws/src/install/vision_msgs/include/vision_msgs/msg/detail/detection2_d__builder.hpp
[31.643s] -- Installing: /home/lehighur/ros2_ws/src/install/vision_msgs/include/vision_msgs/msg/detail/vision_class__struct.hpp
[31.644s] -- Installing: /home/lehighur/ros2_ws/src/install/vision_msgs/include/vision_msgs/msg/detail/detection3_d_array__traits.hpp
[31.644s] -- Installing: /home/lehighur/ros2_ws/src/install/vision_msgs/include/vision_msgs/msg/detail/object_hypothesis__struct.hpp
[31.644s] -- Installing: /home/lehighur/ros2_ws/src/install/vision_msgs/include/vision_msgs/msg/detail/bounding_box3_d__struct.hpp
[31.644s] -- Installing: /home/lehighur/ros2_ws/src/install/vision_msgs/include/vision_msgs/msg/detail/bounding_box3_d_array__struct.hpp
[31.644s] -- Installing: /home/lehighur/ros2_ws/src/install/vision_msgs/include/vision_msgs/msg/detail/label_info__struct.hpp
[31.645s] -- Installing: /home/lehighur/ros2_ws/src/install/vision_msgs/include/vision_msgs/msg/detail/label_info__type_support.hpp
[31.645s] -- Installing: /home/lehighur/ros2_ws/src/install/vision_msgs/include/vision_msgs/msg/detail/classification__traits.hpp
[31.645s] -- Installing: /home/lehighur/ros2_ws/src/install/vision_msgs/include/vision_msgs/msg/detail/label_info__builder.hpp
[31.645s] -- Installing: /home/lehighur/ros2_ws/src/install/vision_msgs/include/vision_msgs/msg/detail/vision_class__traits.hpp
[31.646s] -- Installing: /home/lehighur/ros2_ws/src/install/vision_msgs/include/vision_msgs/msg/detail/detection3_d_array__builder.hpp
[31.646s] -- Installing: /home/lehighur/ros2_ws/src/install/vision_msgs/include/vision_msgs/msg/detail/vision_info__type_support.hpp
[31.646s] -- Installing: /home/lehighur/ros2_ws/src/install/vision_msgs/include/vision_msgs/msg/detail/bounding_box3_d__type_support.hpp
[31.646s] -- Installing: /home/lehighur/ros2_ws/src/install/vision_msgs/include/vision_msgs/msg/detail/detection3_d__builder.hpp
[31.646s] -- Installing: /home/lehighur/ros2_ws/src/install/vision_msgs/include/vision_msgs/msg/detail/detection2_d__struct.hpp
[31.647s] -- Installing: /home/lehighur/ros2_ws/src/install/vision_msgs/include/vision_msgs/msg/detail/bounding_box2_d_array__struct.hpp
[31.647s] -- Installing: /home/lehighur/ros2_ws/src/install/vision_msgs/include/vision_msgs/msg/detail/bounding_box2_d_array__traits.hpp
[31.647s] -- Installing: /home/lehighur/ros2_ws/src/install/vision_msgs/include/vision_msgs/msg/detail/object_hypothesis_with_pose__traits.hpp
[31.647s] -- Installing: /home/lehighur/ros2_ws/src/install/vision_msgs/include/vision_msgs/msg/detail/detection2_d_array__traits.hpp
[31.648s] -- Installing: /home/lehighur/ros2_ws/src/install/vision_msgs/include/vision_msgs/msg/detail/pose2_d__builder.hpp
[31.648s] -- Installing: /home/lehighur/ros2_ws/src/install/vision_msgs/include/vision_msgs/msg/detail/detection2_d__traits.hpp
[31.648s] -- Installing: /home/lehighur/ros2_ws/src/install/vision_msgs/include/vision_msgs/msg/detail/detection3_d__struct.hpp
[31.648s] -- Installing: /home/lehighur/ros2_ws/src/install/vision_msgs/include/vision_msgs/msg/detail/vision_info__builder.hpp
[31.649s] -- Installing: /home/lehighur/ros2_ws/src/install/vision_msgs/include/vision_msgs/msg/detail/bounding_box2_d__type_support.hpp
[31.649s] -- Installing: /home/lehighur/ros2_ws/src/install/vision_msgs/include/vision_msgs/msg/detail/pose2_d__struct.hpp
[31.649s] -- Installing: /home/lehighur/ros2_ws/src/install/vision_msgs/include/vision_msgs/msg/point2_d.hpp
[31.649s] -- Installing: /home/lehighur/ros2_ws/src/install/vision_msgs/include/vision_msgs/msg/pose2_d.hpp
[31.649s] -- Installing: /home/lehighur/ros2_ws/src/install/vision_msgs/include/vision_msgs/msg/bounding_box3_d.hpp
[31.650s] -- Installing: /home/lehighur/ros2_ws/src/install/vision_msgs/include/vision_msgs/msg/detection2_d.hpp
[31.650s] -- Installing: /home/lehighur/ros2_ws/src/install/vision_msgs/include/vision_msgs/msg/bounding_box2_d.hpp
[31.650s] -- Installing: /home/lehighur/ros2_ws/src/install/vision_msgs/include/vision_msgs/msg/label_info.hpp
[31.650s] -- Installing: /home/lehighur/ros2_ws/src/install/vision_msgs/include/vision_msgs/msg/object_hypothesis.hpp
[31.651s] -- Up-to-date: /home/lehighur/ros2_ws/src/install/vision_msgs/include/vision_msgs
[31.651s] -- Up-to-date: /home/lehighur/ros2_ws/src/install/vision_msgs/include/vision_msgs/msg
[31.651s] -- Up-to-date: /home/lehighur/ros2_ws/src/install/vision_msgs/include/vision_msgs/msg/detail
[31.651s] -- Installing: /home/lehighur/ros2_ws/src/install/vision_msgs/include/vision_msgs/msg/detail/detection3_d__type_support.cpp
[31.651s] -- Installing: /home/lehighur/ros2_ws/src/install/vision_msgs/include/vision_msgs/msg/detail/classification__rosidl_typesupport_introspection_cpp.hpp
[31.651s] -- Installing: /home/lehighur/ros2_ws/src/install/vision_msgs/include/vision_msgs/msg/detail/vision_class__type_support.cpp
[31.652s] -- Installing: /home/lehighur/ros2_ws/src/install/vision_msgs/include/vision_msgs/msg/detail/detection2_d__rosidl_typesupport_introspection_cpp.hpp
[31.652s] -- Installing: /home/lehighur/ros2_ws/src/install/vision_msgs/include/vision_msgs/msg/detail/bounding_box2_d__type_support.cpp
[31.652s] -- Installing: /home/lehighur/ros2_ws/src/install/vision_msgs/include/vision_msgs/msg/detail/pose2_d__rosidl_typesupport_introspection_cpp.hpp
[31.652s] -- Installing: /home/lehighur/ros2_ws/src/install/vision_msgs/include/vision_msgs/msg/detail/object_hypothesis_with_pose__rosidl_typesupport_introspection_cpp.hpp
[31.653s] -- Installing: /home/lehighur/ros2_ws/src/install/vision_msgs/include/vision_msgs/msg/detail/bounding_box3_d__rosidl_typesupport_introspection_cpp.hpp
[31.653s] -- Installing: /home/lehighur/ros2_ws/src/install/vision_msgs/include/vision_msgs/msg/detail/pose2_d__type_support.cpp
[31.653s] -- Installing: /home/lehighur/ros2_ws/src/install/vision_msgs/include/vision_msgs/msg/detail/point2_d__rosidl_typesupport_introspection_cpp.hpp
[31.653s] -- Installing: /home/lehighur/ros2_ws/src/install/vision_msgs/include/vision_msgs/msg/detail/detection2_d__type_support.cpp
[31.653s] -- Installing: /home/lehighur/ros2_ws/src/install/vision_msgs/include/vision_msgs/msg/detail/object_hypothesis__type_support.cpp
[31.654s] -- Installing: /home/lehighur/ros2_ws/src/install/vision_msgs/include/vision_msgs/msg/detail/bounding_box3_d_array__rosidl_typesupport_introspection_cpp.hpp
[31.654s] -- Installing: /home/lehighur/ros2_ws/src/install/vision_msgs/include/vision_msgs/msg/detail/point2_d__type_support.cpp
[31.654s] -- Installing: /home/lehighur/ros2_ws/src/install/vision_msgs/include/vision_msgs/msg/detail/detection2_d_array__type_support.cpp
[31.654s] -- Installing: /home/lehighur/ros2_ws/src/install/vision_msgs/include/vision_msgs/msg/detail/label_info__rosidl_typesupport_introspection_cpp.hpp
[31.655s] -- Installing: /home/lehighur/ros2_ws/src/install/vision_msgs/include/vision_msgs/msg/detail/detection3_d__rosidl_typesupport_introspection_cpp.hpp
[31.655s] -- Installing: /home/lehighur/ros2_ws/src/install/vision_msgs/include/vision_msgs/msg/detail/object_hypothesis_with_pose__type_support.cpp
[31.655s] -- Installing: /home/lehighur/ros2_ws/src/install/vision_msgs/include/vision_msgs/msg/detail/detection3_d_array__type_support.cpp
[31.655s] -- Installing: /home/lehighur/ros2_ws/src/install/vision_msgs/include/vision_msgs/msg/detail/bounding_box2_d__rosidl_typesupport_introspection_cpp.hpp
[31.656s] -- Installing: /home/lehighur/ros2_ws/src/install/vision_msgs/include/vision_msgs/msg/detail/vision_info__type_support.cpp
[31.656s] -- Installing: /home/lehighur/ros2_ws/src/install/vision_msgs/include/vision_msgs/msg/detail/detection2_d_array__rosidl_typesupport_introspection_cpp.hpp
[31.656s] -- Installing: /home/lehighur/ros2_ws/src/install/vision_msgs/include/vision_msgs/msg/detail/classification__type_support.cpp
[31.657s] -- Installing: /home/lehighur/ros2_ws/src/install/vision_msgs/include/vision_msgs/msg/detail/bounding_box2_d_array__type_support.cpp
[31.657s] -- Installing: /home/lehighur/ros2_ws/src/install/vision_msgs/include/vision_msgs/msg/detail/bounding_box2_d_array__rosidl_typesupport_introspection_cpp.hpp
[31.657s] -- Installing: /home/lehighur/ros2_ws/src/install/vision_msgs/include/vision_msgs/msg/detail/vision_info__rosidl_typesupport_introspection_cpp.hpp
[31.657s] -- Installing: /home/lehighur/ros2_ws/src/install/vision_msgs/include/vision_msgs/msg/detail/bounding_box3_d__type_support.cpp
[31.658s] -- Installing: /home/lehighur/ros2_ws/src/install/vision_msgs/include/vision_msgs/msg/detail/bounding_box3_d_array__type_support.cpp
[31.658s] -- Installing: /home/lehighur/ros2_ws/src/install/vision_msgs/include/vision_msgs/msg/detail/object_hypothesis__rosidl_typesupport_introspection_cpp.hpp
[31.658s] -- Installing: /home/lehighur/ros2_ws/src/install/vision_msgs/include/vision_msgs/msg/detail/vision_class__rosidl_typesupport_introspection_cpp.hpp
[31.658s] -- Installing: /home/lehighur/ros2_ws/src/install/vision_msgs/include/vision_msgs/msg/detail/label_info__type_support.cpp
[31.658s] -- Installing: /home/lehighur/ros2_ws/src/install/vision_msgs/include/vision_msgs/msg/detail/detection3_d_array__rosidl_typesupport_introspection_cpp.hpp
[31.659s] -- Installing: /home/lehighur/ros2_ws/src/install/vision_msgs/lib/libvision_msgs__rosidl_typesupport_introspection_cpp.so
[31.661s] -- Set runtime path of "/home/lehighur/ros2_ws/src/install/vision_msgs/lib/libvision_msgs__rosidl_typesupport_introspection_cpp.so" to ""
[31.661s] -- Installing: /home/lehighur/ros2_ws/src/install/vision_msgs/lib/libvision_msgs__rosidl_typesupport_cpp.so
[31.662s] -- Set runtime path of "/home/lehighur/ros2_ws/src/install/vision_msgs/lib/libvision_msgs__rosidl_typesupport_cpp.so" to ""
[31.662s] -- Installing: /home/lehighur/ros2_ws/src/install/vision_msgs/share/vision_msgs/environment/pythonpath.sh
[31.662s] -- Installing: /home/lehighur/ros2_ws/src/install/vision_msgs/share/vision_msgs/environment/pythonpath.dsv
[31.663s] -- Installing: /home/lehighur/ros2_ws/src/install/vision_msgs/lib/python3.8/site-packages/vision_msgs/__init__.py
[31.743s] Compiling '/home/lehighur/ros2_ws/src/install/vision_msgs/lib/python3.8/site-packages/vision_msgs/__init__.py'...
[31.756s] -- Installing: /home/lehighur/ros2_ws/src/install/vision_msgs/lib/python3.8/site-packages/vision_msgs/msg
[31.757s] -- Installing: /home/lehighur/ros2_ws/src/install/vision_msgs/lib/python3.8/site-packages/vision_msgs/msg/_detection2_d.py
[31.757s] -- Installing: /home/lehighur/ros2_ws/src/install/vision_msgs/lib/python3.8/site-packages/vision_msgs/msg/_pose2_d_s.c
[31.758s] -- Installing: /home/lehighur/ros2_ws/src/install/vision_msgs/lib/python3.8/site-packages/vision_msgs/msg/_detection3_d_array_s.c
[31.758s] -- Installing: /home/lehighur/ros2_ws/src/install/vision_msgs/lib/python3.8/site-packages/vision_msgs/msg/_bounding_box3_d_array.py
[31.758s] -- Installing: /home/lehighur/ros2_ws/src/install/vision_msgs/lib/python3.8/site-packages/vision_msgs/msg/_object_hypothesis_with_pose_s.c
[31.759s] -- Installing: /home/lehighur/ros2_ws/src/install/vision_msgs/lib/python3.8/site-packages/vision_msgs/msg/_point2_d_s.c
[31.759s] -- Installing: /home/lehighur/ros2_ws/src/install/vision_msgs/lib/python3.8/site-packages/vision_msgs/msg/_detection2_d_array.py
[31.759s] -- Installing: /home/lehighur/ros2_ws/src/install/vision_msgs/lib/python3.8/site-packages/vision_msgs/msg/_bounding_box3_d.py
[31.759s] -- Installing: /home/lehighur/ros2_ws/src/install/vision_msgs/lib/python3.8/site-packages/vision_msgs/msg/__init__.py
[31.767s] -- Installing: /home/lehighur/ros2_ws/src/install/vision_msgs/lib/python3.8/site-packages/vision_msgs/msg/_classification_s.c
[31.767s] -- Installing: /home/lehighur/ros2_ws/src/install/vision_msgs/lib/python3.8/site-packages/vision_msgs/msg/_detection3_d.py
[31.767s] -- Installing: /home/lehighur/ros2_ws/src/install/vision_msgs/lib/python3.8/site-packages/vision_msgs/msg/_vision_info.py
[31.768s] -- Installing: /home/lehighur/ros2_ws/src/install/vision_msgs/lib/python3.8/site-packages/vision_msgs/msg/_object_hypothesis.py
[31.768s] -- Installing: /home/lehighur/ros2_ws/src/install/vision_msgs/lib/python3.8/site-packages/vision_msgs/msg/_detection3_d_array.py
[31.768s] -- Installing: /home/lehighur/ros2_ws/src/install/vision_msgs/lib/python3.8/site-packages/vision_msgs/msg/_object_hypothesis_s.c
[31.769s] -- Installing: /home/lehighur/ros2_ws/src/install/vision_msgs/lib/python3.8/site-packages/vision_msgs/msg/_bounding_box2_d_array.py
[31.769s] -- Installing: /home/lehighur/ros2_ws/src/install/vision_msgs/lib/python3.8/site-packages/vision_msgs/msg/_detection3_d_s.c
[31.769s] -- Installing: /home/lehighur/ros2_ws/src/install/vision_msgs/lib/python3.8/site-packages/vision_msgs/msg/_bounding_box2_d_s.c
[31.769s] -- Installing: /home/lehighur/ros2_ws/src/install/vision_msgs/lib/python3.8/site-packages/vision_msgs/msg/_point2_d.py
[31.770s] -- Installing: /home/lehighur/ros2_ws/src/install/vision_msgs/lib/python3.8/site-packages/vision_msgs/msg/_vision_info_s.c
[31.770s] -- Installing: /home/lehighur/ros2_ws/src/install/vision_msgs/lib/python3.8/site-packages/vision_msgs/msg/_vision_class_s.c
[31.770s] -- Installing: /home/lehighur/ros2_ws/src/install/vision_msgs/lib/python3.8/site-packages/vision_msgs/msg/_bounding_box3_d_s.c
[31.771s] -- Installing: /home/lehighur/ros2_ws/src/install/vision_msgs/lib/python3.8/site-packages/vision_msgs/msg/_detection2_d_s.c
[31.771s] -- Installing: /home/lehighur/ros2_ws/src/install/vision_msgs/lib/python3.8/site-packages/vision_msgs/msg/_label_info.py
[31.771s] -- Installing: /home/lehighur/ros2_ws/src/install/vision_msgs/lib/python3.8/site-packages/vision_msgs/msg/_vision_class.py
[31.771s] -- Installing: /home/lehighur/ros2_ws/src/install/vision_msgs/lib/python3.8/site-packages/vision_msgs/msg/_detection2_d_array_s.c
[31.772s] -- Installing: /home/lehighur/ros2_ws/src/install/vision_msgs/lib/python3.8/site-packages/vision_msgs/msg/_bounding_box3_d_array_s.c
[31.772s] -- Installing: /home/lehighur/ros2_ws/src/install/vision_msgs/lib/python3.8/site-packages/vision_msgs/msg/_bounding_box2_d.py
[31.772s] -- Installing: /home/lehighur/ros2_ws/src/install/vision_msgs/lib/python3.8/site-packages/vision_msgs/msg/_label_info_s.c
[31.773s] -- Installing: /home/lehighur/ros2_ws/src/install/vision_msgs/lib/python3.8/site-packages/vision_msgs/msg/_pose2_d.py
[31.773s] -- Installing: /home/lehighur/ros2_ws/src/install/vision_msgs/lib/python3.8/site-packages/vision_msgs/msg/_classification.py
[31.773s] -- Installing: /home/lehighur/ros2_ws/src/install/vision_msgs/lib/python3.8/site-packages/vision_msgs/msg/_bounding_box2_d_array_s.c
[31.773s] -- Installing: /home/lehighur/ros2_ws/src/install/vision_msgs/lib/python3.8/site-packages/vision_msgs/msg/_object_hypothesis_with_pose.py
[31.773s] -- Installing: /home/lehighur/ros2_ws/src/install/vision_msgs/lib/python3.8/site-packages/vision_msgs/vision_msgs_s__rosidl_typesupport_fastrtps_c.cpython-38-aarch64-linux-gnu.so
[31.774s] -- Set runtime path of "/home/lehighur/ros2_ws/src/install/vision_msgs/lib/python3.8/site-packages/vision_msgs/vision_msgs_s__rosidl_typesupport_fastrtps_c.cpython-38-aarch64-linux-gnu.so" to ""
[31.774s] -- Installing: /home/lehighur/ros2_ws/src/install/vision_msgs/lib/python3.8/site-packages/vision_msgs/vision_msgs_s__rosidl_typesupport_introspection_c.cpython-38-aarch64-linux-gnu.so
[31.775s] -- Set runtime path of "/home/lehighur/ros2_ws/src/install/vision_msgs/lib/python3.8/site-packages/vision_msgs/vision_msgs_s__rosidl_typesupport_introspection_c.cpython-38-aarch64-linux-gnu.so" to ""
[31.776s] -- Installing: /home/lehighur/ros2_ws/src/install/vision_msgs/lib/python3.8/site-packages/vision_msgs/vision_msgs_s__rosidl_typesupport_c.cpython-38-aarch64-linux-gnu.so
[31.777s] -- Set runtime path of "/home/lehighur/ros2_ws/src/install/vision_msgs/lib/python3.8/site-packages/vision_msgs/vision_msgs_s__rosidl_typesupport_c.cpython-38-aarch64-linux-gnu.so" to ""
[31.777s] -- Installing: /home/lehighur/ros2_ws/src/install/vision_msgs/lib/libvision_msgs__python.so
[31.778s] -- Set runtime path of "/home/lehighur/ros2_ws/src/install/vision_msgs/lib/libvision_msgs__python.so" to ""
[31.778s] -- Installing: /home/lehighur/ros2_ws/src/install/vision_msgs/share/vision_msgs/msg/BoundingBox2D.idl
[31.779s] -- Installing: /home/lehighur/ros2_ws/src/install/vision_msgs/share/vision_msgs/msg/BoundingBox2DArray.idl
[31.779s] -- Installing: /home/lehighur/ros2_ws/src/install/vision_msgs/share/vision_msgs/msg/BoundingBox3D.idl
[31.779s] -- Installing: /home/lehighur/ros2_ws/src/install/vision_msgs/share/vision_msgs/msg/BoundingBox3DArray.idl
[31.780s] -- Installing: /home/lehighur/ros2_ws/src/install/vision_msgs/share/vision_msgs/msg/Classification.idl
[31.780s] -- Installing: /home/lehighur/ros2_ws/src/install/vision_msgs/share/vision_msgs/msg/Detection2DArray.idl
[31.780s] -- Installing: /home/lehighur/ros2_ws/src/install/vision_msgs/share/vision_msgs/msg/Detection2D.idl
[31.781s] -- Installing: /home/lehighur/ros2_ws/src/install/vision_msgs/share/vision_msgs/msg/Detection3DArray.idl
[31.781s] -- Installing: /home/lehighur/ros2_ws/src/install/vision_msgs/share/vision_msgs/msg/Detection3D.idl
[31.781s] -- Installing: /home/lehighur/ros2_ws/src/install/vision_msgs/share/vision_msgs/msg/LabelInfo.idl
[31.781s] -- Installing: /home/lehighur/ros2_ws/src/install/vision_msgs/share/vision_msgs/msg/ObjectHypothesis.idl
[31.782s] -- Installing: /home/lehighur/ros2_ws/src/install/vision_msgs/share/vision_msgs/msg/ObjectHypothesisWithPose.idl
[31.782s] -- Installing: /home/lehighur/ros2_ws/src/install/vision_msgs/share/vision_msgs/msg/VisionClass.idl
[31.782s] -- Installing: /home/lehighur/ros2_ws/src/install/vision_msgs/share/vision_msgs/msg/Point2D.idl
[31.783s] -- Installing: /home/lehighur/ros2_ws/src/install/vision_msgs/share/vision_msgs/msg/Pose2D.idl
[31.783s] -- Installing: /home/lehighur/ros2_ws/src/install/vision_msgs/share/vision_msgs/msg/VisionInfo.idl
[31.783s] -- Installing: /home/lehighur/ros2_ws/src/install/vision_msgs/share/vision_msgs/msg/BoundingBox2D.msg
[31.784s] -- Installing: /home/lehighur/ros2_ws/src/install/vision_msgs/share/vision_msgs/msg/BoundingBox2DArray.msg
[31.784s] -- Installing: /home/lehighur/ros2_ws/src/install/vision_msgs/share/vision_msgs/msg/BoundingBox3D.msg
[31.784s] -- Installing: /home/lehighur/ros2_ws/src/install/vision_msgs/share/vision_msgs/msg/BoundingBox3DArray.msg
[31.785s] -- Installing: /home/lehighur/ros2_ws/src/install/vision_msgs/share/vision_msgs/msg/Classification.msg
[31.785s] -- Installing: /home/lehighur/ros2_ws/src/install/vision_msgs/share/vision_msgs/msg/Detection2DArray.msg
[31.785s] -- Installing: /home/lehighur/ros2_ws/src/install/vision_msgs/share/vision_msgs/msg/Detection2D.msg
[31.786s] -- Installing: /home/lehighur/ros2_ws/src/install/vision_msgs/share/vision_msgs/msg/Detection3DArray.msg
[31.786s] -- Installing: /home/lehighur/ros2_ws/src/install/vision_msgs/share/vision_msgs/msg/Detection3D.msg
[31.786s] -- Installing: /home/lehighur/ros2_ws/src/install/vision_msgs/share/vision_msgs/msg/LabelInfo.msg
[31.787s] -- Installing: /home/lehighur/ros2_ws/src/install/vision_msgs/share/vision_msgs/msg/ObjectHypothesis.msg
[31.787s] -- Installing: /home/lehighur/ros2_ws/src/install/vision_msgs/share/vision_msgs/msg/ObjectHypothesisWithPose.msg
[31.787s] -- Installing: /home/lehighur/ros2_ws/src/install/vision_msgs/share/vision_msgs/msg/VisionClass.msg
[31.787s] -- Installing: /home/lehighur/ros2_ws/src/install/vision_msgs/share/vision_msgs/msg/Point2D.msg
[31.788s] -- Installing: /home/lehighur/ros2_ws/src/install/vision_msgs/share/vision_msgs/msg/Pose2D.msg
[31.788s] -- Installing: /home/lehighur/ros2_ws/src/install/vision_msgs/share/vision_msgs/msg/VisionInfo.msg
[31.789s] -- Up-to-date: /home/lehighur/ros2_ws/src/install/vision_msgs/include/vision_msgs
[31.789s] -- Installing: /home/lehighur/ros2_ws/src/install/vision_msgs/include/vision_msgs/create_aabb.hpp
[31.789s] -- Installing: /home/lehighur/ros2_ws/src/install/vision_msgs/share/ament_index/resource_index/package_run_dependencies/vision_msgs
[31.789s] -- Installing: /home/lehighur/ros2_ws/src/install/vision_msgs/share/ament_index/resource_index/parent_prefix_path/vision_msgs
[31.790s] -- Installing: /home/lehighur/ros2_ws/src/install/vision_msgs/share/vision_msgs/environment/ament_prefix_path.sh
[31.790s] -- Installing: /home/lehighur/ros2_ws/src/install/vision_msgs/share/vision_msgs/environment/ament_prefix_path.dsv
[31.791s] -- Installing: /home/lehighur/ros2_ws/src/install/vision_msgs/share/vision_msgs/environment/path.sh
[31.791s] -- Installing: /home/lehighur/ros2_ws/src/install/vision_msgs/share/vision_msgs/environment/path.dsv
[31.792s] -- Installing: /home/lehighur/ros2_ws/src/install/vision_msgs/share/vision_msgs/local_setup.bash
[31.792s] -- Installing: /home/lehighur/ros2_ws/src/install/vision_msgs/share/vision_msgs/local_setup.sh
[31.792s] -- Installing: /home/lehighur/ros2_ws/src/install/vision_msgs/share/vision_msgs/local_setup.zsh
[31.793s] -- Installing: /home/lehighur/ros2_ws/src/install/vision_msgs/share/vision_msgs/local_setup.dsv
[31.793s] -- Installing: /home/lehighur/ros2_ws/src/install/vision_msgs/share/vision_msgs/package.dsv
[31.793s] -- Installing: /home/lehighur/ros2_ws/src/install/vision_msgs/share/ament_index/resource_index/packages/vision_msgs
[31.794s] -- Installing: /home/lehighur/ros2_ws/src/install/vision_msgs/share/vision_msgs/cmake/vision_msgs__rosidl_generator_cExport.cmake
[31.794s] -- Installing: /home/lehighur/ros2_ws/src/install/vision_msgs/share/vision_msgs/cmake/vision_msgs__rosidl_generator_cExport-noconfig.cmake
[31.795s] -- Installing: /home/lehighur/ros2_ws/src/install/vision_msgs/share/vision_msgs/cmake/vision_msgs__rosidl_typesupport_introspection_cExport.cmake
[31.795s] -- Installing: /home/lehighur/ros2_ws/src/install/vision_msgs/share/vision_msgs/cmake/vision_msgs__rosidl_typesupport_introspection_cExport-noconfig.cmake
[31.795s] -- Installing: /home/lehighur/ros2_ws/src/install/vision_msgs/share/vision_msgs/cmake/vision_msgs__rosidl_typesupport_cExport.cmake
[31.796s] -- Installing: /home/lehighur/ros2_ws/src/install/vision_msgs/share/vision_msgs/cmake/vision_msgs__rosidl_typesupport_cExport-noconfig.cmake
[31.796s] -- Installing: /home/lehighur/ros2_ws/src/install/vision_msgs/share/vision_msgs/cmake/vision_msgs__rosidl_generator_cppExport.cmake
[31.797s] -- Installing: /home/lehighur/ros2_ws/src/install/vision_msgs/share/vision_msgs/cmake/vision_msgs__rosidl_typesupport_introspection_cppExport.cmake
[31.797s] -- Installing: /home/lehighur/ros2_ws/src/install/vision_msgs/share/vision_msgs/cmake/vision_msgs__rosidl_typesupport_introspection_cppExport-noconfig.cmake
[31.797s] -- Installing: /home/lehighur/ros2_ws/src/install/vision_msgs/share/vision_msgs/cmake/vision_msgs__rosidl_typesupport_cppExport.cmake
[31.798s] -- Installing: /home/lehighur/ros2_ws/src/install/vision_msgs/share/vision_msgs/cmake/vision_msgs__rosidl_typesupport_cppExport-noconfig.cmake
[31.798s] -- Installing: /home/lehighur/ros2_ws/src/install/vision_msgs/share/vision_msgs/cmake/rosidl_cmake-extras.cmake
[31.798s] -- Installing: /home/lehighur/ros2_ws/src/install/vision_msgs/share/vision_msgs/cmake/ament_cmake_export_dependencies-extras.cmake
[31.798s] -- Installing: /home/lehighur/ros2_ws/src/install/vision_msgs/share/vision_msgs/cmake/ament_cmake_export_libraries-extras.cmake
[31.799s] -- Installing: /home/lehighur/ros2_ws/src/install/vision_msgs/share/vision_msgs/cmake/ament_cmake_export_targets-extras.cmake
[31.799s] -- Installing: /home/lehighur/ros2_ws/src/install/vision_msgs/share/vision_msgs/cmake/ament_cmake_export_include_directories-extras.cmake
[31.800s] -- Installing: /home/lehighur/ros2_ws/src/install/vision_msgs/share/vision_msgs/cmake/rosidl_cmake_export_typesupport_libraries-extras.cmake
[31.800s] -- Installing: /home/lehighur/ros2_ws/src/install/vision_msgs/share/vision_msgs/cmake/rosidl_cmake_export_typesupport_targets-extras.cmake
[31.800s] -- Installing: /home/lehighur/ros2_ws/src/install/vision_msgs/share/vision_msgs/cmake/vision_msgsConfig.cmake
[31.801s] -- Installing: /home/lehighur/ros2_ws/src/install/vision_msgs/share/vision_msgs/cmake/vision_msgsConfig-version.cmake
[31.801s] -- Installing: /home/lehighur/ros2_ws/src/install/vision_msgs/share/vision_msgs/package.xml
[31.815s] Invoked command in '/home/lehighur/ros2_ws/src/build/vision_msgs' returned '0': CMAKE_PREFIX_PATH=/opt/ros/foxy _tide_pad= /usr/bin/cmake --install /home/lehighur/ros2_ws/src/build/vision_msgs
