[0.056s] Invoking command in '/home/lehighur/ros2_ws/src/build/usb_cam': CMAKE_PREFIX_PATH=/opt/ros/foxy _tide_pad= /usr/bin/cmake /home/lehighur/ros2_ws/src/usb_cam -DCMAKE_INSTALL_PREFIX=/home/lehighur/ros2_ws/src/install/usb_cam
[0.271s] -- The C compiler identification is GNU 10.3.0
[0.449s] -- The CXX compiler identification is GNU 10.3.0
[0.477s] -- Check for working C compiler: /usr/bin/cc
[0.659s] -- Check for working C compiler: /usr/bin/cc -- works
[0.670s] -- Detecting C compiler ABI info
[0.854s] -- Detecting C compiler ABI info - done
[0.885s] -- Detecting C compile features
[0.886s] -- Detecting C compile features - done
[0.894s] -- Check for working CXX compiler: /usr/bin/c++
[1.080s] -- Check for working CXX compiler: /usr/bin/c++ -- works
[1.082s] -- Detecting CXX compiler ABI info
[1.284s] -- Detecting CXX compiler ABI info - done
[1.320s] -- Detecting CXX compile features
[1.321s] -- Detecting CXX compile features - done
[1.332s] -- Found ament_cmake_auto: 0.9.12 (/opt/ros/foxy/share/ament_cmake_auto/cmake)
[1.415s] -- Found PythonInterp: /usr/bin/python3 (found suitable version "3.8.10", minimum required is "3") 
[1.416s] -- Using PYTHON_EXECUTABLE: /usr/bin/python3
[2.189s] -- Using all available rosidl_typesupport_c: rosidl_typesupport_fastrtps_c;rosidl_typesupport_introspection_c
[2.201s] -- Found rosidl_adapter: 1.3.1 (/opt/ros/foxy/share/rosidl_adapter/cmake)
[2.395s] -- Found OpenSSL: /usr/lib/aarch64-linux-gnu/libcrypto.so (found version "1.1.1f")  
[2.456s] -- Found FastRTPS: /opt/ros/foxy/include  
[2.613s] -- Using all available rosidl_typesupport_cpp: rosidl_typesupport_fastrtps_cpp;rosidl_typesupport_introspection_cpp
[3.093s] -- Found rmw_implementation_cmake: 1.0.4 (/opt/ros/foxy/share/rmw_implementation_cmake/cmake)
[3.098s] -- Using RMW implementation 'rmw_fastrtps_cpp' as default
[3.101s] -- Looking for pthread.h
[3.298s] -- Looking for pthread.h - found
[3.298s] -- Performing Test CMAKE_HAVE_LIBC_PTHREAD
[3.479s] -- Performing Test CMAKE_HAVE_LIBC_PTHREAD - Failed
[3.480s] -- Looking for pthread_create in pthreads
[3.649s] -- Looking for pthread_create in pthreads - not found
[3.649s] -- Looking for pthread_create in pthread
[3.820s] -- Looking for pthread_create in pthread - found
[3.822s] -- Found Threads: TRUE  
[4.355s] -- Setting yaml-cpp_DIR to: '/opt/ros/foxy/share/yaml_cpp_vendor/cmake/../../../opt/yaml_cpp_vendor/lib/cmake/yaml-cpp'
[4.619s] -- Found OpenCV: /usr (found version "4.5.4") 
[4.628s] -- Found PkgConfig: /usr/bin/pkg-config (found version "0.29.1") 
[4.631s] -- Checking for module 'libavcodec'
[4.671s] --   Found libavcodec, version 58.54.100
[4.777s] -- Checking for module 'libavutil'
[4.814s] --   Found libavutil, version 56.31.100
[4.915s] -- Checking for module 'libswscale'
[4.961s] --   Found libswscale, version 5.5.100
[5.184s] -- Found ament_lint_auto: 0.9.8 (/opt/ros/foxy/share/ament_lint_auto/cmake)
[5.218s] -- Found gtest sources under '/opt/ros/foxy/src/gtest_vendor': C++ tests using 'Google Test' will be built
[5.229s] -- Check if compiler accepts -pthread
[5.412s] -- Check if compiler accepts -pthread - yes
[5.439s] -- Added test 'copyright' to check source files copyright and LICENSE
[5.443s] -- Added test 'cppcheck' to perform static code analysis on C / C++ code
[5.443s] -- Configured cppcheck include dirs: /home/lehighur/ros2_ws/src/usb_cam/include
[5.444s] -- Configured cppcheck exclude dirs and/or files: 
[5.448s] -- Added test 'cpplint' to check C / C++ code against the Google style
[5.448s] -- Configured cpplint exclude dirs and/or files: 
[5.449s] -- Added test 'flake8' to check Python code syntax and style conventions
[5.451s] -- Added test 'lint_cmake' to check CMake code style
[5.452s] -- Added test 'pep257' to check Python code against some of the style conventions in PEP 257
[5.457s] -- Added test 'uncrustify' to check C / C++ code style
[5.457s] -- Configured uncrustify additional arguments: 
[5.458s] -- Added test 'xmllint' to check XML markup files
[5.473s] -- Configuring done
[5.591s] -- Generating done
[5.597s] -- Build files have been written to: /home/lehighur/ros2_ws/src/build/usb_cam
[5.646s] Invoked command in '/home/lehighur/ros2_ws/src/build/usb_cam' returned '0': CMAKE_PREFIX_PATH=/opt/ros/foxy _tide_pad= /usr/bin/cmake /home/lehighur/ros2_ws/src/usb_cam -DCMAKE_INSTALL_PREFIX=/home/lehighur/ros2_ws/src/install/usb_cam
[5.653s] Invoking command in '/home/lehighur/ros2_ws/src/build/usb_cam': CMAKE_PREFIX_PATH=/opt/ros/foxy _tide_pad= /usr/bin/cmake --build /home/lehighur/ros2_ws/src/build/usb_cam -- -j12 -l12
[5.766s] [35m[1mScanning dependencies of target gtest_main[0m
[5.767s] [35m[1mScanning dependencies of target usb_cam_node_exe[0m
[5.767s] [35m[1mScanning dependencies of target gtest[0m
[5.777s] [35m[1mScanning dependencies of target usb_cam[0m
[5.815s] [  7%] [32mBuilding CXX object gtest/CMakeFiles/gtest_main.dir/src/gtest_main.cc.o[0m
[5.819s] [ 14%] [32mBuilding CXX object gtest/CMakeFiles/gtest.dir/src/gtest-all.cc.o[0m
[5.859s] [ 21%] [32mBuilding CXX object CMakeFiles/usb_cam.dir/src/usb_cam.cpp.o[0m
[5.994s] [ 28%] [32mBuilding CXX object CMakeFiles/usb_cam_node_exe.dir/rclcpp_components/node_main_usb_cam_node_exe.cpp.o[0m
[7.721s] [ 35%] [32m[1mLinking CXX static library libgtest_main.a[0m
[7.837s] [ 35%] Built target gtest_main
[10.368s] [ 42%] [32m[1mLinking CXX shared library libusb_cam.so[0m
[10.829s] [ 42%] Built target usb_cam
[10.866s] [35m[1mScanning dependencies of target usb_cam_node[0m
[11.008s] [ 50%] [32mBuilding CXX object CMakeFiles/usb_cam_node.dir/src/usb_cam_node.cpp.o[0m
[13.718s] [ 57%] [32m[1mLinking CXX executable usb_cam_node_exe[0m
[14.665s] [ 57%] Built target usb_cam_node_exe
[15.203s] [ 64%] [32m[1mLinking CXX static library libgtest.a[0m
[15.540s] [ 64%] Built target gtest
[15.645s] [35m[1mScanning dependencies of target test_usb_cam_utils[0m
[15.646s] [35m[1mScanning dependencies of target test_pixel_formats[0m
[15.740s] [ 71%] [32mBuilding CXX object CMakeFiles/test_usb_cam_utils.dir/test/test_usb_cam_utils.cpp.o[0m
[15.788s] [ 78%] [32mBuilding CXX object CMakeFiles/test_pixel_formats.dir/test/test_pixel_formats.cpp.o[0m
[18.759s] [ 85%] [32m[1mLinking CXX executable test_usb_cam_utils[0m
[18.791s] [ 92%] [32m[1mLinking CXX executable test_pixel_formats[0m
[19.172s] [ 92%] Built target test_usb_cam_utils
[19.235s] [ 92%] Built target test_pixel_formats
[24.213s] [100%] [32m[1mLinking CXX shared library libusb_cam_node.so[0m
[24.898s] [100%] Built target usb_cam_node
[24.937s] Invoked command in '/home/lehighur/ros2_ws/src/build/usb_cam' returned '0': CMAKE_PREFIX_PATH=/opt/ros/foxy _tide_pad= /usr/bin/cmake --build /home/lehighur/ros2_ws/src/build/usb_cam -- -j12 -l12
[25.057s] Invoking command in '/home/lehighur/ros2_ws/src/build/usb_cam': CMAKE_PREFIX_PATH=/opt/ros/foxy _tide_pad= /usr/bin/cmake --install /home/lehighur/ros2_ws/src/build/usb_cam
[25.084s] -- Install configuration: ""
[25.084s] -- Installing: /home/lehighur/ros2_ws/src/install/usb_cam/share/usb_cam/environment/library_path.sh
[25.085s] -- Installing: /home/lehighur/ros2_ws/src/install/usb_cam/share/usb_cam/environment/library_path.dsv
[25.085s] -- Installing: /home/lehighur/ros2_ws/src/install/usb_cam/lib/usb_cam/usb_cam_node_exe
[25.086s] -- Set runtime path of "/home/lehighur/ros2_ws/src/install/usb_cam/lib/usb_cam/usb_cam_node_exe" to ""
[25.086s] -- Installing: /home/lehighur/ros2_ws/src/install/usb_cam/lib/usb_cam/show_image.py
[25.087s] -- Installing: /home/lehighur/ros2_ws/src/install/usb_cam/lib/libusb_cam.so
[25.088s] -- Installing: /home/lehighur/ros2_ws/src/install/usb_cam/lib/libusb_cam_node.so
[25.092s] -- Set runtime path of "/home/lehighur/ros2_ws/src/install/usb_cam/lib/libusb_cam_node.so" to ""
[25.092s] -- Installing: /home/lehighur/ros2_ws/src/install/usb_cam/include
[25.092s] -- Installing: /home/lehighur/ros2_ws/src/install/usb_cam/include/usb_cam
[25.093s] -- Installing: /home/lehighur/ros2_ws/src/install/usb_cam/include/usb_cam/constants.hpp
[25.093s] -- Installing: /home/lehighur/ros2_ws/src/install/usb_cam/include/usb_cam/usb_cam.hpp
[25.093s] -- Installing: /home/lehighur/ros2_ws/src/install/usb_cam/include/usb_cam/conversions.hpp
[25.093s] -- Installing: /home/lehighur/ros2_ws/src/install/usb_cam/include/usb_cam/formats
[25.093s] -- Installing: /home/lehighur/ros2_ws/src/install/usb_cam/include/usb_cam/formats/pixel_format_base.hpp
[25.094s] -- Installing: /home/lehighur/ros2_ws/src/install/usb_cam/include/usb_cam/formats/mono.hpp
[25.094s] -- Installing: /home/lehighur/ros2_ws/src/install/usb_cam/include/usb_cam/formats/uyvy.hpp
[25.094s] -- Installing: /home/lehighur/ros2_ws/src/install/usb_cam/include/usb_cam/formats/utils.hpp
[25.094s] -- Installing: /home/lehighur/ros2_ws/src/install/usb_cam/include/usb_cam/formats/mjpeg.hpp
[25.095s] -- Installing: /home/lehighur/ros2_ws/src/install/usb_cam/include/usb_cam/formats/rgb.hpp
[25.095s] -- Installing: /home/lehighur/ros2_ws/src/install/usb_cam/include/usb_cam/formats/yuyv.hpp
[25.095s] -- Installing: /home/lehighur/ros2_ws/src/install/usb_cam/include/usb_cam/formats/m420.hpp
[25.095s] -- Installing: /home/lehighur/ros2_ws/src/install/usb_cam/include/usb_cam/utils.hpp
[25.095s] -- Installing: /home/lehighur/ros2_ws/src/install/usb_cam/include/usb_cam/usb_cam_node.hpp
[25.096s] -- Up-to-date: /home/lehighur/ros2_ws/src/install/usb_cam/lib/libusb_cam_node.so
[25.096s] -- Installing: /home/lehighur/ros2_ws/src/install/usb_cam/share/usb_cam/launch
[25.097s] -- Installing: /home/lehighur/ros2_ws/src/install/usb_cam/share/usb_cam/launch/camera_config.py
[25.097s] -- Installing: /home/lehighur/ros2_ws/src/install/usb_cam/share/usb_cam/launch/__init__.py
[25.097s] -- Installing: /home/lehighur/ros2_ws/src/install/usb_cam/share/usb_cam/launch/camera.launch.py
[25.097s] -- Installing: /home/lehighur/ros2_ws/src/install/usb_cam/share/usb_cam/config
[25.097s] -- Installing: /home/lehighur/ros2_ws/src/install/usb_cam/share/usb_cam/config/params_2.yaml
[25.110s] -- Installing: /home/lehighur/ros2_ws/src/install/usb_cam/share/usb_cam/config/params_1.yaml
[25.111s] -- Installing: /home/lehighur/ros2_ws/src/install/usb_cam/share/usb_cam/config/camera_info.yaml
[25.112s] -- Installing: /home/lehighur/ros2_ws/src/install/usb_cam/share/ament_index/resource_index/package_run_dependencies/usb_cam
[25.113s] -- Installing: /home/lehighur/ros2_ws/src/install/usb_cam/share/ament_index/resource_index/parent_prefix_path/usb_cam
[25.113s] -- Installing: /home/lehighur/ros2_ws/src/install/usb_cam/share/usb_cam/environment/ament_prefix_path.sh
[25.114s] -- Installing: /home/lehighur/ros2_ws/src/install/usb_cam/share/usb_cam/environment/ament_prefix_path.dsv
[25.114s] -- Installing: /home/lehighur/ros2_ws/src/install/usb_cam/share/usb_cam/environment/path.sh
[25.114s] -- Installing: /home/lehighur/ros2_ws/src/install/usb_cam/share/usb_cam/environment/path.dsv
[25.115s] -- Installing: /home/lehighur/ros2_ws/src/install/usb_cam/share/usb_cam/local_setup.bash
[25.115s] -- Installing: /home/lehighur/ros2_ws/src/install/usb_cam/share/usb_cam/local_setup.sh
[25.115s] -- Installing: /home/lehighur/ros2_ws/src/install/usb_cam/share/usb_cam/local_setup.zsh
[25.115s] -- Installing: /home/lehighur/ros2_ws/src/install/usb_cam/share/usb_cam/local_setup.dsv
[25.116s] -- Installing: /home/lehighur/ros2_ws/src/install/usb_cam/share/usb_cam/package.dsv
[25.116s] -- Installing: /home/lehighur/ros2_ws/src/install/usb_cam/share/ament_index/resource_index/packages/usb_cam
[25.116s] -- Installing: /home/lehighur/ros2_ws/src/install/usb_cam/share/ament_index/resource_index/rclcpp_components/usb_cam
[25.117s] -- Installing: /home/lehighur/ros2_ws/src/install/usb_cam/share/usb_cam/cmake/ament_cmake_export_libraries-extras.cmake
[25.117s] -- Installing: /home/lehighur/ros2_ws/src/install/usb_cam/share/usb_cam/cmake/ament_cmake_export_dependencies-extras.cmake
[25.117s] -- Installing: /home/lehighur/ros2_ws/src/install/usb_cam/share/usb_cam/cmake/ament_cmake_export_include_directories-extras.cmake
[25.118s] -- Installing: /home/lehighur/ros2_ws/src/install/usb_cam/share/usb_cam/cmake/usb_camConfig.cmake
[25.118s] -- Installing: /home/lehighur/ros2_ws/src/install/usb_cam/share/usb_cam/cmake/usb_camConfig-version.cmake
[25.118s] -- Installing: /home/lehighur/ros2_ws/src/install/usb_cam/share/usb_cam/package.xml
[25.128s] Invoked command in '/home/lehighur/ros2_ws/src/build/usb_cam' returned '0': CMAKE_PREFIX_PATH=/opt/ros/foxy _tide_pad= /usr/bin/cmake --install /home/lehighur/ros2_ws/src/build/usb_cam
