Performing C SOURCE FILE Test CMAKE_HAVE_LIBC_PTHREAD failed with the following output:
Change Dir: /home/lehighur/ros2_ws/src/build/vision_msgs/CMakeFiles/CMakeTmp

Run Build Command(s):/usr/bin/make cmTC_f15aa/fast && /usr/bin/make -f CMakeFiles/cmTC_f15aa.dir/build.make CMakeFiles/cmTC_f15aa.dir/build
make[1]: Entering directory '/home/lehighur/ros2_ws/src/build/vision_msgs/CMakeFiles/CMakeTmp'
Building C object CMakeFiles/cmTC_f15aa.dir/src.c.o
/usr/bin/cc   -DCMAKE_HAVE_LIBC_PTHREAD   -o CMakeFiles/cmTC_f15aa.dir/src.c.o   -c /home/lehighur/ros2_ws/src/build/vision_msgs/CMakeFiles/CMakeTmp/src.c
Linking C executable cmTC_f15aa
/usr/bin/cmake -E cmake_link_script CMakeFiles/cmTC_f15aa.dir/link.txt --verbose=1
/usr/bin/cc  -DCMAKE_HAVE_LIBC_PTHREAD    CMakeFiles/cmTC_f15aa.dir/src.c.o  -o cmTC_f15aa 
/usr/bin/ld: CMakeFiles/cmTC_f15aa.dir/src.c.o: in function `main':
src.c:(.text+0x48): undefined reference to `pthread_create'
/usr/bin/ld: src.c:(.text+0x50): undefined reference to `pthread_detach'
/usr/bin/ld: src.c:(.text+0x5c): undefined reference to `pthread_join'
collect2: error: ld returned 1 exit status
make[1]: *** [CMakeFiles/cmTC_f15aa.dir/build.make:87: cmTC_f15aa] Error 1
make[1]: Leaving directory '/home/lehighur/ros2_ws/src/build/vision_msgs/CMakeFiles/CMakeTmp'
make: *** [Makefile:121: cmTC_f15aa/fast] Error 2


Source file was:
#include <pthread.h>

void* test_func(void* data)
{
  return data;
}

int main(void)
{
  pthread_t thread;
  pthread_create(&thread, NULL, test_func, NULL);
  pthread_detach(thread);
  pthread_join(thread, NULL);
  pthread_atfork(NULL, NULL, NULL);
  pthread_exit(NULL);

  return 0;
}

