[2.470s] Invoking command in '/home/lehighur/ros2_ws/src/yolov8_ros/yolov8_ros': AMENT_PREFIX_PATH=/home/lehighur/ros2_ws/src/install/vision_msgs:${AMENT_PREFIX_PATH} CMAKE_PREFIX_PATH=/home/lehighur/ros2_ws/src/install/vision_msgs LD_LIBRARY_PATH=/home/lehighur/ros2_ws/src/install/vision_msgs/lib:/opt/ros/foxy/opt/yaml_cpp_vendor/lib:/opt/ros/foxy/opt/rviz_ogre_vendor/lib:/opt/ros/foxy/lib/aarch64-linux-gnu:/opt/ros/foxy/lib:/usr/local/cuda-11.4/lib64 PYTHONPATH=/home/lehighur/ros2_ws/src/build/yolov8_ros/prefix_override:/home/lehighur/ros2_ws/src/install/yolov8_ros/lib/python3.8/site-packages:/home/lehighur/ros2_ws/src/install/vision_msgs/lib/python3.8/site-packages:${PYTHONPATH} _tide_pad= /usr/bin/python3 setup.py egg_info --egg-base ../../build/yolov8_ros build --build-base /home/lehighur/ros2_ws/src/build/yolov8_ros/build install --record /home/lehighur/ros2_ws/src/build/yolov8_ros/install.log --single-version-externally-managed
[3.016s] running egg_info
[3.018s] creating ../../build/yolov8_ros/yolov8_ros.egg-info
[3.018s] writing ../../build/yolov8_ros/yolov8_ros.egg-info/PKG-INFO
[3.019s] writing dependency_links to ../../build/yolov8_ros/yolov8_ros.egg-info/dependency_links.txt
[3.019s] writing entry points to ../../build/yolov8_ros/yolov8_ros.egg-info/entry_points.txt
[3.019s] writing requirements to ../../build/yolov8_ros/yolov8_ros.egg-info/requires.txt
[3.019s] writing top-level names to ../../build/yolov8_ros/yolov8_ros.egg-info/top_level.txt
[3.036s] writing manifest file '../../build/yolov8_ros/yolov8_ros.egg-info/SOURCES.txt'
[3.112s] reading manifest file '../../build/yolov8_ros/yolov8_ros.egg-info/SOURCES.txt'
[3.114s] writing manifest file '../../build/yolov8_ros/yolov8_ros.egg-info/SOURCES.txt'
[3.116s] running build
[3.116s] running build_py
[3.117s] creating /home/lehighur/ros2_ws/src/build/yolov8_ros/build
[3.117s] creating /home/lehighur/ros2_ws/src/build/yolov8_ros/build/lib
[3.119s] creating /home/lehighur/ros2_ws/src/build/yolov8_ros/build/lib/yolov8_ros
[3.119s] copying yolov8_ros/__init__.py -> /home/lehighur/ros2_ws/src/build/yolov8_ros/build/lib/yolov8_ros
[3.120s] copying yolov8_ros/yolov8_node.py -> /home/lehighur/ros2_ws/src/build/yolov8_ros/build/lib/yolov8_ros
[3.121s] running install
[3.124s] running install_lib
[3.127s] creating /home/lehighur/ros2_ws/src/install/yolov8_ros/lib/python3.8/site-packages/yolov8_ros
[3.128s] copying /home/lehighur/ros2_ws/src/build/yolov8_ros/build/lib/yolov8_ros/__init__.py -> /home/lehighur/ros2_ws/src/install/yolov8_ros/lib/python3.8/site-packages/yolov8_ros
[3.128s] copying /home/lehighur/ros2_ws/src/build/yolov8_ros/build/lib/yolov8_ros/yolov8_node.py -> /home/lehighur/ros2_ws/src/install/yolov8_ros/lib/python3.8/site-packages/yolov8_ros
[3.129s] byte-compiling /home/lehighur/ros2_ws/src/install/yolov8_ros/lib/python3.8/site-packages/yolov8_ros/__init__.py to __init__.cpython-38.pyc
[3.132s] byte-compiling /home/lehighur/ros2_ws/src/install/yolov8_ros/lib/python3.8/site-packages/yolov8_ros/yolov8_node.py to yolov8_node.cpython-38.pyc
[3.135s] running install_data
[3.137s] creating /home/lehighur/ros2_ws/src/install/yolov8_ros/share/ament_index
[3.137s] creating /home/lehighur/ros2_ws/src/install/yolov8_ros/share/ament_index/resource_index
[3.138s] creating /home/lehighur/ros2_ws/src/install/yolov8_ros/share/ament_index/resource_index/packages
[3.138s] copying resource/yolov8_ros -> /home/lehighur/ros2_ws/src/install/yolov8_ros/share/ament_index/resource_index/packages
[3.138s] copying package.xml -> /home/lehighur/ros2_ws/src/install/yolov8_ros/share/yolov8_ros
[3.138s] running install_egg_info
[3.143s] Copying ../../build/yolov8_ros/yolov8_ros.egg-info to /home/lehighur/ros2_ws/src/install/yolov8_ros/lib/python3.8/site-packages/yolov8_ros-0.0.0-py3.8.egg-info
[3.145s] running install_scripts
[3.195s] Installing yolov8_node script to /home/lehighur/ros2_ws/src/install/yolov8_ros/lib/yolov8_ros
[3.196s] writing list of installed files to '/home/lehighur/ros2_ws/src/build/yolov8_ros/install.log'
[3.356s] Invoked command in '/home/lehighur/ros2_ws/src/yolov8_ros/yolov8_ros' returned '0': AMENT_PREFIX_PATH=/home/lehighur/ros2_ws/src/install/vision_msgs:${AMENT_PREFIX_PATH} CMAKE_PREFIX_PATH=/home/lehighur/ros2_ws/src/install/vision_msgs LD_LIBRARY_PATH=/home/lehighur/ros2_ws/src/install/vision_msgs/lib:/opt/ros/foxy/opt/yaml_cpp_vendor/lib:/opt/ros/foxy/opt/rviz_ogre_vendor/lib:/opt/ros/foxy/lib/aarch64-linux-gnu:/opt/ros/foxy/lib:/usr/local/cuda-11.4/lib64 PYTHONPATH=/home/lehighur/ros2_ws/src/build/yolov8_ros/prefix_override:/home/lehighur/ros2_ws/src/install/yolov8_ros/lib/python3.8/site-packages:/home/lehighur/ros2_ws/src/install/vision_msgs/lib/python3.8/site-packages:${PYTHONPATH} _tide_pad= /usr/bin/python3 setup.py egg_info --egg-base ../../build/yolov8_ros build --build-base /home/lehighur/ros2_ws/src/build/yolov8_ros/build install --record /home/lehighur/ros2_ws/src/build/yolov8_ros/install.log --single-version-externally-managed
