[0.033s] Invoking command in '/home/lehighur/ros2_ws/src/build/yolov8_bringup': AMENT_PREFIX_PATH=/home/lehighur/ros2_ws/src/install/yolov8_ros:/home/lehighur/ros2_ws/src/install/vision_msgs:${AMENT_PREFIX_PATH} CMAKE_PREFIX_PATH=/home/lehighur/ros2_ws/src/install/vision_msgs:/opt/ros/foxy LD_LIBRARY_PATH=/home/lehighur/ros2_ws/src/install/vision_msgs/lib:/opt/ros/foxy/opt/yaml_cpp_vendor/lib:/opt/ros/foxy/opt/rviz_ogre_vendor/lib:/opt/ros/foxy/lib/aarch64-linux-gnu:/opt/ros/foxy/lib:/usr/local/cuda-11.4/lib64 PYTHONPATH=/home/lehighur/ros2_ws/src/install/yolov8_ros/lib/python3.8/site-packages:/home/lehighur/ros2_ws/src/install/vision_msgs/lib/python3.8/site-packages:${PYTHONPATH} _tide_pad= /usr/bin/cmake /home/lehighur/ros2_ws/src/yolov8_ros/yolov8_bringup -DCMAKE_INSTALL_PREFIX=/home/lehighur/ros2_ws/src/install/yolov8_bringup
[0.174s] -- The C compiler identification is GNU 10.3.0
[0.309s] -- The CXX compiler identification is GNU 10.3.0
[0.318s] -- Check for working C compiler: /usr/bin/cc
[0.505s] -- Check for working C compiler: /usr/bin/cc -- works
[0.506s] -- Detecting C compiler ABI info
[0.695s] -- Detecting C compiler ABI info - done
[0.719s] -- Detecting C compile features
[0.720s] -- Detecting C compile features - done
[0.726s] -- Check for working CXX compiler: /usr/bin/c++
[0.947s] -- Check for working CXX compiler: /usr/bin/c++ -- works
[0.949s] -- Detecting CXX compiler ABI info
[1.144s] -- Detecting CXX compiler ABI info - done
[1.178s] -- Detecting CXX compile features
[1.178s] -- Detecting CXX compile features - done
[1.184s] -- Found ament_cmake: 0.9.12 (/opt/ros/foxy/share/ament_cmake/cmake)
[1.242s] -- Found PythonInterp: /usr/bin/python3 (found suitable version "3.8.10", minimum required is "3") 
[1.242s] -- Using PYTHON_EXECUTABLE: /usr/bin/python3
[1.899s] -- Configuring done
[1.904s] -- Generating done
[1.907s] -- Build files have been written to: /home/lehighur/ros2_ws/src/build/yolov8_bringup
[1.923s] Invoked command in '/home/lehighur/ros2_ws/src/build/yolov8_bringup' returned '0': AMENT_PREFIX_PATH=/home/lehighur/ros2_ws/src/install/yolov8_ros:/home/lehighur/ros2_ws/src/install/vision_msgs:${AMENT_PREFIX_PATH} CMAKE_PREFIX_PATH=/home/lehighur/ros2_ws/src/install/vision_msgs:/opt/ros/foxy LD_LIBRARY_PATH=/home/lehighur/ros2_ws/src/install/vision_msgs/lib:/opt/ros/foxy/opt/yaml_cpp_vendor/lib:/opt/ros/foxy/opt/rviz_ogre_vendor/lib:/opt/ros/foxy/lib/aarch64-linux-gnu:/opt/ros/foxy/lib:/usr/local/cuda-11.4/lib64 PYTHONPATH=/home/lehighur/ros2_ws/src/install/yolov8_ros/lib/python3.8/site-packages:/home/lehighur/ros2_ws/src/install/vision_msgs/lib/python3.8/site-packages:${PYTHONPATH} _tide_pad= /usr/bin/cmake /home/lehighur/ros2_ws/src/yolov8_ros/yolov8_bringup -DCMAKE_INSTALL_PREFIX=/home/lehighur/ros2_ws/src/install/yolov8_bringup
[1.931s] Invoking command in '/home/lehighur/ros2_ws/src/build/yolov8_bringup': AMENT_PREFIX_PATH=/home/lehighur/ros2_ws/src/install/yolov8_ros:/home/lehighur/ros2_ws/src/install/vision_msgs:${AMENT_PREFIX_PATH} CMAKE_PREFIX_PATH=/home/lehighur/ros2_ws/src/install/vision_msgs:/opt/ros/foxy LD_LIBRARY_PATH=/home/lehighur/ros2_ws/src/install/vision_msgs/lib:/opt/ros/foxy/opt/yaml_cpp_vendor/lib:/opt/ros/foxy/opt/rviz_ogre_vendor/lib:/opt/ros/foxy/lib/aarch64-linux-gnu:/opt/ros/foxy/lib:/usr/local/cuda-11.4/lib64 PYTHONPATH=/home/lehighur/ros2_ws/src/install/yolov8_ros/lib/python3.8/site-packages:/home/lehighur/ros2_ws/src/install/vision_msgs/lib/python3.8/site-packages:${PYTHONPATH} _tide_pad= /usr/bin/cmake --build /home/lehighur/ros2_ws/src/build/yolov8_bringup -- -j12 -l12
[2.050s] Invoked command in '/home/lehighur/ros2_ws/src/build/yolov8_bringup' returned '0': AMENT_PREFIX_PATH=/home/lehighur/ros2_ws/src/install/yolov8_ros:/home/lehighur/ros2_ws/src/install/vision_msgs:${AMENT_PREFIX_PATH} CMAKE_PREFIX_PATH=/home/lehighur/ros2_ws/src/install/vision_msgs:/opt/ros/foxy LD_LIBRARY_PATH=/home/lehighur/ros2_ws/src/install/vision_msgs/lib:/opt/ros/foxy/opt/yaml_cpp_vendor/lib:/opt/ros/foxy/opt/rviz_ogre_vendor/lib:/opt/ros/foxy/lib/aarch64-linux-gnu:/opt/ros/foxy/lib:/usr/local/cuda-11.4/lib64 PYTHONPATH=/home/lehighur/ros2_ws/src/install/yolov8_ros/lib/python3.8/site-packages:/home/lehighur/ros2_ws/src/install/vision_msgs/lib/python3.8/site-packages:${PYTHONPATH} _tide_pad= /usr/bin/cmake --build /home/lehighur/ros2_ws/src/build/yolov8_bringup -- -j12 -l12
[2.122s] Invoking command in '/home/lehighur/ros2_ws/src/build/yolov8_bringup': AMENT_PREFIX_PATH=/home/lehighur/ros2_ws/src/install/yolov8_ros:/home/lehighur/ros2_ws/src/install/vision_msgs:${AMENT_PREFIX_PATH} CMAKE_PREFIX_PATH=/home/lehighur/ros2_ws/src/install/vision_msgs:/opt/ros/foxy LD_LIBRARY_PATH=/home/lehighur/ros2_ws/src/install/vision_msgs/lib:/opt/ros/foxy/opt/yaml_cpp_vendor/lib:/opt/ros/foxy/opt/rviz_ogre_vendor/lib:/opt/ros/foxy/lib/aarch64-linux-gnu:/opt/ros/foxy/lib:/usr/local/cuda-11.4/lib64 PYTHONPATH=/home/lehighur/ros2_ws/src/install/yolov8_ros/lib/python3.8/site-packages:/home/lehighur/ros2_ws/src/install/vision_msgs/lib/python3.8/site-packages:${PYTHONPATH} _tide_pad= /usr/bin/cmake --install /home/lehighur/ros2_ws/src/build/yolov8_bringup
[2.150s] -- Install configuration: ""
[2.150s] -- Installing: /home/lehighur/ros2_ws/src/install/yolov8_bringup/share/yolov8_bringup//launch
[2.151s] -- Installing: /home/lehighur/ros2_ws/src/install/yolov8_bringup/share/yolov8_bringup//launch/yolov8.launch.py
[2.151s] -- Installing: /home/lehighur/ros2_ws/src/install/yolov8_bringup/share/yolov8_bringup//launch/__pycache__
[2.151s] -- Installing: /home/lehighur/ros2_ws/src/install/yolov8_bringup/share/yolov8_bringup//launch/__pycache__/yolov8.launch.cpython-38.pyc
[2.164s] -- Installing: /home/lehighur/ros2_ws/src/install/yolov8_bringup/share/ament_index/resource_index/package_run_dependencies/yolov8_bringup
[2.164s] -- Installing: /home/lehighur/ros2_ws/src/install/yolov8_bringup/share/ament_index/resource_index/parent_prefix_path/yolov8_bringup
[2.165s] -- Installing: /home/lehighur/ros2_ws/src/install/yolov8_bringup/share/yolov8_bringup/environment/ament_prefix_path.sh
[2.165s] -- Installing: /home/lehighur/ros2_ws/src/install/yolov8_bringup/share/yolov8_bringup/environment/ament_prefix_path.dsv
[2.165s] -- Installing: /home/lehighur/ros2_ws/src/install/yolov8_bringup/share/yolov8_bringup/environment/path.sh
[2.166s] -- Installing: /home/lehighur/ros2_ws/src/install/yolov8_bringup/share/yolov8_bringup/environment/path.dsv
[2.166s] -- Installing: /home/lehighur/ros2_ws/src/install/yolov8_bringup/share/yolov8_bringup/local_setup.bash
[2.166s] -- Installing: /home/lehighur/ros2_ws/src/install/yolov8_bringup/share/yolov8_bringup/local_setup.sh
[2.166s] -- Installing: /home/lehighur/ros2_ws/src/install/yolov8_bringup/share/yolov8_bringup/local_setup.zsh
[2.167s] -- Installing: /home/lehighur/ros2_ws/src/install/yolov8_bringup/share/yolov8_bringup/local_setup.dsv
[2.167s] -- Installing: /home/lehighur/ros2_ws/src/install/yolov8_bringup/share/yolov8_bringup/package.dsv
[2.167s] -- Installing: /home/lehighur/ros2_ws/src/install/yolov8_bringup/share/ament_index/resource_index/packages/yolov8_bringup
[2.167s] -- Installing: /home/lehighur/ros2_ws/src/install/yolov8_bringup/share/yolov8_bringup/cmake/yolov8_bringupConfig.cmake
[2.168s] -- Installing: /home/lehighur/ros2_ws/src/install/yolov8_bringup/share/yolov8_bringup/cmake/yolov8_bringupConfig-version.cmake
[2.168s] -- Installing: /home/lehighur/ros2_ws/src/install/yolov8_bringup/share/yolov8_bringup/package.xml
[2.187s] Invoked command in '/home/lehighur/ros2_ws/src/build/yolov8_bringup' returned '0': AMENT_PREFIX_PATH=/home/lehighur/ros2_ws/src/install/yolov8_ros:/home/lehighur/ros2_ws/src/install/vision_msgs:${AMENT_PREFIX_PATH} CMAKE_PREFIX_PATH=/home/lehighur/ros2_ws/src/install/vision_msgs:/opt/ros/foxy LD_LIBRARY_PATH=/home/lehighur/ros2_ws/src/install/vision_msgs/lib:/opt/ros/foxy/opt/yaml_cpp_vendor/lib:/opt/ros/foxy/opt/rviz_ogre_vendor/lib:/opt/ros/foxy/lib/aarch64-linux-gnu:/opt/ros/foxy/lib:/usr/local/cuda-11.4/lib64 PYTHONPATH=/home/lehighur/ros2_ws/src/install/yolov8_ros/lib/python3.8/site-packages:/home/lehighur/ros2_ws/src/install/vision_msgs/lib/python3.8/site-packages:${PYTHONPATH} _tide_pad= /usr/bin/cmake --install /home/lehighur/ros2_ws/src/build/yolov8_bringup
